#
# A fatal error has been detected by the Java Runtime Environment:
#
#  EXCEPTION_ACCESS_VIOLATION (0xc0000005) at pc=0x0000028412c47270, pid=8384, tid=6176
#
# JRE version: OpenJDK Runtime Environment (11.0.12+7) (build 11.0.12+7-b1504.28-7817840)
# Java VM: OpenJDK 64-Bit Server VM (11.0.12+7-b1504.28-7817840, mixed mode, tiered, compressed oops, g1 gc, windows-amd64)
# Problematic frame:
# C  0x0000028412c47270
#
# No core dump will be written. Minidumps are not enabled by default on client versions of Windows
#
# If you would like to submit a bug report, please visit:
#   https://bugreport.java.com/bugreport/crash.jsp
#

---------------  S U M M A R Y ------------

Command Line: org.jetbrains.kotlin.cli.jvm.K2JVMCompiler @C:\Trabajo\mianetMobile\app\build\20220510_6428416185183810695.compiler.options

Host: Intel(R) Core(TM) i7-6700HQ CPU @ 2.60GHz, 8 cores, 15G,  Windows 10 , 64 bit Build 19041 (10.0.19041.1202)
Time: Tue May 10 18:27:24 2022 Hora de verano romance elapsed time: 6.686392 seconds (0d 0h 0m 6s)

---------------  T H R E A D  ---------------

Current thread (0x000002846d7e0000):  JavaThread "main" [_thread_in_Java, id=6176, stack(0x000000e7b2300000,0x000000e7b2400000)]

Stack: [0x000000e7b2300000,0x000000e7b2400000],  sp=0x000000e7b23f9cc8,  free space=999k
Native frames: (J=compiled Java code, j=interpreted, Vv=VM code, C=native code)
C  0x0000028412c47270


siginfo: EXCEPTION_ACCESS_VIOLATION (0xc0000005), data execution prevention violation at address 0x0000028412c47270


Register to memory mapping:

RIP=0x0000028412c47270 points into unknown readable memory: 0x000000070b4f9d48 | 48 9d 4f 0b 07 00 00 00
RAX=0x00000008003d10c0 is a pointer to class: 
org.jetbrains.kotlin.com.intellij.util.containers.hash.EqualityPolicy {0x00000008003d10c8}
RBX=0x0000028415fa1b10 is pointing into metadata
RCX={method} {0x00000284114489c8} 'getHashCode' '(Ljava/lang/Object;)I' in 'org/jetbrains/kotlin/com/intellij/util/containers/hash/EqualityPolicy'
RDX=0x0000028411498998 is pointing into metadata
RSP=0x000000e7b23f9cc8 is pointing into the stack for thread: 0x000002846d7e0000
RBP=0x000000e7b23f9d28 is pointing into the stack for thread: 0x000002846d7e0000
RSI=0x000000070b4556f8 is an oop: org.jetbrains.kotlin.com.intellij.util.containers.SLRUMap$1 
{0x000000070b4556f8} - klass: 'org/jetbrains/kotlin/com/intellij/util/containers/SLRUMap$1'
RDI=0x0000000714605ca8 is an oop: org.jetbrains.kotlin.asJava.classes.FacadeCacheKey 
{0x0000000714605ca8} - klass: 'org/jetbrains/kotlin/asJava/classes/FacadeCacheKey'
R8 =0x0000000714605ca8 is an oop: org.jetbrains.kotlin.asJava.classes.FacadeCacheKey 
{0x0000000714605ca8} - klass: 'org/jetbrains/kotlin/asJava/classes/FacadeCacheKey'
R9 =0x00000000000000de is an unknown value
R10=0x00007ffc70a89bd0 jvm.dll
R11=0x0000028400e17ce0 is at entry_point+32 in (nmethod*)0x0000028400e17a90
R12=0x0 is NULL
R13=0x000000e7b23f9cd0 is pointing into the stack for thread: 0x000002846d7e0000
R14=0x00000008006eed08 is a pointer to class: 
org.jetbrains.kotlin.com.intellij.util.containers.hash.EqualityPolicy$2 {0x00000008006eed10}
R15=0x000002846d7e0000 is a thread


Registers:
RAX=0x00000008003d10c0, RBX=0x0000028415fa1b10, RCX=0x00000284114489c0, RDX=0x0000028411498998
RSP=0x000000e7b23f9cc8, RBP=0x000000e7b23f9d28, RSI=0x000000070b4556f8, RDI=0x0000000714605ca8
R8 =0x0000000714605ca8, R9 =0x00000000000000de, R10=0x00007ffc70a89bd0, R11=0x0000028400e17ce0
R12=0x0000000000000000, R13=0x000000e7b23f9cd0, R14=0x00000008006eed08, R15=0x000002846d7e0000
RIP=0x0000028412c47270, EFLAGS=0x0000000000010297

Top of Stack: (sp=0x000000e7b23f9cc8)
0x000000e7b23f9cc8:   0000028400009f85 0000000714605ca8
0x000000e7b23f9cd8:   000000070b455650 000000e7b23f9ce0
0x000000e7b23f9ce8:   000002841145632a 000000e7b23f9d40
0x000000e7b23f9cf8:   00000284114572f0 0000028411498998
0x000000e7b23f9d08:   0000000702639ac8 0000028411456358
0x000000e7b23f9d18:   000000e7b23f9cd0 000000e7b23f9d38
0x000000e7b23f9d28:   000000e7b23f9d90 0000028400009f40
0x000000e7b23f9d38:   000000070b455650 0000000714605ca8
0x000000e7b23f9d48:   000000e7b23f9d48 0000028411452492
0x000000e7b23f9d58:   000000e7b23f9dd0 0000028411454e50
0x000000e7b23f9d68:   0000028414b404a8 0000000702639458
0x000000e7b23f9d78:   0000028411452550 000000e7b23f9d38
0x000000e7b23f9d88:   000000e7b23f9de0 000000e7b23f9ed8
0x000000e7b23f9d98:   0000028400e17ddc 0000000000000000
0x000000e7b23f9da8:   0000000000000000 0000000000000000
0x000000e7b23f9db8:   0000000000000000 000000070b455730 

Instructions: (pc=0x0000028412c47270)
0x0000028412c47170:   65 74 62 72 61 69 6e 73 2f 6b 6f 74 6c 69 6e 2f
0x0000028412c47180:   63 6f 6d 2f 69 6e 74 65 6c 6c 69 6a 2f 70 73 69
0x0000028412c47190:   2f 50 73 69 45 6c 65 6d 65 6e 74 3b 29 4c 6f 72
0x0000028412c471a0:   67 2f 6a 65 74 62 72 61 69 6e 73 2f 6b 6f 74 6c
0x0000028412c471b0:   69 6e 2f 63 6f 6d 2f 69 6e 74 65 6c 6c 69 6a 2f
0x0000028412c471c0:   70 73 69 2f 50 73 69 45 6c 65 6d 65 6e 74 3b 00
0x0000028412c471d0:   99 4f 00 00 00 00 00 00 69 a5 07 8e 00 1e 00 90
0x0000028412c471e0:   38 90 4f 0b 07 00 00 00 20 91 4f 0b 07 00 00 00
0x0000028412c471f0:   18 92 4f 0b 07 00 00 00 d0 93 4f 0b 07 00 00 00
0x0000028412c47200:   28 94 4f 0b 07 00 00 00 48 94 4f 0b 07 00 00 00
0x0000028412c47210:   f8 95 4f 0b 07 00 00 00 68 96 4f 0b 07 00 00 00
0x0000028412c47220:   d8 96 4f 0b 07 00 00 00 18 97 4f 0b 07 00 00 00
0x0000028412c47230:   88 97 4f 0b 07 00 00 00 f8 97 4f 0b 07 00 00 00
0x0000028412c47240:   68 98 4f 0b 07 00 00 00 d8 98 4f 0b 07 00 00 00
0x0000028412c47250:   08 99 4f 0b 07 00 00 00 20 99 4f 0b 07 00 00 00
0x0000028412c47260:   90 99 4f 0b 07 00 00 00 d0 9c 4f 0b 07 00 00 00
0x0000028412c47270:   48 9d 4f 0b 07 00 00 00 60 9d 4f 0b 07 00 00 00
0x0000028412c47280:   d0 9d 4f 0b 07 00 00 00 e8 9d 4f 0b 07 00 00 00
0x0000028412c47290:   58 9e 4f 0b 07 00 00 00 78 9e 4f 0b 07 00 00 00
0x0000028412c472a0:   f0 9e 4f 0b 07 00 00 00 08 9f 4f 0b 07 00 00 00
0x0000028412c472b0:   f8 21 40 0b 07 00 00 00 78 9f 4f 0b 07 00 00 00
0x0000028412c472c0:   90 9f 4f 0b 07 00 00 00 00 a0 4f 0b 07 00 00 00
0x0000028412c472d0:   78 a0 4f 0b 07 00 00 00 e8 a0 4f 0b 07 00 00 00
0x0000028412c472e0:   20 00 00 00 2f 50 73 69 60 76 c4 12 84 02 00 00
0x0000028412c472f0:   00 c8 a6 70 fc 7f 00 00 5b a5 11 8e 00 1f 00 80
0x0000028412c47300:   4d 65 74 68 6f 64 20 6f 72 67 2f 6a 65 74 62 72
0x0000028412c47310:   61 69 6e 73 2f 6b 6f 74 6c 69 6e 2f 63 6f 6d 2f
0x0000028412c47320:   69 6e 74 65 6c 6c 69 6a 2f 70 73 69 2f 50 73 69
0x0000028412c47330:   43 6f 6d 70 69 6c 65 64 46 69 6c 65 2e 61 64 64
0x0000028412c47340:   52 61 6e 67 65 41 66 74 65 72 28 4c 6f 72 67 2f
0x0000028412c47350:   6a 65 74 62 72 61 69 6e 73 2f 6b 6f 74 6c 69 6e
0x0000028412c47360:   2f 63 6f 6d 2f 69 6e 74 65 6c 6c 69 6a 2f 70 73 


Stack slot to memory mapping:
stack at sp + 0 slots: 0x0000028400009f85 is at code_begin+901 in an Interpreter codelet
invoke return entry points  [0x0000028400009c00, 0x000002840000a600]  2560 bytes
stack at sp + 1 slots: 0x0000000714605ca8 is an oop: org.jetbrains.kotlin.asJava.classes.FacadeCacheKey 
{0x0000000714605ca8} - klass: 'org/jetbrains/kotlin/asJava/classes/FacadeCacheKey'
stack at sp + 2 slots: 0x000000070b455650 is an oop: org.jetbrains.kotlin.com.intellij.util.containers.hash.EqualityPolicy$2 
{0x000000070b455650} - klass: 'org/jetbrains/kotlin/com/intellij/util/containers/hash/EqualityPolicy$2'
stack at sp + 3 slots: 0x000000e7b23f9ce0 is pointing into the stack for thread: 0x000002846d7e0000
stack at sp + 4 slots: 0x000002841145632a is pointing into metadata
stack at sp + 5 slots: 0x000000e7b23f9d40 is pointing into the stack for thread: 0x000002846d7e0000
stack at sp + 6 slots: 0x00000284114572f0 is pointing into metadata
stack at sp + 7 slots: 0x0000028411498998 is pointing into metadata


---------------  P R O C E S S  ---------------

Threads class SMR info:
_java_thread_list=0x000002840f1da7e0, length=12, elements={
0x000002846d7e0000, 0x000002847d91f000, 0x000002847d928800, 0x000002847e1d4800,
0x000002847e1d6800, 0x000002847e1d7800, 0x000002847e1db800, 0x000002847e1dc800,
0x000002847e1de000, 0x000002847e39f000, 0x000002847e3cb000, 0x000002847e39d800
}

Java Threads: ( => current thread )
=>0x000002846d7e0000 JavaThread "main" [_thread_in_Java, id=6176, stack(0x000000e7b2300000,0x000000e7b2400000)]
  0x000002847d91f000 JavaThread "Reference Handler" daemon [_thread_blocked, id=20904, stack(0x000000e7b2a00000,0x000000e7b2b00000)]
  0x000002847d928800 JavaThread "Finalizer" daemon [_thread_blocked, id=13000, stack(0x000000e7b2b00000,0x000000e7b2c00000)]
  0x000002847e1d4800 JavaThread "Signal Dispatcher" daemon [_thread_blocked, id=6932, stack(0x000000e7b2c00000,0x000000e7b2d00000)]
  0x000002847e1d6800 JavaThread "Attach Listener" daemon [_thread_blocked, id=21432, stack(0x000000e7b2d00000,0x000000e7b2e00000)]
  0x000002847e1d7800 JavaThread "Service Thread" daemon [_thread_blocked, id=19480, stack(0x000000e7b2e00000,0x000000e7b2f00000)]
  0x000002847e1db800 JavaThread "C2 CompilerThread0" daemon [_thread_blocked, id=18520, stack(0x000000e7b2f00000,0x000000e7b3000000)]
  0x000002847e1dc800 JavaThread "C1 CompilerThread0" daemon [_thread_blocked, id=18324, stack(0x000000e7b3000000,0x000000e7b3100000)]
  0x000002847e1de000 JavaThread "Sweeper thread" daemon [_thread_blocked, id=15012, stack(0x000000e7b3100000,0x000000e7b3200000)]
  0x000002847e39f000 JavaThread "Common-Cleaner" daemon [_thread_blocked, id=1564, stack(0x000000e7b3300000,0x000000e7b3400000)]
  0x000002847e3cb000 JavaThread "C2 CompilerThread1" daemon [_thread_blocked, id=20816, stack(0x000000e7b3400000,0x000000e7b3500000)]
  0x000002847e39d800 JavaThread "C2 CompilerThread2" daemon [_thread_in_native, id=19880, stack(0x000000e7b3500000,0x000000e7b3600000)]

Other Threads:
  0x000002847d90d800 VMThread "VM Thread" [stack: 0x000000e7b2900000,0x000000e7b2a00000] [id=17224]
  0x000002847e385800 WatcherThread [stack: 0x000000e7b3200000,0x000000e7b3300000] [id=4428]
  0x000002846d7f7800 GCTaskThread "GC Thread#0" [stack: 0x000000e7b2400000,0x000000e7b2500000] [id=1980]
  0x000002847eb0a800 GCTaskThread "GC Thread#1" [stack: 0x000000e7b3600000,0x000000e7b3700000] [id=5352]
  0x000002847eb0b800 GCTaskThread "GC Thread#2" [stack: 0x000000e7b3700000,0x000000e7b3800000] [id=21424]
  0x000002847ea8e800 GCTaskThread "GC Thread#3" [stack: 0x000000e7b3800000,0x000000e7b3900000] [id=1272]
  0x000002847ea8f000 GCTaskThread "GC Thread#4" [stack: 0x000000e7b3900000,0x000000e7b3a00000] [id=21032]
  0x000002847eb3d800 GCTaskThread "GC Thread#5" [stack: 0x000000e7b3a00000,0x000000e7b3b00000] [id=19776]
  0x000002840fc2a800 GCTaskThread "GC Thread#6" [stack: 0x000000e7b3f00000,0x000000e7b4000000] [id=16428]
  0x000002846d854000 ConcurrentGCThread "G1 Main Marker" [stack: 0x000000e7b2500000,0x000000e7b2600000] [id=21212]
  0x000002846d857800 ConcurrentGCThread "G1 Conc#0" [stack: 0x000000e7b2600000,0x000000e7b2700000] [id=19180]
  0x000002840f040800 ConcurrentGCThread "G1 Conc#1" [stack: 0x000000e7b3b00000,0x000000e7b3c00000] [id=21332]
  0x000002846d8bd000 ConcurrentGCThread "G1 Refine#0" [stack: 0x000000e7b2700000,0x000000e7b2800000] [id=13736]
  0x000002840f1b4000 ConcurrentGCThread "G1 Refine#1" [stack: 0x000000e7b3c00000,0x000000e7b3d00000] [id=18292]
  0x000002840f190800 ConcurrentGCThread "G1 Refine#2" [stack: 0x000000e7b3d00000,0x000000e7b3e00000] [id=16640]
  0x000002840f192800 ConcurrentGCThread "G1 Refine#3" [stack: 0x000000e7b3e00000,0x000000e7b3f00000] [id=21388]
  0x000002846d8be800 ConcurrentGCThread "G1 Young RemSet Sampling" [stack: 0x000000e7b2800000,0x000000e7b2900000] [id=18116]

Threads with active compile tasks:
C2 CompilerThread2   6718 6858 %     4       org.jetbrains.kotlin.cli.jvm.index.JvmDependenciesIndexImpl::search @ 178 (379 bytes)

VM state:not at safepoint (normal execution)

VM Mutex/Monitor currently owned by a thread: None

Heap address: 0x0000000701600000, size: 4074 MB, Compressed Oops mode: Zero based, Oop shift amount: 3
Narrow klass base: 0x0000000800000000, Narrow klass shift: 0
Compressed class space size: 1073741824 Address: 0x0000000800000000

Heap:
 garbage-first heap   total 315392K, used 52019K [0x0000000701600000, 0x0000000800000000)
  region size 1024K, 20 young (20480K), 16 survivors (16384K)
 Metaspace       used 59878K, capacity 60655K, committed 60856K, reserved 1103872K
  class space    used 6977K, capacity 7305K, committed 7360K, reserved 1048576K
Heap Regions: E=young(eden), S=young(survivor), O=old, HS=humongous(starts), HC=humongous(continues), CS=collection set, F=free, A=archive, TAMS=top-at-mark-start (previous, next)
|   0|0x0000000701600000, 0x0000000701700000, 0x0000000701700000|100%|HS|  |TAMS 0x0000000701700000, 0x0000000701600000| Complete 
|   1|0x0000000701700000, 0x0000000701800000, 0x0000000701800000|100%|HC|  |TAMS 0x0000000701800000, 0x0000000701700000| Complete 
|   2|0x0000000701800000, 0x0000000701900000, 0x0000000701900000|100%|HC|  |TAMS 0x0000000701900000, 0x0000000701800000| Complete 
|   3|0x0000000701900000, 0x0000000701a00000, 0x0000000701a00000|100%|HS|  |TAMS 0x0000000701a00000, 0x0000000701900000| Complete 
|   4|0x0000000701a00000, 0x0000000701b00000, 0x0000000701b00000|100%|HC|  |TAMS 0x0000000701b00000, 0x0000000701a00000| Complete 
|   5|0x0000000701b00000, 0x0000000701c00000, 0x0000000701c00000|100%|HC|  |TAMS 0x0000000701c00000, 0x0000000701b00000| Complete 
|   6|0x0000000701c00000, 0x0000000701d00000, 0x0000000701d00000|100%| O|  |TAMS 0x0000000701d00000, 0x0000000701c00000| Untracked 
|   7|0x0000000701d00000, 0x0000000701e00000, 0x0000000701e00000|100%| O|  |TAMS 0x0000000701e00000, 0x0000000701d00000| Untracked 
|   8|0x0000000701e00000, 0x0000000701f00000, 0x0000000701f00000|100%| O|  |TAMS 0x0000000701f00000, 0x0000000701e00000| Untracked 
|   9|0x0000000701f00000, 0x0000000702000000, 0x0000000702000000|100%| O|  |TAMS 0x0000000702000000, 0x0000000701f00000| Untracked 
|  10|0x0000000702000000, 0x0000000702100000, 0x0000000702100000|100%| O|  |TAMS 0x0000000702100000, 0x0000000702000000| Untracked 
|  11|0x0000000702100000, 0x0000000702200000, 0x0000000702200000|100%| O|  |TAMS 0x0000000702200000, 0x0000000702100000| Untracked 
|  12|0x0000000702200000, 0x0000000702300000, 0x0000000702300000|100%| O|  |TAMS 0x0000000702300000, 0x0000000702200000| Untracked 
|  13|0x0000000702300000, 0x0000000702400000, 0x0000000702400000|100%| O|  |TAMS 0x0000000702400000, 0x0000000702300000| Untracked 
|  14|0x0000000702400000, 0x0000000702500000, 0x0000000702500000|100%| O|  |TAMS 0x0000000702500000, 0x0000000702400000| Untracked 
|  15|0x0000000702500000, 0x0000000702600000, 0x0000000702600000|100%| O|  |TAMS 0x0000000702600000, 0x0000000702500000| Untracked 
|  16|0x0000000702600000, 0x0000000702700000, 0x0000000702700000|100%| O|  |TAMS 0x0000000702700000, 0x0000000702600000| Untracked 
|  17|0x0000000702700000, 0x0000000702800000, 0x0000000702800000|100%| O|  |TAMS 0x0000000702800000, 0x0000000702700000| Untracked 
|  18|0x0000000702800000, 0x0000000702900000, 0x0000000702900000|100%| O|  |TAMS 0x0000000702900000, 0x0000000702800000| Untracked 
|  19|0x0000000702900000, 0x0000000702a00000, 0x0000000702a00000|100%| O|  |TAMS 0x0000000702a00000, 0x0000000702900000| Untracked 
|  20|0x0000000702a00000, 0x0000000702b00000, 0x0000000702b00000|100%| O|  |TAMS 0x0000000702b00000, 0x0000000702a00000| Untracked 
|  21|0x0000000702b00000, 0x0000000702c00000, 0x0000000702c00000|100%|HS|  |TAMS 0x0000000702c00000, 0x0000000702b00000| Complete 
|  22|0x0000000702c00000, 0x0000000702d00000, 0x0000000702d00000|100%|HC|  |TAMS 0x0000000702d00000, 0x0000000702c00000| Complete 
|  23|0x0000000702d00000, 0x0000000702e00000, 0x0000000702e00000|100%| O|  |TAMS 0x0000000702e00000, 0x0000000702d00000| Untracked 
|  24|0x0000000702e00000, 0x0000000702f00000, 0x0000000702f00000|100%| O|  |TAMS 0x0000000702f00000, 0x0000000702e00000| Untracked 
|  25|0x0000000702f00000, 0x0000000703000000, 0x0000000703000000|100%| O|  |TAMS 0x0000000703000000, 0x0000000702f00000| Untracked 
|  26|0x0000000703000000, 0x0000000703100000, 0x0000000703100000|100%| O|  |TAMS 0x0000000703100000, 0x0000000703000000| Untracked 
|  27|0x0000000703100000, 0x0000000703200000, 0x0000000703200000|100%| O|  |TAMS 0x0000000703200000, 0x0000000703100000| Untracked 
|  28|0x0000000703200000, 0x0000000703300000, 0x0000000703300000|100%| O|  |TAMS 0x0000000703300000, 0x0000000703200000| Untracked 
|  29|0x0000000703300000, 0x0000000703400000, 0x0000000703400000|100%| O|  |TAMS 0x0000000703400000, 0x0000000703300000| Untracked 
|  30|0x0000000703400000, 0x0000000703500000, 0x0000000703500000|100%| O|  |TAMS 0x0000000703500000, 0x0000000703400000| Untracked 
|  31|0x0000000703500000, 0x0000000703600000, 0x0000000703600000|100%| O|  |TAMS 0x0000000703600000, 0x0000000703500000| Untracked 
|  32|0x0000000703600000, 0x000000070361c000, 0x0000000703700000| 10%| O|  |TAMS 0x000000070361c000, 0x0000000703600000| Untracked 
|  33|0x0000000703700000, 0x0000000703700000, 0x0000000703800000|  0%| F|  |TAMS 0x0000000703700000, 0x0000000703700000| Untracked 
|  34|0x0000000703800000, 0x0000000703800000, 0x0000000703900000|  0%| F|  |TAMS 0x0000000703800000, 0x0000000703800000| Untracked 
|  35|0x0000000703900000, 0x0000000703900000, 0x0000000703a00000|  0%| F|  |TAMS 0x0000000703900000, 0x0000000703900000| Untracked 
|  36|0x0000000703a00000, 0x0000000703a00000, 0x0000000703b00000|  0%| F|  |TAMS 0x0000000703a00000, 0x0000000703a00000| Untracked 
|  37|0x0000000703b00000, 0x0000000703b00000, 0x0000000703c00000|  0%| F|  |TAMS 0x0000000703b00000, 0x0000000703b00000| Untracked 
|  38|0x0000000703c00000, 0x0000000703c00000, 0x0000000703d00000|  0%| F|  |TAMS 0x0000000703c00000, 0x0000000703c00000| Untracked 
|  39|0x0000000703d00000, 0x0000000703d00000, 0x0000000703e00000|  0%| F|  |TAMS 0x0000000703d00000, 0x0000000703d00000| Untracked 
|  40|0x0000000703e00000, 0x0000000703e00000, 0x0000000703f00000|  0%| F|  |TAMS 0x0000000703e00000, 0x0000000703e00000| Untracked 
|  41|0x0000000703f00000, 0x0000000703f00000, 0x0000000704000000|  0%| F|  |TAMS 0x0000000703f00000, 0x0000000703f00000| Untracked 
|  42|0x0000000704000000, 0x0000000704000000, 0x0000000704100000|  0%| F|  |TAMS 0x0000000704000000, 0x0000000704000000| Untracked 
|  43|0x0000000704100000, 0x0000000704100000, 0x0000000704200000|  0%| F|  |TAMS 0x0000000704100000, 0x0000000704100000| Untracked 
|  44|0x0000000704200000, 0x0000000704200000, 0x0000000704300000|  0%| F|  |TAMS 0x0000000704200000, 0x0000000704200000| Untracked 
|  45|0x0000000704300000, 0x0000000704300000, 0x0000000704400000|  0%| F|  |TAMS 0x0000000704300000, 0x0000000704300000| Untracked 
|  46|0x0000000704400000, 0x0000000704400000, 0x0000000704500000|  0%| F|  |TAMS 0x0000000704400000, 0x0000000704400000| Untracked 
|  47|0x0000000704500000, 0x0000000704500000, 0x0000000704600000|  0%| F|  |TAMS 0x0000000704500000, 0x0000000704500000| Untracked 
|  48|0x0000000704600000, 0x0000000704600000, 0x0000000704700000|  0%| F|  |TAMS 0x0000000704600000, 0x0000000704600000| Untracked 
|  49|0x0000000704700000, 0x0000000704700000, 0x0000000704800000|  0%| F|  |TAMS 0x0000000704700000, 0x0000000704700000| Untracked 
|  50|0x0000000704800000, 0x0000000704800000, 0x0000000704900000|  0%| F|  |TAMS 0x0000000704800000, 0x0000000704800000| Untracked 
|  51|0x0000000704900000, 0x0000000704900000, 0x0000000704a00000|  0%| F|  |TAMS 0x0000000704900000, 0x0000000704900000| Untracked 
|  52|0x0000000704a00000, 0x0000000704a00000, 0x0000000704b00000|  0%| F|  |TAMS 0x0000000704a00000, 0x0000000704a00000| Untracked 
|  53|0x0000000704b00000, 0x0000000704b00000, 0x0000000704c00000|  0%| F|  |TAMS 0x0000000704b00000, 0x0000000704b00000| Untracked 
|  54|0x0000000704c00000, 0x0000000704c00000, 0x0000000704d00000|  0%| F|  |TAMS 0x0000000704c00000, 0x0000000704c00000| Untracked 
|  55|0x0000000704d00000, 0x0000000704d00000, 0x0000000704e00000|  0%| F|  |TAMS 0x0000000704d00000, 0x0000000704d00000| Untracked 
|  56|0x0000000704e00000, 0x0000000704e00000, 0x0000000704f00000|  0%| F|  |TAMS 0x0000000704e00000, 0x0000000704e00000| Untracked 
|  57|0x0000000704f00000, 0x0000000704f00000, 0x0000000705000000|  0%| F|  |TAMS 0x0000000704f00000, 0x0000000704f00000| Untracked 
|  58|0x0000000705000000, 0x0000000705000000, 0x0000000705100000|  0%| F|  |TAMS 0x0000000705000000, 0x0000000705000000| Untracked 
|  59|0x0000000705100000, 0x0000000705100000, 0x0000000705200000|  0%| F|  |TAMS 0x0000000705100000, 0x0000000705100000| Untracked 
|  60|0x0000000705200000, 0x0000000705200000, 0x0000000705300000|  0%| F|  |TAMS 0x0000000705200000, 0x0000000705200000| Untracked 
|  61|0x0000000705300000, 0x0000000705300000, 0x0000000705400000|  0%| F|  |TAMS 0x0000000705300000, 0x0000000705300000| Untracked 
|  62|0x0000000705400000, 0x0000000705400000, 0x0000000705500000|  0%| F|  |TAMS 0x0000000705400000, 0x0000000705400000| Untracked 
|  63|0x0000000705500000, 0x0000000705500000, 0x0000000705600000|  0%| F|  |TAMS 0x0000000705500000, 0x0000000705500000| Untracked 
|  64|0x0000000705600000, 0x0000000705600000, 0x0000000705700000|  0%| F|  |TAMS 0x0000000705600000, 0x0000000705600000| Untracked 
|  65|0x0000000705700000, 0x0000000705700000, 0x0000000705800000|  0%| F|  |TAMS 0x0000000705700000, 0x0000000705700000| Untracked 
|  66|0x0000000705800000, 0x0000000705800000, 0x0000000705900000|  0%| F|  |TAMS 0x0000000705800000, 0x0000000705800000| Untracked 
|  67|0x0000000705900000, 0x0000000705900000, 0x0000000705a00000|  0%| F|  |TAMS 0x0000000705900000, 0x0000000705900000| Untracked 
|  68|0x0000000705a00000, 0x0000000705a00000, 0x0000000705b00000|  0%| F|  |TAMS 0x0000000705a00000, 0x0000000705a00000| Untracked 
|  69|0x0000000705b00000, 0x0000000705b00000, 0x0000000705c00000|  0%| F|  |TAMS 0x0000000705b00000, 0x0000000705b00000| Untracked 
|  70|0x0000000705c00000, 0x0000000705c00000, 0x0000000705d00000|  0%| F|  |TAMS 0x0000000705c00000, 0x0000000705c00000| Untracked 
|  71|0x0000000705d00000, 0x0000000705d00000, 0x0000000705e00000|  0%| F|  |TAMS 0x0000000705d00000, 0x0000000705d00000| Untracked 
|  72|0x0000000705e00000, 0x0000000705e00000, 0x0000000705f00000|  0%| F|  |TAMS 0x0000000705e00000, 0x0000000705e00000| Untracked 
|  73|0x0000000705f00000, 0x0000000705f00000, 0x0000000706000000|  0%| F|  |TAMS 0x0000000705f00000, 0x0000000705f00000| Untracked 
|  74|0x0000000706000000, 0x0000000706000000, 0x0000000706100000|  0%| F|  |TAMS 0x0000000706000000, 0x0000000706000000| Untracked 
|  75|0x0000000706100000, 0x0000000706100000, 0x0000000706200000|  0%| F|  |TAMS 0x0000000706100000, 0x0000000706100000| Untracked 
|  76|0x0000000706200000, 0x0000000706200000, 0x0000000706300000|  0%| F|  |TAMS 0x0000000706200000, 0x0000000706200000| Untracked 
|  77|0x0000000706300000, 0x0000000706300000, 0x0000000706400000|  0%| F|  |TAMS 0x0000000706300000, 0x0000000706300000| Untracked 
|  78|0x0000000706400000, 0x0000000706400000, 0x0000000706500000|  0%| F|  |TAMS 0x0000000706400000, 0x0000000706400000| Untracked 
|  79|0x0000000706500000, 0x0000000706500000, 0x0000000706600000|  0%| F|  |TAMS 0x0000000706500000, 0x0000000706500000| Untracked 
|  80|0x0000000706600000, 0x0000000706600000, 0x0000000706700000|  0%| F|  |TAMS 0x0000000706600000, 0x0000000706600000| Untracked 
|  81|0x0000000706700000, 0x0000000706700000, 0x0000000706800000|  0%| F|  |TAMS 0x0000000706700000, 0x0000000706700000| Untracked 
|  82|0x0000000706800000, 0x0000000706800000, 0x0000000706900000|  0%| F|  |TAMS 0x0000000706800000, 0x0000000706800000| Untracked 
|  83|0x0000000706900000, 0x0000000706900000, 0x0000000706a00000|  0%| F|  |TAMS 0x0000000706900000, 0x0000000706900000| Untracked 
|  84|0x0000000706a00000, 0x0000000706a00000, 0x0000000706b00000|  0%| F|  |TAMS 0x0000000706a00000, 0x0000000706a00000| Untracked 
|  85|0x0000000706b00000, 0x0000000706b00000, 0x0000000706c00000|  0%| F|  |TAMS 0x0000000706b00000, 0x0000000706b00000| Untracked 
|  86|0x0000000706c00000, 0x0000000706c00000, 0x0000000706d00000|  0%| F|  |TAMS 0x0000000706c00000, 0x0000000706c00000| Untracked 
|  87|0x0000000706d00000, 0x0000000706d00000, 0x0000000706e00000|  0%| F|  |TAMS 0x0000000706d00000, 0x0000000706d00000| Untracked 
|  88|0x0000000706e00000, 0x0000000706e00000, 0x0000000706f00000|  0%| F|  |TAMS 0x0000000706e00000, 0x0000000706e00000| Untracked 
|  89|0x0000000706f00000, 0x0000000706f00000, 0x0000000707000000|  0%| F|  |TAMS 0x0000000706f00000, 0x0000000706f00000| Untracked 
|  90|0x0000000707000000, 0x0000000707000000, 0x0000000707100000|  0%| F|  |TAMS 0x0000000707000000, 0x0000000707000000| Untracked 
|  91|0x0000000707100000, 0x0000000707100000, 0x0000000707200000|  0%| F|  |TAMS 0x0000000707100000, 0x0000000707100000| Untracked 
|  92|0x0000000707200000, 0x0000000707200000, 0x0000000707300000|  0%| F|  |TAMS 0x0000000707200000, 0x0000000707200000| Untracked 
|  93|0x0000000707300000, 0x0000000707300000, 0x0000000707400000|  0%| F|  |TAMS 0x0000000707300000, 0x0000000707300000| Untracked 
|  94|0x0000000707400000, 0x0000000707400000, 0x0000000707500000|  0%| F|  |TAMS 0x0000000707400000, 0x0000000707400000| Untracked 
|  95|0x0000000707500000, 0x0000000707500000, 0x0000000707600000|  0%| F|  |TAMS 0x0000000707500000, 0x0000000707500000| Untracked 
|  96|0x0000000707600000, 0x0000000707600000, 0x0000000707700000|  0%| F|  |TAMS 0x0000000707600000, 0x0000000707600000| Untracked 
|  97|0x0000000707700000, 0x0000000707700000, 0x0000000707800000|  0%| F|  |TAMS 0x0000000707700000, 0x0000000707700000| Untracked 
|  98|0x0000000707800000, 0x0000000707800000, 0x0000000707900000|  0%| F|  |TAMS 0x0000000707800000, 0x0000000707800000| Untracked 
|  99|0x0000000707900000, 0x0000000707900000, 0x0000000707a00000|  0%| F|  |TAMS 0x0000000707900000, 0x0000000707900000| Untracked 
| 100|0x0000000707a00000, 0x0000000707a00000, 0x0000000707b00000|  0%| F|  |TAMS 0x0000000707a00000, 0x0000000707a00000| Untracked 
| 101|0x0000000707b00000, 0x0000000707b00000, 0x0000000707c00000|  0%| F|  |TAMS 0x0000000707b00000, 0x0000000707b00000| Untracked 
| 102|0x0000000707c00000, 0x0000000707c00000, 0x0000000707d00000|  0%| F|  |TAMS 0x0000000707c00000, 0x0000000707c00000| Untracked 
| 103|0x0000000707d00000, 0x0000000707d00000, 0x0000000707e00000|  0%| F|  |TAMS 0x0000000707d00000, 0x0000000707d00000| Untracked 
| 104|0x0000000707e00000, 0x0000000707e00000, 0x0000000707f00000|  0%| F|  |TAMS 0x0000000707e00000, 0x0000000707e00000| Untracked 
| 105|0x0000000707f00000, 0x0000000707f00000, 0x0000000708000000|  0%| F|  |TAMS 0x0000000707f00000, 0x0000000707f00000| Untracked 
| 106|0x0000000708000000, 0x0000000708000000, 0x0000000708100000|  0%| F|  |TAMS 0x0000000708000000, 0x0000000708000000| Untracked 
| 107|0x0000000708100000, 0x0000000708100000, 0x0000000708200000|  0%| F|  |TAMS 0x0000000708100000, 0x0000000708100000| Untracked 
| 108|0x0000000708200000, 0x0000000708200000, 0x0000000708300000|  0%| F|  |TAMS 0x0000000708200000, 0x0000000708200000| Untracked 
| 109|0x0000000708300000, 0x0000000708300000, 0x0000000708400000|  0%| F|  |TAMS 0x0000000708300000, 0x0000000708300000| Untracked 
| 110|0x0000000708400000, 0x0000000708400000, 0x0000000708500000|  0%| F|  |TAMS 0x0000000708400000, 0x0000000708400000| Untracked 
| 111|0x0000000708500000, 0x0000000708500000, 0x0000000708600000|  0%| F|  |TAMS 0x0000000708500000, 0x0000000708500000| Untracked 
| 112|0x0000000708600000, 0x0000000708600000, 0x0000000708700000|  0%| F|  |TAMS 0x0000000708600000, 0x0000000708600000| Untracked 
| 113|0x0000000708700000, 0x0000000708700000, 0x0000000708800000|  0%| F|  |TAMS 0x0000000708700000, 0x0000000708700000| Untracked 
| 114|0x0000000708800000, 0x0000000708800000, 0x0000000708900000|  0%| F|  |TAMS 0x0000000708800000, 0x0000000708800000| Untracked 
| 115|0x0000000708900000, 0x0000000708900000, 0x0000000708a00000|  0%| F|  |TAMS 0x0000000708900000, 0x0000000708900000| Untracked 
| 116|0x0000000708a00000, 0x0000000708a00000, 0x0000000708b00000|  0%| F|  |TAMS 0x0000000708a00000, 0x0000000708a00000| Untracked 
| 117|0x0000000708b00000, 0x0000000708b00000, 0x0000000708c00000|  0%| F|  |TAMS 0x0000000708b00000, 0x0000000708b00000| Untracked 
| 118|0x0000000708c00000, 0x0000000708c00000, 0x0000000708d00000|  0%| F|  |TAMS 0x0000000708c00000, 0x0000000708c00000| Untracked 
| 119|0x0000000708d00000, 0x0000000708d00000, 0x0000000708e00000|  0%| F|  |TAMS 0x0000000708d00000, 0x0000000708d00000| Untracked 
| 120|0x0000000708e00000, 0x0000000708e00000, 0x0000000708f00000|  0%| F|  |TAMS 0x0000000708e00000, 0x0000000708e00000| Untracked 
| 121|0x0000000708f00000, 0x0000000708f00000, 0x0000000709000000|  0%| F|  |TAMS 0x0000000708f00000, 0x0000000708f00000| Untracked 
| 122|0x0000000709000000, 0x0000000709000000, 0x0000000709100000|  0%| F|  |TAMS 0x0000000709000000, 0x0000000709000000| Untracked 
| 123|0x0000000709100000, 0x0000000709100000, 0x0000000709200000|  0%| F|  |TAMS 0x0000000709100000, 0x0000000709100000| Untracked 
| 124|0x0000000709200000, 0x0000000709200000, 0x0000000709300000|  0%| F|  |TAMS 0x0000000709200000, 0x0000000709200000| Untracked 
| 125|0x0000000709300000, 0x0000000709300000, 0x0000000709400000|  0%| F|  |TAMS 0x0000000709300000, 0x0000000709300000| Untracked 
| 126|0x0000000709400000, 0x0000000709400000, 0x0000000709500000|  0%| F|  |TAMS 0x0000000709400000, 0x0000000709400000| Untracked 
| 127|0x0000000709500000, 0x0000000709500000, 0x0000000709600000|  0%| F|  |TAMS 0x0000000709500000, 0x0000000709500000| Untracked 
| 128|0x0000000709600000, 0x0000000709600000, 0x0000000709700000|  0%| F|  |TAMS 0x0000000709600000, 0x0000000709600000| Untracked 
| 129|0x0000000709700000, 0x0000000709700000, 0x0000000709800000|  0%| F|  |TAMS 0x0000000709700000, 0x0000000709700000| Untracked 
| 130|0x0000000709800000, 0x0000000709800000, 0x0000000709900000|  0%| F|  |TAMS 0x0000000709800000, 0x0000000709800000| Untracked 
| 131|0x0000000709900000, 0x0000000709900000, 0x0000000709a00000|  0%| F|  |TAMS 0x0000000709900000, 0x0000000709900000| Untracked 
| 132|0x0000000709a00000, 0x0000000709a00000, 0x0000000709b00000|  0%| F|  |TAMS 0x0000000709a00000, 0x0000000709a00000| Untracked 
| 133|0x0000000709b00000, 0x0000000709b00000, 0x0000000709c00000|  0%| F|  |TAMS 0x0000000709b00000, 0x0000000709b00000| Untracked 
| 134|0x0000000709c00000, 0x0000000709c00000, 0x0000000709d00000|  0%| F|  |TAMS 0x0000000709c00000, 0x0000000709c00000| Untracked 
| 135|0x0000000709d00000, 0x0000000709d00000, 0x0000000709e00000|  0%| F|  |TAMS 0x0000000709d00000, 0x0000000709d00000| Untracked 
| 136|0x0000000709e00000, 0x0000000709e00000, 0x0000000709f00000|  0%| F|  |TAMS 0x0000000709e00000, 0x0000000709e00000| Untracked 
| 137|0x0000000709f00000, 0x0000000709f00000, 0x000000070a000000|  0%| F|  |TAMS 0x0000000709f00000, 0x0000000709f00000| Untracked 
| 138|0x000000070a000000, 0x000000070a000000, 0x000000070a100000|  0%| F|  |TAMS 0x000000070a000000, 0x000000070a000000| Untracked 
| 139|0x000000070a100000, 0x000000070a100000, 0x000000070a200000|  0%| F|  |TAMS 0x000000070a100000, 0x000000070a100000| Untracked 
| 140|0x000000070a200000, 0x000000070a200000, 0x000000070a300000|  0%| F|  |TAMS 0x000000070a200000, 0x000000070a200000| Untracked 
| 141|0x000000070a300000, 0x000000070a300000, 0x000000070a400000|  0%| F|  |TAMS 0x000000070a300000, 0x000000070a300000| Untracked 
| 142|0x000000070a400000, 0x000000070a400000, 0x000000070a500000|  0%| F|  |TAMS 0x000000070a400000, 0x000000070a400000| Untracked 
| 143|0x000000070a500000, 0x000000070a5b0e80, 0x000000070a600000| 69%| S|CS|TAMS 0x000000070a500000, 0x000000070a500000| Complete 
| 144|0x000000070a600000, 0x000000070a700000, 0x000000070a700000|100%| S|CS|TAMS 0x000000070a600000, 0x000000070a600000| Complete 
| 145|0x000000070a700000, 0x000000070a800000, 0x000000070a800000|100%| S|CS|TAMS 0x000000070a700000, 0x000000070a700000| Complete 
| 146|0x000000070a800000, 0x000000070a900000, 0x000000070a900000|100%| S|CS|TAMS 0x000000070a800000, 0x000000070a800000| Complete 
| 147|0x000000070a900000, 0x000000070aa00000, 0x000000070aa00000|100%| S|CS|TAMS 0x000000070a900000, 0x000000070a900000| Complete 
| 148|0x000000070aa00000, 0x000000070ab00000, 0x000000070ab00000|100%| S|CS|TAMS 0x000000070aa00000, 0x000000070aa00000| Complete 
| 149|0x000000070ab00000, 0x000000070ac00000, 0x000000070ac00000|100%| S|CS|TAMS 0x000000070ab00000, 0x000000070ab00000| Complete 
| 150|0x000000070ac00000, 0x000000070ad00000, 0x000000070ad00000|100%| S|CS|TAMS 0x000000070ac00000, 0x000000070ac00000| Complete 
| 151|0x000000070ad00000, 0x000000070ae00000, 0x000000070ae00000|100%| S|CS|TAMS 0x000000070ad00000, 0x000000070ad00000| Complete 
| 152|0x000000070ae00000, 0x000000070af00000, 0x000000070af00000|100%| S|CS|TAMS 0x000000070ae00000, 0x000000070ae00000| Complete 
| 153|0x000000070af00000, 0x000000070b000000, 0x000000070b000000|100%| S|CS|TAMS 0x000000070af00000, 0x000000070af00000| Complete 
| 154|0x000000070b000000, 0x000000070b100000, 0x000000070b100000|100%| S|CS|TAMS 0x000000070b000000, 0x000000070b000000| Complete 
| 155|0x000000070b100000, 0x000000070b200000, 0x000000070b200000|100%| S|CS|TAMS 0x000000070b100000, 0x000000070b100000| Complete 
| 156|0x000000070b200000, 0x000000070b300000, 0x000000070b300000|100%| S|CS|TAMS 0x000000070b200000, 0x000000070b200000| Complete 
| 157|0x000000070b300000, 0x000000070b400000, 0x000000070b400000|100%| S|CS|TAMS 0x000000070b300000, 0x000000070b300000| Complete 
| 158|0x000000070b400000, 0x000000070b500000, 0x000000070b500000|100%| S|CS|TAMS 0x000000070b400000, 0x000000070b400000| Complete 
| 159|0x000000070b500000, 0x000000070b500000, 0x000000070b600000|  0%| F|  |TAMS 0x000000070b500000, 0x000000070b500000| Untracked 
| 160|0x000000070b600000, 0x000000070b600000, 0x000000070b700000|  0%| F|  |TAMS 0x000000070b600000, 0x000000070b600000| Untracked 
| 161|0x000000070b700000, 0x000000070b700000, 0x000000070b800000|  0%| F|  |TAMS 0x000000070b700000, 0x000000070b700000| Untracked 
| 162|0x000000070b800000, 0x000000070b800000, 0x000000070b900000|  0%| F|  |TAMS 0x000000070b800000, 0x000000070b800000| Untracked 
| 163|0x000000070b900000, 0x000000070b900000, 0x000000070ba00000|  0%| F|  |TAMS 0x000000070b900000, 0x000000070b900000| Untracked 
| 164|0x000000070ba00000, 0x000000070ba00000, 0x000000070bb00000|  0%| F|  |TAMS 0x000000070ba00000, 0x000000070ba00000| Untracked 
| 165|0x000000070bb00000, 0x000000070bb00000, 0x000000070bc00000|  0%| F|  |TAMS 0x000000070bb00000, 0x000000070bb00000| Untracked 
| 166|0x000000070bc00000, 0x000000070bc00000, 0x000000070bd00000|  0%| F|  |TAMS 0x000000070bc00000, 0x000000070bc00000| Untracked 
| 167|0x000000070bd00000, 0x000000070bd00000, 0x000000070be00000|  0%| F|  |TAMS 0x000000070bd00000, 0x000000070bd00000| Untracked 
| 168|0x000000070be00000, 0x000000070be00000, 0x000000070bf00000|  0%| F|  |TAMS 0x000000070be00000, 0x000000070be00000| Untracked 
| 169|0x000000070bf00000, 0x000000070bf00000, 0x000000070c000000|  0%| F|  |TAMS 0x000000070bf00000, 0x000000070bf00000| Untracked 
| 170|0x000000070c000000, 0x000000070c000000, 0x000000070c100000|  0%| F|  |TAMS 0x000000070c000000, 0x000000070c000000| Untracked 
| 171|0x000000070c100000, 0x000000070c100000, 0x000000070c200000|  0%| F|  |TAMS 0x000000070c100000, 0x000000070c100000| Untracked 
| 172|0x000000070c200000, 0x000000070c200000, 0x000000070c300000|  0%| F|  |TAMS 0x000000070c200000, 0x000000070c200000| Untracked 
| 173|0x000000070c300000, 0x000000070c300000, 0x000000070c400000|  0%| F|  |TAMS 0x000000070c300000, 0x000000070c300000| Untracked 
| 174|0x000000070c400000, 0x000000070c400000, 0x000000070c500000|  0%| F|  |TAMS 0x000000070c400000, 0x000000070c400000| Untracked 
| 175|0x000000070c500000, 0x000000070c500000, 0x000000070c600000|  0%| F|  |TAMS 0x000000070c500000, 0x000000070c500000| Untracked 
| 176|0x000000070c600000, 0x000000070c600000, 0x000000070c700000|  0%| F|  |TAMS 0x000000070c600000, 0x000000070c600000| Untracked 
| 177|0x000000070c700000, 0x000000070c700000, 0x000000070c800000|  0%| F|  |TAMS 0x000000070c700000, 0x000000070c700000| Untracked 
| 178|0x000000070c800000, 0x000000070c800000, 0x000000070c900000|  0%| F|  |TAMS 0x000000070c800000, 0x000000070c800000| Untracked 
| 179|0x000000070c900000, 0x000000070c900000, 0x000000070ca00000|  0%| F|  |TAMS 0x000000070c900000, 0x000000070c900000| Untracked 
| 180|0x000000070ca00000, 0x000000070ca00000, 0x000000070cb00000|  0%| F|  |TAMS 0x000000070ca00000, 0x000000070ca00000| Untracked 
| 181|0x000000070cb00000, 0x000000070cb00000, 0x000000070cc00000|  0%| F|  |TAMS 0x000000070cb00000, 0x000000070cb00000| Untracked 
| 182|0x000000070cc00000, 0x000000070cc00000, 0x000000070cd00000|  0%| F|  |TAMS 0x000000070cc00000, 0x000000070cc00000| Untracked 
| 183|0x000000070cd00000, 0x000000070cd00000, 0x000000070ce00000|  0%| F|  |TAMS 0x000000070cd00000, 0x000000070cd00000| Untracked 
| 184|0x000000070ce00000, 0x000000070ce00000, 0x000000070cf00000|  0%| F|  |TAMS 0x000000070ce00000, 0x000000070ce00000| Untracked 
| 185|0x000000070cf00000, 0x000000070cf00000, 0x000000070d000000|  0%| F|  |TAMS 0x000000070cf00000, 0x000000070cf00000| Untracked 
| 186|0x000000070d000000, 0x000000070d000000, 0x000000070d100000|  0%| F|  |TAMS 0x000000070d000000, 0x000000070d000000| Untracked 
| 187|0x000000070d100000, 0x000000070d100000, 0x000000070d200000|  0%| F|  |TAMS 0x000000070d100000, 0x000000070d100000| Untracked 
| 188|0x000000070d200000, 0x000000070d200000, 0x000000070d300000|  0%| F|  |TAMS 0x000000070d200000, 0x000000070d200000| Untracked 
| 189|0x000000070d300000, 0x000000070d300000, 0x000000070d400000|  0%| F|  |TAMS 0x000000070d300000, 0x000000070d300000| Untracked 
| 190|0x000000070d400000, 0x000000070d400000, 0x000000070d500000|  0%| F|  |TAMS 0x000000070d400000, 0x000000070d400000| Untracked 
| 191|0x000000070d500000, 0x000000070d500000, 0x000000070d600000|  0%| F|  |TAMS 0x000000070d500000, 0x000000070d500000| Untracked 
| 192|0x000000070d600000, 0x000000070d600000, 0x000000070d700000|  0%| F|  |TAMS 0x000000070d600000, 0x000000070d600000| Untracked 
| 193|0x000000070d700000, 0x000000070d700000, 0x000000070d800000|  0%| F|  |TAMS 0x000000070d700000, 0x000000070d700000| Untracked 
| 194|0x000000070d800000, 0x000000070d800000, 0x000000070d900000|  0%| F|  |TAMS 0x000000070d800000, 0x000000070d800000| Untracked 
| 195|0x000000070d900000, 0x000000070d900000, 0x000000070da00000|  0%| F|  |TAMS 0x000000070d900000, 0x000000070d900000| Untracked 
| 196|0x000000070da00000, 0x000000070da00000, 0x000000070db00000|  0%| F|  |TAMS 0x000000070da00000, 0x000000070da00000| Untracked 
| 197|0x000000070db00000, 0x000000070db00000, 0x000000070dc00000|  0%| F|  |TAMS 0x000000070db00000, 0x000000070db00000| Untracked 
| 198|0x000000070dc00000, 0x000000070dc00000, 0x000000070dd00000|  0%| F|  |TAMS 0x000000070dc00000, 0x000000070dc00000| Untracked 
| 199|0x000000070dd00000, 0x000000070dd00000, 0x000000070de00000|  0%| F|  |TAMS 0x000000070dd00000, 0x000000070dd00000| Untracked 
| 200|0x000000070de00000, 0x000000070de00000, 0x000000070df00000|  0%| F|  |TAMS 0x000000070de00000, 0x000000070de00000| Untracked 
| 201|0x000000070df00000, 0x000000070df00000, 0x000000070e000000|  0%| F|  |TAMS 0x000000070df00000, 0x000000070df00000| Untracked 
| 202|0x000000070e000000, 0x000000070e000000, 0x000000070e100000|  0%| F|  |TAMS 0x000000070e000000, 0x000000070e000000| Untracked 
| 203|0x000000070e100000, 0x000000070e100000, 0x000000070e200000|  0%| F|  |TAMS 0x000000070e100000, 0x000000070e100000| Untracked 
| 204|0x000000070e200000, 0x000000070e200000, 0x000000070e300000|  0%| F|  |TAMS 0x000000070e200000, 0x000000070e200000| Untracked 
| 205|0x000000070e300000, 0x000000070e300000, 0x000000070e400000|  0%| F|  |TAMS 0x000000070e300000, 0x000000070e300000| Untracked 
| 206|0x000000070e400000, 0x000000070e400000, 0x000000070e500000|  0%| F|  |TAMS 0x000000070e400000, 0x000000070e400000| Untracked 
| 207|0x000000070e500000, 0x000000070e500000, 0x000000070e600000|  0%| F|  |TAMS 0x000000070e500000, 0x000000070e500000| Untracked 
| 208|0x000000070e600000, 0x000000070e600000, 0x000000070e700000|  0%| F|  |TAMS 0x000000070e600000, 0x000000070e600000| Untracked 
| 209|0x000000070e700000, 0x000000070e700000, 0x000000070e800000|  0%| F|  |TAMS 0x000000070e700000, 0x000000070e700000| Untracked 
| 210|0x000000070e800000, 0x000000070e800000, 0x000000070e900000|  0%| F|  |TAMS 0x000000070e800000, 0x000000070e800000| Untracked 
| 211|0x000000070e900000, 0x000000070e900000, 0x000000070ea00000|  0%| F|  |TAMS 0x000000070e900000, 0x000000070e900000| Untracked 
| 212|0x000000070ea00000, 0x000000070ea00000, 0x000000070eb00000|  0%| F|  |TAMS 0x000000070ea00000, 0x000000070ea00000| Untracked 
| 213|0x000000070eb00000, 0x000000070eb00000, 0x000000070ec00000|  0%| F|  |TAMS 0x000000070eb00000, 0x000000070eb00000| Untracked 
| 214|0x000000070ec00000, 0x000000070ec00000, 0x000000070ed00000|  0%| F|  |TAMS 0x000000070ec00000, 0x000000070ec00000| Untracked 
| 215|0x000000070ed00000, 0x000000070ed00000, 0x000000070ee00000|  0%| F|  |TAMS 0x000000070ed00000, 0x000000070ed00000| Untracked 
| 216|0x000000070ee00000, 0x000000070ee00000, 0x000000070ef00000|  0%| F|  |TAMS 0x000000070ee00000, 0x000000070ee00000| Untracked 
| 217|0x000000070ef00000, 0x000000070ef00000, 0x000000070f000000|  0%| F|  |TAMS 0x000000070ef00000, 0x000000070ef00000| Untracked 
| 218|0x000000070f000000, 0x000000070f000000, 0x000000070f100000|  0%| F|  |TAMS 0x000000070f000000, 0x000000070f000000| Untracked 
| 219|0x000000070f100000, 0x000000070f100000, 0x000000070f200000|  0%| F|  |TAMS 0x000000070f100000, 0x000000070f100000| Untracked 
| 220|0x000000070f200000, 0x000000070f200000, 0x000000070f300000|  0%| F|  |TAMS 0x000000070f200000, 0x000000070f200000| Untracked 
| 221|0x000000070f300000, 0x000000070f300000, 0x000000070f400000|  0%| F|  |TAMS 0x000000070f300000, 0x000000070f300000| Untracked 
| 222|0x000000070f400000, 0x000000070f400000, 0x000000070f500000|  0%| F|  |TAMS 0x000000070f400000, 0x000000070f400000| Untracked 
| 223|0x000000070f500000, 0x000000070f500000, 0x000000070f600000|  0%| F|  |TAMS 0x000000070f500000, 0x000000070f500000| Untracked 
| 224|0x000000070f600000, 0x000000070f600000, 0x000000070f700000|  0%| F|  |TAMS 0x000000070f600000, 0x000000070f600000| Untracked 
| 225|0x000000070f700000, 0x000000070f700000, 0x000000070f800000|  0%| F|  |TAMS 0x000000070f700000, 0x000000070f700000| Untracked 
| 226|0x000000070f800000, 0x000000070f800000, 0x000000070f900000|  0%| F|  |TAMS 0x000000070f800000, 0x000000070f800000| Untracked 
| 227|0x000000070f900000, 0x000000070f900000, 0x000000070fa00000|  0%| F|  |TAMS 0x000000070f900000, 0x000000070f900000| Untracked 
| 228|0x000000070fa00000, 0x000000070fa00000, 0x000000070fb00000|  0%| F|  |TAMS 0x000000070fa00000, 0x000000070fa00000| Untracked 
| 229|0x000000070fb00000, 0x000000070fb00000, 0x000000070fc00000|  0%| F|  |TAMS 0x000000070fb00000, 0x000000070fb00000| Untracked 
| 230|0x000000070fc00000, 0x000000070fc00000, 0x000000070fd00000|  0%| F|  |TAMS 0x000000070fc00000, 0x000000070fc00000| Untracked 
| 231|0x000000070fd00000, 0x000000070fd00000, 0x000000070fe00000|  0%| F|  |TAMS 0x000000070fd00000, 0x000000070fd00000| Untracked 
| 232|0x000000070fe00000, 0x000000070fe00000, 0x000000070ff00000|  0%| F|  |TAMS 0x000000070fe00000, 0x000000070fe00000| Untracked 
| 233|0x000000070ff00000, 0x000000070ff00000, 0x0000000710000000|  0%| F|  |TAMS 0x000000070ff00000, 0x000000070ff00000| Untracked 
| 234|0x0000000710000000, 0x0000000710000000, 0x0000000710100000|  0%| F|  |TAMS 0x0000000710000000, 0x0000000710000000| Untracked 
| 235|0x0000000710100000, 0x0000000710100000, 0x0000000710200000|  0%| F|  |TAMS 0x0000000710100000, 0x0000000710100000| Untracked 
| 236|0x0000000710200000, 0x0000000710200000, 0x0000000710300000|  0%| F|  |TAMS 0x0000000710200000, 0x0000000710200000| Untracked 
| 237|0x0000000710300000, 0x0000000710300000, 0x0000000710400000|  0%| F|  |TAMS 0x0000000710300000, 0x0000000710300000| Untracked 
| 238|0x0000000710400000, 0x0000000710400000, 0x0000000710500000|  0%| F|  |TAMS 0x0000000710400000, 0x0000000710400000| Untracked 
| 239|0x0000000710500000, 0x0000000710500000, 0x0000000710600000|  0%| F|  |TAMS 0x0000000710500000, 0x0000000710500000| Untracked 
| 240|0x0000000710600000, 0x0000000710600000, 0x0000000710700000|  0%| F|  |TAMS 0x0000000710600000, 0x0000000710600000| Untracked 
| 241|0x0000000710700000, 0x0000000710700000, 0x0000000710800000|  0%| F|  |TAMS 0x0000000710700000, 0x0000000710700000| Untracked 
| 242|0x0000000710800000, 0x0000000710800000, 0x0000000710900000|  0%| F|  |TAMS 0x0000000710800000, 0x0000000710800000| Untracked 
| 243|0x0000000710900000, 0x0000000710900000, 0x0000000710a00000|  0%| F|  |TAMS 0x0000000710900000, 0x0000000710900000| Untracked 
| 244|0x0000000710a00000, 0x0000000710a00000, 0x0000000710b00000|  0%| F|  |TAMS 0x0000000710a00000, 0x0000000710a00000| Untracked 
| 245|0x0000000710b00000, 0x0000000710b00000, 0x0000000710c00000|  0%| F|  |TAMS 0x0000000710b00000, 0x0000000710b00000| Untracked 
| 246|0x0000000710c00000, 0x0000000710c00000, 0x0000000710d00000|  0%| F|  |TAMS 0x0000000710c00000, 0x0000000710c00000| Untracked 
| 247|0x0000000710d00000, 0x0000000710d00000, 0x0000000710e00000|  0%| F|  |TAMS 0x0000000710d00000, 0x0000000710d00000| Untracked 
| 248|0x0000000710e00000, 0x0000000710e00000, 0x0000000710f00000|  0%| F|  |TAMS 0x0000000710e00000, 0x0000000710e00000| Untracked 
| 249|0x0000000710f00000, 0x0000000710f00000, 0x0000000711000000|  0%| F|  |TAMS 0x0000000710f00000, 0x0000000710f00000| Untracked 
| 250|0x0000000711000000, 0x0000000711000000, 0x0000000711100000|  0%| F|  |TAMS 0x0000000711000000, 0x0000000711000000| Untracked 
| 251|0x0000000711100000, 0x0000000711100000, 0x0000000711200000|  0%| F|  |TAMS 0x0000000711100000, 0x0000000711100000| Untracked 
| 252|0x0000000711200000, 0x0000000711200000, 0x0000000711300000|  0%| F|  |TAMS 0x0000000711200000, 0x0000000711200000| Untracked 
| 253|0x0000000711300000, 0x0000000711300000, 0x0000000711400000|  0%| F|  |TAMS 0x0000000711300000, 0x0000000711300000| Untracked 
| 254|0x0000000711400000, 0x0000000711400000, 0x0000000711500000|  0%| F|  |TAMS 0x0000000711400000, 0x0000000711400000| Untracked 
| 255|0x0000000711500000, 0x0000000711500000, 0x0000000711600000|  0%| F|  |TAMS 0x0000000711500000, 0x0000000711500000| Untracked 
| 256|0x0000000711600000, 0x0000000711600000, 0x0000000711700000|  0%| F|  |TAMS 0x0000000711600000, 0x0000000711600000| Untracked 
| 257|0x0000000711700000, 0x0000000711700000, 0x0000000711800000|  0%| F|  |TAMS 0x0000000711700000, 0x0000000711700000| Untracked 
| 258|0x0000000711800000, 0x0000000711800000, 0x0000000711900000|  0%| F|  |TAMS 0x0000000711800000, 0x0000000711800000| Untracked 
| 259|0x0000000711900000, 0x0000000711900000, 0x0000000711a00000|  0%| F|  |TAMS 0x0000000711900000, 0x0000000711900000| Untracked 
| 260|0x0000000711a00000, 0x0000000711a00000, 0x0000000711b00000|  0%| F|  |TAMS 0x0000000711a00000, 0x0000000711a00000| Untracked 
| 261|0x0000000711b00000, 0x0000000711b00000, 0x0000000711c00000|  0%| F|  |TAMS 0x0000000711b00000, 0x0000000711b00000| Untracked 
| 262|0x0000000711c00000, 0x0000000711c00000, 0x0000000711d00000|  0%| F|  |TAMS 0x0000000711c00000, 0x0000000711c00000| Untracked 
| 263|0x0000000711d00000, 0x0000000711d00000, 0x0000000711e00000|  0%| F|  |TAMS 0x0000000711d00000, 0x0000000711d00000| Untracked 
| 264|0x0000000711e00000, 0x0000000711e00000, 0x0000000711f00000|  0%| F|  |TAMS 0x0000000711e00000, 0x0000000711e00000| Untracked 
| 265|0x0000000711f00000, 0x0000000711f00000, 0x0000000712000000|  0%| F|  |TAMS 0x0000000711f00000, 0x0000000711f00000| Untracked 
| 266|0x0000000712000000, 0x0000000712000000, 0x0000000712100000|  0%| F|  |TAMS 0x0000000712000000, 0x0000000712000000| Untracked 
| 267|0x0000000712100000, 0x0000000712100000, 0x0000000712200000|  0%| F|  |TAMS 0x0000000712100000, 0x0000000712100000| Untracked 
| 268|0x0000000712200000, 0x0000000712200000, 0x0000000712300000|  0%| F|  |TAMS 0x0000000712200000, 0x0000000712200000| Untracked 
| 269|0x0000000712300000, 0x0000000712300000, 0x0000000712400000|  0%| F|  |TAMS 0x0000000712300000, 0x0000000712300000| Untracked 
| 270|0x0000000712400000, 0x0000000712400000, 0x0000000712500000|  0%| F|  |TAMS 0x0000000712400000, 0x0000000712400000| Untracked 
| 271|0x0000000712500000, 0x0000000712500000, 0x0000000712600000|  0%| F|  |TAMS 0x0000000712500000, 0x0000000712500000| Untracked 
| 272|0x0000000712600000, 0x0000000712600000, 0x0000000712700000|  0%| F|  |TAMS 0x0000000712600000, 0x0000000712600000| Untracked 
| 273|0x0000000712700000, 0x0000000712700000, 0x0000000712800000|  0%| F|  |TAMS 0x0000000712700000, 0x0000000712700000| Untracked 
| 274|0x0000000712800000, 0x0000000712800000, 0x0000000712900000|  0%| F|  |TAMS 0x0000000712800000, 0x0000000712800000| Untracked 
| 275|0x0000000712900000, 0x0000000712900000, 0x0000000712a00000|  0%| F|  |TAMS 0x0000000712900000, 0x0000000712900000| Untracked 
| 276|0x0000000712a00000, 0x0000000712a00000, 0x0000000712b00000|  0%| F|  |TAMS 0x0000000712a00000, 0x0000000712a00000| Untracked 
| 277|0x0000000712b00000, 0x0000000712b00000, 0x0000000712c00000|  0%| F|  |TAMS 0x0000000712b00000, 0x0000000712b00000| Untracked 
| 278|0x0000000712c00000, 0x0000000712c00000, 0x0000000712d00000|  0%| F|  |TAMS 0x0000000712c00000, 0x0000000712c00000| Untracked 
| 279|0x0000000712d00000, 0x0000000712d00000, 0x0000000712e00000|  0%| F|  |TAMS 0x0000000712d00000, 0x0000000712d00000| Untracked 
| 280|0x0000000712e00000, 0x0000000712e00000, 0x0000000712f00000|  0%| F|  |TAMS 0x0000000712e00000, 0x0000000712e00000| Untracked 
| 281|0x0000000712f00000, 0x0000000712f00000, 0x0000000713000000|  0%| F|  |TAMS 0x0000000712f00000, 0x0000000712f00000| Untracked 
| 282|0x0000000713000000, 0x0000000713000000, 0x0000000713100000|  0%| F|  |TAMS 0x0000000713000000, 0x0000000713000000| Untracked 
| 283|0x0000000713100000, 0x0000000713100000, 0x0000000713200000|  0%| F|  |TAMS 0x0000000713100000, 0x0000000713100000| Untracked 
| 284|0x0000000713200000, 0x0000000713200000, 0x0000000713300000|  0%| F|  |TAMS 0x0000000713200000, 0x0000000713200000| Untracked 
| 285|0x0000000713300000, 0x0000000713300000, 0x0000000713400000|  0%| F|  |TAMS 0x0000000713300000, 0x0000000713300000| Untracked 
| 286|0x0000000713400000, 0x0000000713400000, 0x0000000713500000|  0%| F|  |TAMS 0x0000000713400000, 0x0000000713400000| Untracked 
| 287|0x0000000713500000, 0x0000000713500000, 0x0000000713600000|  0%| F|  |TAMS 0x0000000713500000, 0x0000000713500000| Untracked 
| 288|0x0000000713600000, 0x0000000713600000, 0x0000000713700000|  0%| F|  |TAMS 0x0000000713600000, 0x0000000713600000| Untracked 
| 289|0x0000000713700000, 0x0000000713700000, 0x0000000713800000|  0%| F|  |TAMS 0x0000000713700000, 0x0000000713700000| Untracked 
| 290|0x0000000713800000, 0x0000000713800000, 0x0000000713900000|  0%| F|  |TAMS 0x0000000713800000, 0x0000000713800000| Untracked 
| 291|0x0000000713900000, 0x0000000713900000, 0x0000000713a00000|  0%| F|  |TAMS 0x0000000713900000, 0x0000000713900000| Untracked 
| 292|0x0000000713a00000, 0x0000000713a00000, 0x0000000713b00000|  0%| F|  |TAMS 0x0000000713a00000, 0x0000000713a00000| Untracked 
| 293|0x0000000713b00000, 0x0000000713b00000, 0x0000000713c00000|  0%| F|  |TAMS 0x0000000713b00000, 0x0000000713b00000| Untracked 
| 294|0x0000000713c00000, 0x0000000713c00000, 0x0000000713d00000|  0%| F|  |TAMS 0x0000000713c00000, 0x0000000713c00000| Untracked 
| 295|0x0000000713d00000, 0x0000000713d00000, 0x0000000713e00000|  0%| F|  |TAMS 0x0000000713d00000, 0x0000000713d00000| Untracked 
| 296|0x0000000713e00000, 0x0000000713e00000, 0x0000000713f00000|  0%| F|  |TAMS 0x0000000713e00000, 0x0000000713e00000| Untracked 
| 297|0x0000000713f00000, 0x0000000713f00000, 0x0000000714000000|  0%| F|  |TAMS 0x0000000713f00000, 0x0000000713f00000| Untracked 
| 298|0x0000000714000000, 0x0000000714000000, 0x0000000714100000|  0%| F|  |TAMS 0x0000000714000000, 0x0000000714000000| Untracked 
| 299|0x0000000714100000, 0x0000000714100000, 0x0000000714200000|  0%| F|  |TAMS 0x0000000714100000, 0x0000000714100000| Untracked 
| 300|0x0000000714200000, 0x0000000714200000, 0x0000000714300000|  0%| F|  |TAMS 0x0000000714200000, 0x0000000714200000| Untracked 
| 301|0x0000000714300000, 0x0000000714300000, 0x0000000714400000|  0%| F|  |TAMS 0x0000000714300000, 0x0000000714300000| Untracked 
| 302|0x0000000714400000, 0x0000000714400000, 0x0000000714500000|  0%| F|  |TAMS 0x0000000714400000, 0x0000000714400000| Untracked 
| 303|0x0000000714500000, 0x0000000714500000, 0x0000000714600000|  0%| F|  |TAMS 0x0000000714500000, 0x0000000714500000| Untracked 
| 304|0x0000000714600000, 0x0000000714680800, 0x0000000714700000| 50%| E|  |TAMS 0x0000000714600000, 0x0000000714600000| Complete 
| 305|0x0000000714700000, 0x0000000714800000, 0x0000000714800000|100%| E|CS|TAMS 0x0000000714700000, 0x0000000714700000| Complete 
| 306|0x0000000714800000, 0x0000000714900000, 0x0000000714900000|100%| E|CS|TAMS 0x0000000714800000, 0x0000000714800000| Complete 
| 307|0x0000000714900000, 0x0000000714a00000, 0x0000000714a00000|100%| E|CS|TAMS 0x0000000714900000, 0x0000000714900000| Complete 

Card table byte_map: [0x0000028471e30000,0x0000028472630000] _byte_map_base: 0x000002846e625000

Marking Bits (Prev, Next): (CMBitMap*) 0x000002846d8421d0, (CMBitMap*) 0x000002846d842198
 Prev Bits: [0x0000028476de0000, 0x000002847ad88000)
 Next Bits: [0x0000028472e30000, 0x0000028476dd8000)

Polling page: 0x000002846b630000

Metaspace:

Usage:
  Non-class:     52.10 MB capacity,    51.66 MB (>99%) used,   347.89 KB ( <1%) free+waste,   101.00 KB ( <1%) overhead. 
      Class:      7.13 MB capacity,     6.81 MB ( 96%) used,   281.78 KB (  4%) free+waste,    46.06 KB ( <1%) overhead. 
       Both:     59.23 MB capacity,    58.47 MB ( 99%) used,   629.67 KB (  1%) free+waste,   147.06 KB ( <1%) overhead. 

Virtual space:
  Non-class space:       54.00 MB reserved,      52.24 MB ( 97%) committed 
      Class space:        1.00 GB reserved,       7.19 MB ( <1%) committed 
             Both:        1.05 GB reserved,      59.43 MB (  6%) committed 

Chunk freelists:
   Non-Class:  18.00 KB
       Class:  23.00 KB
        Both:  41.00 KB

MaxMetaspaceSize: 17179869184.00 GB
CompressedClassSpaceSize: 1.00 GB
Initial GC threshold: 20.80 MB
Current GC threshold: 98.63 MB
CDS: off

CodeHeap 'non-profiled nmethods': size=120000Kb used=3751Kb max_used=3751Kb free=116248Kb
 bounds [0x0000028407ad0000, 0x0000028407e80000, 0x000002840f000000]
CodeHeap 'profiled nmethods': size=120000Kb used=16626Kb max_used=16626Kb free=103373Kb
 bounds [0x00000284005a0000, 0x00000284015e0000, 0x0000028407ad0000]
CodeHeap 'non-nmethods': size=5760Kb used=1302Kb max_used=1354Kb free=4457Kb
 bounds [0x0000028400000000, 0x0000028400270000, 0x00000284005a0000]
 total_blobs=7370 nmethods=6789 adapters=492
 compilation: enabled
              stopped_count=0, restarted_count=0
 full_count=0

Compilation events (20 events):
Event: 6.663 Thread 0x000002847e1dc800 6849       3       java.lang.invoke.BootstrapMethodInvoker::maybeReBoxElements (24 bytes)
Event: 6.663 Thread 0x000002847e1dc800 nmethod 6849 0x00000284015cfe10 code [0x00000284015d0000, 0x00000284015d0688]
Event: 6.665 Thread 0x000002847e39d800 nmethod 6843 0x0000028407e76c90 code [0x0000028407e76e80, 0x0000028407e777a8]
Event: 6.665 Thread 0x000002847e3cb000 nmethod 6848 0x0000028407e77d10 code [0x0000028407e77ec0, 0x0000028407e78058]
Event: 6.668 Thread 0x000002847e1db800 6850       4       org.jetbrains.kotlin.com.intellij.psi.impl.source.tree.CompositeElement::getPsi (46 bytes)
Event: 6.668 Thread 0x000002847e1dc800 6851       3       org.jetbrains.kotlin.com.intellij.psi.impl.source.tree.RecursiveTreeElementWalkingVisitor$1::visit (9 bytes)
Event: 6.669 Thread 0x000002847e1dc800 nmethod 6851 0x00000284015d0810 code [0x00000284015d0a00, 0x00000284015d0ed8]
Event: 6.669 Thread 0x000002847e1dc800 6854       3       org.jetbrains.kotlin.com.intellij.util.WalkingState::next (221 bytes)
Event: 6.670 Thread 0x000002847e1dc800 nmethod 6854 0x00000284015d1010 code [0x00000284015d13e0, 0x00000284015d2e18]
Event: 6.670 Thread 0x000002847e1dc800 6852       3       org.jetbrains.kotlin.com.intellij.psi.impl.source.tree.RecursiveTreeElementWalkingVisitor$1::visit (20 bytes)
Event: 6.670 Thread 0x000002847e1dc800 nmethod 6852 0x00000284015d3610 code [0x00000284015d37e0, 0x00000284015d3b38]
Event: 6.670 Thread 0x000002847e1dc800 6855       3       org.jetbrains.kotlin.com.intellij.psi.impl.source.tree.RecursiveTreeElementWalkingVisitor$1::elementFinished (9 bytes)
Event: 6.671 Thread 0x000002847e1dc800 nmethod 6855 0x00000284015d3c10 code [0x00000284015d3e00, 0x00000284015d41d8]
Event: 6.671 Thread 0x000002847e1dc800 6856       3       org.jetbrains.kotlin.com.intellij.psi.impl.source.tree.RecursiveTreeElementWalkingVisitor$1::elementFinished (17 bytes)
Event: 6.671 Thread 0x000002847e1dc800 nmethod 6856 0x00000284015d4310 code [0x00000284015d44e0, 0x00000284015d4718]
Event: 6.671 Thread 0x000002847e1dc800 6853       3       org.jetbrains.kotlin.com.intellij.psi.impl.source.tree.JavaSourceUtil::access$000 (4 bytes)
Event: 6.671 Thread 0x000002847e1dc800 nmethod 6853 0x00000284015d4810 code [0x00000284015d49c0, 0x00000284015d4ab8]
Event: 6.672 Thread 0x000002847e3cb000 6857       4       gnu.trove.TObjectHash::insertionIndex (273 bytes)
Event: 6.673 Thread 0x000002847e39d800 6858 %     4       org.jetbrains.kotlin.cli.jvm.index.JvmDependenciesIndexImpl::search @ 178 (379 bytes)
Event: 6.674 Thread 0x000002847e1dc800 6859       3       org.jetbrains.kotlin.cli.jvm.index.JvmDependenciesDynamicCompoundIndex$findClass$$inlined$read$lambda$1::invoke (9 bytes)

GC Heap History (14 events):
Event: 0.585 GC heap before
{Heap before GC invocations=0 (full 0):
 garbage-first heap   total 262144K, used 27648K [0x0000000701600000, 0x0000000800000000)
  region size 1024K, 24 young (24576K), 0 survivors (0K)
 Metaspace       used 12388K, capacity 12504K, committed 12800K, reserved 1060864K
  class space    used 1166K, capacity 1207K, committed 1280K, reserved 1048576K
}
Event: 0.589 GC heap after
{Heap after GC invocations=1 (full 0):
 garbage-first heap   total 262144K, used 5806K [0x0000000701600000, 0x0000000800000000)
  region size 1024K, 3 young (3072K), 3 survivors (3072K)
 Metaspace       used 12388K, capacity 12504K, committed 12800K, reserved 1060864K
  class space    used 1166K, capacity 1207K, committed 1280K, reserved 1048576K
}
Event: 1.194 GC heap before
{Heap before GC invocations=1 (full 0):
 garbage-first heap   total 262144K, used 40622K [0x0000000701600000, 0x0000000800000000)
  region size 1024K, 38 young (38912K), 3 survivors (3072K)
 Metaspace       used 20734K, capacity 20994K, committed 21248K, reserved 1069056K
  class space    used 2201K, capacity 2280K, committed 2304K, reserved 1048576K
}
Event: 1.205 GC heap after
{Heap after GC invocations=2 (full 0):
 garbage-first heap   total 262144K, used 9495K [0x0000000701600000, 0x0000000800000000)
  region size 1024K, 7 young (7168K), 7 survivors (7168K)
 Metaspace       used 20734K, capacity 20994K, committed 21248K, reserved 1069056K
  class space    used 2201K, capacity 2280K, committed 2304K, reserved 1048576K
}
Event: 2.102 GC heap before
{Heap before GC invocations=3 (full 0):
 garbage-first heap   total 262144K, used 64791K [0x0000000701600000, 0x0000000800000000)
  region size 1024K, 56 young (57344K), 7 survivors (7168K)
 Metaspace       used 32404K, capacity 32888K, committed 33024K, reserved 1077248K
  class space    used 4093K, capacity 4320K, committed 4352K, reserved 1048576K
}
Event: 2.115 GC heap after
{Heap after GC invocations=4 (full 0):
 garbage-first heap   total 262144K, used 20755K [0x0000000701600000, 0x0000000800000000)
  region size 1024K, 7 young (7168K), 7 survivors (7168K)
 Metaspace       used 32404K, capacity 32888K, committed 33024K, reserved 1077248K
  class space    used 4093K, capacity 4320K, committed 4352K, reserved 1048576K
}
Event: 2.217 GC heap before
{Heap before GC invocations=4 (full 0):
 garbage-first heap   total 262144K, used 26899K [0x0000000701600000, 0x0000000800000000)
  region size 1024K, 13 young (13312K), 7 survivors (7168K)
 Metaspace       used 33939K, capacity 34493K, committed 34816K, reserved 1079296K
  class space    used 4286K, capacity 4514K, committed 4608K, reserved 1048576K
}
Event: 2.224 GC heap after
{Heap after GC invocations=5 (full 0):
 garbage-first heap   total 262144K, used 22288K [0x0000000701600000, 0x0000000800000000)
  region size 1024K, 2 young (2048K), 2 survivors (2048K)
 Metaspace       used 33939K, capacity 34493K, committed 34816K, reserved 1079296K
  class space    used 4286K, capacity 4514K, committed 4608K, reserved 1048576K
}
Event: 2.280 GC heap before
{Heap before GC invocations=5 (full 0):
 garbage-first heap   total 262144K, used 24336K [0x0000000701600000, 0x0000000800000000)
  region size 1024K, 5 young (5120K), 2 survivors (2048K)
 Metaspace       used 34829K, capacity 35325K, committed 35584K, reserved 1081344K
  class space    used 4379K, capacity 4578K, committed 4608K, reserved 1048576K
}
Event: 2.283 GC heap after
{Heap after GC invocations=6 (full 0):
 garbage-first heap   total 315392K, used 21516K [0x0000000701600000, 0x0000000800000000)
  region size 1024K, 1 young (1024K), 1 survivors (1024K)
 Metaspace       used 34829K, capacity 35325K, committed 35584K, reserved 1081344K
  class space    used 4379K, capacity 4578K, committed 4608K, reserved 1048576K
}
Event: 4.183 GC heap before
{Heap before GC invocations=7 (full 0):
 garbage-first heap   total 315392K, used 135180K [0x0000000701600000, 0x0000000800000000)
  region size 1024K, 109 young (111616K), 1 survivors (1024K)
 Metaspace       used 50893K, capacity 51554K, committed 51576K, reserved 1095680K
  class space    used 5995K, capacity 6263K, committed 6272K, reserved 1048576K
}
Event: 4.195 GC heap after
{Heap after GC invocations=8 (full 0):
 garbage-first heap   total 315392K, used 33091K [0x0000000701600000, 0x0000000800000000)
  region size 1024K, 12 young (12288K), 12 survivors (12288K)
 Metaspace       used 50893K, capacity 51554K, committed 51576K, reserved 1095680K
  class space    used 5995K, capacity 6263K, committed 6272K, reserved 1048576K
}
Event: 6.488 GC heap before
{Heap before GC invocations=8 (full 0):
 garbage-first heap   total 315392K, used 172355K [0x0000000701600000, 0x0000000800000000)
  region size 1024K, 149 young (152576K), 12 survivors (12288K)
 Metaspace       used 59102K, capacity 59852K, committed 59936K, reserved 1101824K
  class space    used 6810K, capacity 7121K, committed 7168K, reserved 1048576K
}
Event: 6.585 GC heap after
{Heap after GC invocations=9 (full 0):
 garbage-first heap   total 315392K, used 48947K [0x0000000701600000, 0x0000000800000000)
  region size 1024K, 16 young (16384K), 16 survivors (16384K)
 Metaspace       used 59102K, capacity 59852K, committed 59936K, reserved 1101824K
  class space    used 6810K, capacity 7121K, committed 7168K, reserved 1048576K
}

Deoptimization events (20 events):
Event: 6.623 Thread 0x000002846d7e0000 Uncommon trap: trap_request=0xffffffc6 fr.pc=0x0000028407cc1ecc relative=0x0000000000000d8c
Event: 6.623 Thread 0x000002846d7e0000 Uncommon trap: reason=bimorphic_or_optimized_type_check action=maybe_recompile pc=0x0000028407cc1ecc method=gnu.trove.TObjectHash.index(Ljava/lang/Object;)I @ 64 c2
Event: 6.623 Thread 0x000002846d7e0000 DEOPT PACKING pc=0x0000028407cc1ecc sp=0x000000e7b23faba0
Event: 6.623 Thread 0x000002846d7e0000 DEOPT UNPACKING pc=0x000002840004a1af sp=0x000000e7b23fab30 mode 2
Event: 6.623 Thread 0x000002846d7e0000 Uncommon trap: trap_request=0xffffffc6 fr.pc=0x0000028407cc1ecc relative=0x0000000000000d8c
Event: 6.623 Thread 0x000002846d7e0000 Uncommon trap: reason=bimorphic_or_optimized_type_check action=maybe_recompile pc=0x0000028407cc1ecc method=gnu.trove.TObjectHash.index(Ljava/lang/Object;)I @ 64 c2
Event: 6.623 Thread 0x000002846d7e0000 DEOPT PACKING pc=0x0000028407cc1ecc sp=0x000000e7b23faba0
Event: 6.623 Thread 0x000002846d7e0000 DEOPT UNPACKING pc=0x000002840004a1af sp=0x000000e7b23fab30 mode 2
Event: 6.625 Thread 0x000002846d7e0000 Uncommon trap: trap_request=0xffffffde fr.pc=0x0000028407d4f9dc relative=0x000000000000021c
Event: 6.625 Thread 0x000002846d7e0000 Uncommon trap: reason=class_check action=maybe_recompile pc=0x0000028407d4f9dc method=gnu.trove.TIntObjectHashMap.index(I)I @ 28 c2
Event: 6.625 Thread 0x000002846d7e0000 DEOPT PACKING pc=0x0000028407d4f9dc sp=0x000000e7b23fa920
Event: 6.625 Thread 0x000002846d7e0000 DEOPT UNPACKING pc=0x000002840004a1af sp=0x000000e7b23fa888 mode 2
Event: 6.625 Thread 0x000002846d7e0000 Uncommon trap: trap_request=0xffffffde fr.pc=0x0000028407d4f9dc relative=0x000000000000021c
Event: 6.625 Thread 0x000002846d7e0000 Uncommon trap: reason=class_check action=maybe_recompile pc=0x0000028407d4f9dc method=gnu.trove.TIntObjectHashMap.index(I)I @ 28 c2
Event: 6.625 Thread 0x000002846d7e0000 DEOPT PACKING pc=0x0000028407d4f9dc sp=0x000000e7b23faad0
Event: 6.625 Thread 0x000002846d7e0000 DEOPT UNPACKING pc=0x000002840004a1af sp=0x000000e7b23faa38 mode 2
Event: 6.625 Thread 0x000002846d7e0000 Uncommon trap: trap_request=0xffffffde fr.pc=0x0000028407d4f9dc relative=0x000000000000021c
Event: 6.625 Thread 0x000002846d7e0000 Uncommon trap: reason=class_check action=maybe_recompile pc=0x0000028407d4f9dc method=gnu.trove.TIntObjectHashMap.index(I)I @ 28 c2
Event: 6.625 Thread 0x000002846d7e0000 DEOPT PACKING pc=0x0000028407d4f9dc sp=0x000000e7b23faa00
Event: 6.625 Thread 0x000002846d7e0000 DEOPT UNPACKING pc=0x000002840004a1af sp=0x000000e7b23fa968 mode 2

Classes redefined (0 events):
No events

Internal exceptions (20 events):
Event: 2.359 Thread 0x000002846d7e0000 Exception <a 'java/lang/NoSuchMethodError'{0x0000000714532c70}: 'java.lang.Object java.lang.invoke.DirectMethodHandle$Holder.invokeVirtual(java.lang.Object, java.lang.Object, java.lang.Object)'> (0x0000000714532c70) thrown at [./src/hotspot/share/interpreter/linkResolver.cpp, line 773]
Event: 3.030 Thread 0x000002846d7e0000 Exception <a 'java/lang/NoSuchMethodError'{0x0000000711eb2500}: 'java.lang.Object java.lang.invoke.Invokers$Holder.linkToTargetMethod(java.lang.Object, int, java.lang.Object)'> (0x0000000711eb2500) thrown at [./src/hotspot/share/interpreter/linkResolver.cpp, line 773]
Event: 3.080 Thread 0x000002846d7e0000 Implicit null exception at 0x0000028407c1aae1 to 0x0000028407c1abfc
Event: 3.085 Thread 0x000002846d7e0000 Implicit null exception at 0x0000028407c1a670 to 0x0000028407c1a73c
Event: 3.204 Thread 0x000002846d7e0000 Exception <a 'java/lang/NoSuchMethodError'{0x00000007118019d8}: 'java.lang.Object java.lang.invoke.DirectMethodHandle$Holder.invokeStatic(java.lang.Object, java.lang.Object, java.lang.Object, int)'> (0x00000007118019d8) thrown at [./src/hotspot/share/interpreter/linkResolver.cpp, line 773]
Event: 3.204 Thread 0x000002846d7e0000 Exception <a 'java/lang/NoSuchMethodError'{0x0000000711805648}: 'java.lang.Object java.lang.invoke.DirectMethodHandle$Holder.invokeSpecial(java.lang.Object, java.lang.Object, java.lang.Object, java.lang.Object, int)'> (0x0000000711805648) thrown at [./src/hotspot/share/interpreter/linkResolver.cpp, line 773]
Event: 3.204 Thread 0x000002846d7e0000 Exception <a 'java/lang/NoSuchMethodError'{0x0000000711808958}: 'java.lang.Object java.lang.invoke.Invokers$Holder.linkToTargetMethod(java.lang.Object, java.lang.Object, int, java.lang.Object)'> (0x0000000711808958) thrown at [./src/hotspot/share/interpreter/linkResolver.cpp, line 773]
Event: 4.168 Thread 0x000002846d7e0000 Exception <a 'java/lang/NoSuchMethodError'{0x000000070dd42e08}: 'java.lang.Object java.lang.invoke.Invokers$Holder.linkToTargetMethod(java.lang.Object, java.lang.Object, java.lang.Object, java.lang.Object, java.lang.Object, java.lang.Object)'> (0x000000070dd42e08) thrown at [./src/hotspot/share/interpreter/linkResolver.cpp, line 773]
Event: 4.329 Thread 0x000002846d7e0000 Implicit null exception at 0x0000028407b70475 to 0x0000028407b7065c
Event: 4.345 Thread 0x000002846d7e0000 Implicit null exception at 0x0000028407c1fecc to 0x0000028407c1ffb4
Event: 4.607 Thread 0x000002846d7e0000 Implicit null exception at 0x0000028407ce3d33 to 0x0000028407ce41e8
Event: 4.806 Thread 0x000002846d7e0000 Implicit null exception at 0x0000028407ca14fe to 0x0000028407ca1770
Event: 5.130 Thread 0x000002846d7e0000 Exception <a 'java/lang/NoSuchMethodError'{0x00000007121054c0}: 'java.lang.Object java.lang.invoke.DirectMethodHandle$Holder.invokeStaticInit(java.lang.Object, java.lang.Object, java.lang.Object)'> (0x00000007121054c0) thrown at [./src/hotspot/share/interpreter/linkResolver.cpp, line 773]
Event: 5.538 Thread 0x000002846d7e0000 Implicit null exception at 0x0000028407dcc36c to 0x0000028407dccc44
Event: 5.841 Thread 0x000002846d7e0000 Exception <a 'java/lang/NoSuchMethodError'{0x000000071024cf70}: 'int java.lang.invoke.DirectMethodHandle$Holder.invokeInterface(java.lang.Object, java.lang.Object)'> (0x000000071024cf70) thrown at [./src/hotspot/share/interpreter/linkResolver.cpp, line 773]
Event: 5.946 Thread 0x000002846d7e0000 Exception <a 'java/lang/NoSuchMethodError'{0x000000070f917190}: 'java.lang.Object java.lang.invoke.DirectMethodHandle$Holder.invokeStatic(java.lang.Object, int, java.lang.Object, java.lang.Object)'> (0x000000070f917190) thrown at [./src/hotspot/share/interpreter/linkResolver.cpp, line 773]
Event: 6.313 Thread 0x000002846d7e0000 Exception <a 'java/lang/NoSuchMethodError'{0x000000070ba9e4a0}: 'java.lang.Object java.lang.invoke.Invokers$Holder.linkToTargetMethod(java.lang.Object, java.lang.Object, java.lang.Object, int, int, java.lang.Object)'> (0x000000070ba9e4a0) thrown at [./src/hotspot/share/interpreter/linkResolver.cpp, line 773]
Event: 6.403 Thread 0x000002846d7e0000 Exception <a 'java/lang/NoSuchMethodError'{0x000000070b76a0d8}: 'int java.lang.invoke.DirectMethodHandle$Holder.invokeVirtual(java.lang.Object, java.lang.Object, java.lang.Object)'> (0x000000070b76a0d8) thrown at [./src/hotspot/share/interpreter/linkResolver.cpp, line 773]
Event: 6.654 Thread 0x000002846d7e0000 Exception <a 'java/lang/NoSuchMethodError'{0x00000007148eee00}: 'java.lang.Object java.lang.invoke.DirectMethodHandle$Holder.invokeSpecial(java.lang.Object, java.lang.Object, java.lang.Object, java.lang.Object, java.lang.Object, int)'> (0x00000007148eee00) thrown at [./src/hotspot/share/interpreter/linkResolver.cpp, line 773]
Event: 6.654 Thread 0x000002846d7e0000 Exception <a 'java/lang/NoSuchMethodError'{0x00000007148f2c48}: 'java.lang.Object java.lang.invoke.Invokers$Holder.linkToTargetMethod(java.lang.Object, java.lang.Object, java.lang.Object, int, java.lang.Object)'> (0x00000007148f2c48) thrown at [./src/hotspot/share/interpreter/linkResolver.cpp, line 773]

Events (20 events):
Event: 6.670 loading class org/jetbrains/kotlin/com/intellij/psi/impl/source/PsiImportStaticStatementImpl
Event: 6.670 loading class org/jetbrains/kotlin/com/intellij/psi/impl/source/PsiImportStaticStatementImpl done
Event: 6.670 loading class org/jetbrains/kotlin/com/intellij/psi/impl/source/PsiImportStaticStatementImpl
Event: 6.670 loading class org/jetbrains/kotlin/com/intellij/psi/impl/source/PsiImportStaticStatementImpl done
Event: 6.670 loading class org/jetbrains/kotlin/com/intellij/util/ArrayFactory
Event: 6.670 loading class org/jetbrains/kotlin/com/intellij/util/ArrayFactory done
Event: 6.670 loading class org/jetbrains/kotlin/com/intellij/util/containers/MultiMap
Event: 6.670 loading class org/jetbrains/kotlin/com/intellij/util/containers/MultiMap done
Event: 6.670 loading class org/jetbrains/kotlin/com/intellij/util/containers/MultiMap
Event: 6.670 loading class org/jetbrains/kotlin/com/intellij/util/containers/MultiMap done
Event: 6.671 loading class org/jetbrains/kotlin/com/intellij/openapi/util/VolatileNotNullLazyValue
Event: 6.671 loading class org/jetbrains/kotlin/com/intellij/openapi/util/VolatileNotNullLazyValue done
Event: 6.671 loading class org/jetbrains/kotlin/com/intellij/openapi/util/VolatileNotNullLazyValue$1
Event: 6.671 loading class org/jetbrains/kotlin/com/intellij/openapi/util/VolatileNotNullLazyValue$1 done
Event: 6.671 loading class org/jetbrains/kotlin/com/intellij/openapi/util/VolatileNotNullLazyValue
Event: 6.671 loading class org/jetbrains/kotlin/com/intellij/openapi/util/VolatileNotNullLazyValue done
Event: 6.671 loading class org/jetbrains/kotlin/com/intellij/openapi/util/VolatileNotNullLazyValue
Event: 6.671 loading class org/jetbrains/kotlin/com/intellij/openapi/util/VolatileNotNullLazyValue done
Event: 6.672 loading class org/jetbrains/kotlin/com/intellij/psi/impl/source/PsiJavaFileBaseImpl$MyResolveCacheProcessor
Event: 6.672 loading class org/jetbrains/kotlin/com/intellij/psi/impl/source/PsiJavaFileBaseImpl$MyResolveCacheProcessor done


Dynamic libraries:
0x00007ff60d7a0000 - 0x00007ff60d7aa000 	C:\Program Files (x86)\AndroidStudio\jre\bin\java.exe
0x00007ffce15f0000 - 0x00007ffce17e5000 	C:\windows\SYSTEM32\ntdll.dll
0x00007ffcdfc10000 - 0x00007ffcdfcce000 	C:\windows\System32\KERNEL32.DLL
0x00007ffcded10000 - 0x00007ffcdefd9000 	C:\windows\System32\KERNELBASE.dll
0x00007ffcdf330000 - 0x00007ffcdf430000 	C:\windows\System32\ucrtbase.dll
0x00007ffcc03e0000 - 0x00007ffcc03f7000 	C:\Program Files (x86)\AndroidStudio\jre\bin\VCRUNTIME140.dll
0x00007ffcc1240000 - 0x00007ffcc1259000 	C:\Program Files (x86)\AndroidStudio\jre\bin\jli.dll
0x00007ffcdf640000 - 0x00007ffcdf7e1000 	C:\windows\System32\USER32.dll
0x00007ffcdf300000 - 0x00007ffcdf322000 	C:\windows\System32\win32u.dll
0x00007ffccf4a0000 - 0x00007ffccf73a000 	C:\windows\WinSxS\amd64_microsoft.windows.common-controls_6595b64144ccf1df_6.0.19041.1110_none_60b5254171f9507e\COMCTL32.dll
0x00007ffce05a0000 - 0x00007ffce05cb000 	C:\windows\System32\GDI32.dll
0x00007ffcdf7f0000 - 0x00007ffcdf88e000 	C:\windows\System32\msvcrt.dll
0x00007ffcdf090000 - 0x00007ffcdf19b000 	C:\windows\System32\gdi32full.dll
0x00007ffcdf5a0000 - 0x00007ffcdf63d000 	C:\windows\System32\msvcp_win.dll
0x00007ffce0ee0000 - 0x00007ffce0f10000 	C:\windows\System32\IMM32.DLL
0x00007ffc7a1f0000 - 0x00007ffc7a28d000 	C:\Program Files (x86)\AndroidStudio\jre\bin\msvcp140.dll
0x00007ffc70060000 - 0x00007ffc70b45000 	C:\Program Files (x86)\AndroidStudio\jre\bin\server\jvm.dll
0x00007ffce0940000 - 0x00007ffce09ec000 	C:\windows\System32\ADVAPI32.dll
0x00007ffcdf890000 - 0x00007ffcdf92b000 	C:\windows\System32\sechost.dll
0x00007ffce0730000 - 0x00007ffce085a000 	C:\windows\System32\RPCRT4.dll
0x00007ffce0930000 - 0x00007ffce0938000 	C:\windows\System32\PSAPI.DLL
0x00007ffccacb0000 - 0x00007ffccacd7000 	C:\windows\SYSTEM32\WINMM.dll
0x00007ffcc8990000 - 0x00007ffcc8999000 	C:\windows\SYSTEM32\WSOCK32.dll
0x00007ffcdb830000 - 0x00007ffcdb83a000 	C:\windows\SYSTEM32\VERSION.dll
0x00007ffce0e70000 - 0x00007ffce0edb000 	C:\windows\System32\WS2_32.dll
0x00007ffcdd5c0000 - 0x00007ffcdd5d2000 	C:\windows\SYSTEM32\kernel.appcore.dll
0x00007ffcdb950000 - 0x00007ffcdb961000 	C:\Program Files (x86)\AndroidStudio\jre\bin\verify.dll
0x00007ffcdc720000 - 0x00007ffcdc904000 	C:\windows\SYSTEM32\DBGHELP.DLL
0x00007ffcd64f0000 - 0x00007ffcd651c000 	C:\windows\SYSTEM32\dbgcore.DLL
0x00007ffcdf430000 - 0x00007ffcdf4b3000 	C:\windows\System32\bcryptPrimitives.dll
0x00007ffcdb920000 - 0x00007ffcdb949000 	C:\Program Files (x86)\AndroidStudio\jre\bin\java.dll
0x00007ffcdb910000 - 0x00007ffcdb91b000 	C:\Program Files (x86)\AndroidStudio\jre\bin\jimage.dll
0x00007ffcd6580000 - 0x00007ffcd6598000 	C:\Program Files (x86)\AndroidStudio\jre\bin\zip.dll
0x00007ffcdfe00000 - 0x00007ffce053f000 	C:\windows\System32\SHELL32.dll
0x00007ffcdcd10000 - 0x00007ffcdd4a0000 	C:\windows\SYSTEM32\windows.storage.dll
0x00007ffce1250000 - 0x00007ffce15a5000 	C:\windows\System32\combase.dll
0x00007ffcde760000 - 0x00007ffcde78c000 	C:\windows\SYSTEM32\Wldp.dll
0x00007ffcdf930000 - 0x00007ffcdf9de000 	C:\windows\System32\SHCORE.dll
0x00007ffce0fa0000 - 0x00007ffce0ff5000 	C:\windows\System32\shlwapi.dll
0x00007ffcdec50000 - 0x00007ffcdec6f000 	C:\windows\SYSTEM32\profapi.dll
0x00007ffcd59a0000 - 0x00007ffcd59ba000 	C:\Program Files (x86)\AndroidStudio\jre\bin\net.dll
0x00007ffcd6630000 - 0x00007ffcd6738000 	C:\windows\SYSTEM32\WINHTTP.dll
0x00007ffcde470000 - 0x00007ffcde4da000 	C:\windows\system32\mswsock.dll
0x00007ffcd0d90000 - 0x00007ffcd0da4000 	C:\Program Files (x86)\AndroidStudio\jre\bin\nio.dll

dbghelp: loaded successfully - version: 4.0.5 - missing functions: none
symbol engine: initialized successfully - sym options: 0x614 - pdb path: .;C:\Program Files (x86)\AndroidStudio\jre\bin;C:\windows\SYSTEM32;C:\windows\WinSxS\amd64_microsoft.windows.common-controls_6595b64144ccf1df_6.0.19041.1110_none_60b5254171f9507e;C:\Program Files (x86)\AndroidStudio\jre\bin\server

VM Arguments:
java_command: org.jetbrains.kotlin.cli.jvm.K2JVMCompiler @C:\Trabajo\mianetMobile\app\build\20220510_6428416185183810695.compiler.options
java_class_path (initial): C:\Gradle\bin\.gradle\caches\modules-2\files-2.1\org.jetbrains.kotlin\kotlin-compiler-embeddable\1.6.21\97bdd5a752ce73b58ef16c17bc7f0ea2faff7a2e\kotlin-compiler-embeddable-1.6.21.jar;C:\Gradle\bin\.gradle\caches\modules-2\files-2.1\org.jetbrains.kotlin\kotlin-reflect\1.6.21\5dc3574d9b7bebfcb4ec6b10ada4aaa9e140bd0b\kotlin-reflect-1.6.21.jar;C:\Gradle\bin\.gradle\caches\modules-2\files-2.1\org.jetbrains.kotlin\kotlin-stdlib\1.6.21\11ef67f1900634fd951bad28c53ec957fabbe5b8\kotlin-stdlib-1.6.21.jar;C:\Gradle\bin\.gradle\caches\modules-2\files-2.1\org.jetbrains.kotlin\kotlin-script-runtime\1.6.21\99c6675100da5d6d5b1c5a1032f27f28008d101b\kotlin-script-runtime-1.6.21.jar;C:\Gradle\bin\.gradle\caches\modules-2\files-2.1\org.jetbrains.kotlin\kotlin-daemon-embeddable\1.6.21\46b78cf392e1c4f10854c3cadba44abb7b82250f\kotlin-daemon-embeddable-1.6.21.jar;C:\Gradle\bin\.gradle\caches\modules-2\files-2.1\org.jetbrains.intellij.deps\trove4j\1.0.20200330\3afb14d5f9ceb459d724e907a21145e8ff394f02\trove4j-1.0.20200330.jar;C:\Gradle\bin\.gradle\caches\modules-2\files-2.1\net.java.dev.jna\jna\5.6.0\330f2244e9030119ab3030fc3fededc86713d9cc\jna-5.6.0.jar;C:\Gradle\bin\.gradle\caches\modules-2\files-2.1\org.jetbrains.kotlin\kotlin-stdlib-common\1.6.21\5e5b55c26dbc80372a920aef60eb774b714559b8\kotlin-stdlib-common-1.6.21.jar;C:\Gradle\bin\.gradle\caches\modules-2\files-2.1\org.jetbrains\annotations\13.0\919f0dfe192fb4e063e7dacadee7f8bb9a2672a9\annotations-13.0.jar
Launcher Type: SUN_STANDARD

[Global flags]
     intx CICompilerCount                          = 4                                         {product} {ergonomic}
     uint ConcGCThreads                            = 2                                         {product} {ergonomic}
     uint G1ConcRefinementThreads                  = 8                                         {product} {ergonomic}
   size_t G1HeapRegionSize                         = 1048576                                   {product} {ergonomic}
    uintx GCDrainStackTargetSize                   = 64                                        {product} {ergonomic}
   size_t InitialHeapSize                          = 268435456                                 {product} {ergonomic}
   size_t MarkStackSize                            = 4194304                                   {product} {ergonomic}
   size_t MaxHeapSize                              = 4271898624                                {product} {ergonomic}
   size_t MaxNewSize                               = 2562719744                                {product} {ergonomic}
   size_t MinHeapDeltaBytes                        = 1048576                                   {product} {ergonomic}
    uintx NonNMethodCodeHeapSize                   = 5836300                                {pd product} {ergonomic}
    uintx NonProfiledCodeHeapSize                  = 122910970                              {pd product} {ergonomic}
    uintx ProfiledCodeHeapSize                     = 122910970                              {pd product} {ergonomic}
    uintx ReservedCodeCacheSize                    = 251658240                              {pd product} {ergonomic}
     bool SegmentedCodeCache                       = true                                      {product} {ergonomic}
     bool UseCompressedClassPointers               = true                                 {lp64_product} {ergonomic}
     bool UseCompressedOops                        = true                                 {lp64_product} {ergonomic}
     bool UseG1GC                                  = true                                      {product} {ergonomic}
     bool UseLargePagesIndividualAllocation        = false                                  {pd product} {ergonomic}

Logging:
Log output configuration:
 #0: stdout all=warning uptime,level,tags
 #1: stderr all=off uptime,level,tags

Environment Variables:
JAVA_HOME=C:\Program Files\Java\jdk-11.0.11
PATH=C:\Program Files\Common Files\Oracle\Java\javapath;C:\Python38\Scripts\;C:\Python38\;C:\Program Files\Java\jdk-11.0.11\bin;C:\Program Files\Microsoft MPI\Bin\;C:\WINDOWS\system32;C:\WINDOWS;C:\WINDOWS\System32\Wbem;C:\WINDOWS\System32\WindowsPowerShell\v1.0\;C:\WINDOWS\System32\OpenSSH\;C:\Program Files (x86)\NVIDIA Corporation\PhysX\Common;C:\Program Files\Intel\WiFi\bin\;C:\Program Files\Common Files\Intel\WirelessCommon\;C:\Program Files\dotnet\;C:\Program Files\Microsoft SQL Server\Client SDK\ODBC\110\Tools\Binn\;C:\Program Files (x86)\Microsoft SQL Server\120\Tools\Binn\;C:\Program Files\Microsoft SQL Server\120\Tools\Binn\;C:\Program Files\Microsoft SQL Server\120\DTS\Binn\;C:\Program Files (x86)\Microsoft SQL Server\120\Tools\Binn\ManagementStudio\;C:\Program Files (x86)\Microsoft SQL Server\120\DTS\Binn\;C:\Program Files (x86)\Microsoft SQL Server\Client SDK\ODBC\130\Tools\Binn\;C:\Program Files (x86)\Microsoft SQL Server\140\Tools\Binn\;C:\Program Files (x86)\Microsoft SQL Server\140\DTS\Binn\;C:\Program Files (x86)\Microsoft SQL Server\140\Tools\Binn\ManagementStudio\;c:\Program Files (x86)\Microsoft SQL Server\90\Tools\binn\;C:\Program Files\PuTTY\;C:\windows\system32\config\systemprofile\.dnx\bin;C:\Program Files\Microsoft DNX\Dnvm\;C:\Program Files (x86)\Microsoft SQL Server\130\DTS\Binn\;C:\Program Files\Microsoft SQL Server\Client SDK\ODBC\130\Tools\Binn\;C:\Program Files (x86)\Microsoft SQL Server\110\DTS\Binn\;C:\Program Files (x86)\Microsoft SQL Server\150\DTS\Binn\;C:\Program Files (x86)\Microsoft SQL Server\130\Tools\Binn\;C:\Program Files\Microsoft SQL Server\130\Tools\Binn\;C:\Program Files\Microsoft SQL Server\130\DTS\Binn\;C:\Program Files\Microsoft SQL Server\Client SDK\ODBC\170\Tools\Binn\;C:\windows\system32;C:\windows;C:\windows\System32\Wbem;C:\windows\System32\WindowsPowerShell\v1.0\;C:\windows\System32\OpenSSH\;C:\Program Files\Git\cmd;C:\Program Files\nodejs\;C:\ProgramData\chocolatey\bin;C:\Program Files\nodejs\bin;C:\Program Files
USERNAME=Manuel
OS=Windows_NT
PROCESSOR_IDENTIFIER=Intel64 Family 6 Model 94 Stepping 3, GenuineIntel



---------------  S Y S T E M  ---------------

OS: Windows 10 , 64 bit Build 19041 (10.0.19041.1202)
OS uptime: 0 days 4:08 hours

CPU:total 8 (initial active 8) (4 cores per cpu, 2 threads per core) family 6 model 94 stepping 3 microcode 0xcc, cmov, cx8, fxsr, mmx, sse, sse2, sse3, ssse3, sse4.1, sse4.2, popcnt, avx, avx2, aes, clmul, erms, rtm, 3dnowpref, lzcnt, ht, tsc, tscinvbit, bmi1, bmi2, adx, fma

Memory: 4k page, system-wide physical 16292M (7446M free)
TotalPageFile size 32676M (AvailPageFile size 21473M)
current process WorkingSet (physical memory assigned to process): 374M, peak: 376M
current process commit charge ("private bytes"): 523M, peak: 537M

vm_info: OpenJDK 64-Bit Server VM (11.0.12+7-b1504.28-7817840) for windows-amd64 JRE (11.0.12+7-b1504.28-7817840), built on Oct 13 2021 22:12:33 by "builder" with MS VC++ 14.0 (VS2015)

END.
