#
# A fatal error has been detected by the Java Runtime Environment:
#
#  EXCEPTION_ACCESS_VIOLATION (0xc0000005) at pc=0x00007ffde34dc925, pid=1404, tid=20860
#
# JRE version: Java(TM) SE Runtime Environment 18.9 (11.0.11+9) (build 11.0.11+9-LTS-194)
# Java VM: Java HotSpot(TM) 64-Bit Server VM 18.9 (11.0.11+9-LTS-194, mixed mode, tiered, compressed oops, g1 gc, windows-amd64)
# Problematic frame:
# V  [jvm.dll+0x1ec925]
#
# No core dump will be written. Minidumps are not enabled by default on client versions of Windows
#
# If you would like to submit a bug report, please visit:
#   https://bugreport.java.com/bugreport/crash.jsp
#

---------------  S U M M A R Y ------------

Command Line: --add-opens=java.base/java.util=ALL-UNNAMED --add-opens=java.base/java.lang=ALL-UNNAMED --add-opens=java.base/java.lang.invoke=ALL-UNNAMED --add-opens=java.base/java.util=ALL-UNNAMED --add-opens=java.prefs/java.util.prefs=ALL-UNNAMED --add-opens=java.prefs/java.util.prefs=ALL-UNNAMED --add-opens=java.base/java.nio.charset=ALL-UNNAMED --add-opens=java.base/java.net=ALL-UNNAMED --add-opens=java.base/java.util.concurrent.atomic=ALL-UNNAMED -Xmx2048m -Dfile.encoding=UTF-8 -Duser.country=ES -Duser.language=es -Duser.variant org.gradle.launcher.daemon.bootstrap.GradleDaemon 7.2

Host: Intel(R) Core(TM) i7-6700HQ CPU @ 2.60GHz, 8 cores, 15G,  Windows 10 , 64 bit Build 19041 (10.0.19041.1202)
Time: Thu Mar 24 18:11:50 2022 Hora estándar romance elapsed time: 3873.193876 seconds (0d 1h 4m 33s)

---------------  T H R E A D  ---------------

Current thread (0x000002a3d869f000):  ConcurrentGCThread "G1 Conc#1" [stack: 0x000000b2bfd00000,0x000000b2bfe00000] [id=20860]

Stack: [0x000000b2bfd00000,0x000000b2bfe00000],  sp=0x000000b2bfdff9c0,  free space=1022k
Native frames: (J=compiled Java code, j=interpreted, Vv=VM code, C=native code)
V  [jvm.dll+0x1ec925]
V  [jvm.dll+0x2e18e6]
V  [jvm.dll+0x2ddf3b]
V  [jvm.dll+0x2df9bc]
V  [jvm.dll+0x2de92e]
V  [jvm.dll+0x2e2376]
V  [jvm.dll+0x77a9d0]
V  [jvm.dll+0x70dfc4]
V  [jvm.dll+0x6160f6]
C  [ucrtbase.dll+0x21bb2]
C  [KERNEL32.DLL+0x17034]
C  [ntdll.dll+0x52651]


siginfo: EXCEPTION_ACCESS_VIOLATION (0xc0000005), reading address 0x0000000000000010


Register to memory mapping:

RIP=0x00007ffde34dc925 jvm.dll
RAX=0x0000000000000008 is an unknown value
RBX=0x0000000088f7c640 is pointing into object: com.android.tools.r8.code.O1 
{0x0000000088f7c628} - klass: 'com/android/tools/r8/code/O1'
RCX=0x0000000000000003 is an unknown value
RDX=0x0000000000000001 is an unknown value
RSP=0x000000b2bfdff9c0 points into unknown readable memory: 0e 27 07 00 00 00 00 00
RBP=0x000000b2bfdffab0 points into unknown readable memory: 20 cc 5d b5 a3 02 00 00
RSI=0x000000b2bfdffab0 points into unknown readable memory: 20 cc 5d b5 a3 02 00 00
RDI=0x000002a3b55f3e00 points into unknown readable memory: f0 0a b4 e3 fd 7f 00 00
R8 =0x0000000088f7c640 is pointing into object: com.android.tools.r8.code.O1 
{0x0000000088f7c628} - klass: 'com/android/tools/r8/code/O1'
R9 =0x0000000000000001 is an unknown value
R10=0x0 is NULL
R11=0x000002a3cd980000 points into unknown readable memory: 09 20 20 41 10 90 00 00
R12=0x000002a3b55f3f40 points into unknown readable memory: 10 7a b8 e3 fd 7f 00 00
R13=0x0 is NULL
R14=0x000002a3b55dcc38 points into unknown readable memory: 00 00 00 80 00 00 00 00
R15=0x000002a3d5e91c01 points into unknown readable memory: 00 49 00 50 00 29 00


Registers:
RAX=0x0000000000000008, RBX=0x0000000088f7c640, RCX=0x0000000000000003, RDX=0x0000000000000001
RSP=0x000000b2bfdff9c0, RBP=0x000000b2bfdffab0, RSI=0x000000b2bfdffab0, RDI=0x000002a3b55f3e00
R8 =0x0000000088f7c640, R9 =0x0000000000000001, R10=0x0000000000000000, R11=0x000002a3cd980000
R12=0x000002a3b55f3f40, R13=0x0000000000000000, R14=0x000002a3b55dcc38, R15=0x000002a3d5e91c01
RIP=0x00007ffde34dc925, EFLAGS=0x0000000000010202

Top of Stack: (sp=0x000000b2bfdff9c0)
0x000000b2bfdff9c0:   000000000007270e 00000000034014b2
0x000000b2bfdff9d0:   0000576daa48ebe7 000002a3b55f3e00
0x000000b2bfdff9e0:   000002a3b55f3e00 00007ffde35d18e6
0x000000b2bfdff9f0:   000002a3b55f3e00 0000000088f00000
0x000000b2bfdffa00:   000002a3b55f3e00 00007ffde3900bac
0x000000b2bfdffa10:   0000000001200000 00007ffde35cdf3b
0x000000b2bfdffa20:   00000000011ef8c8 0000000000e5f679
0x000000b2bfdffa30:   000000b2bfdffa60 000000b2bfdffab0
0x000000b2bfdffa40:   0000000088f7c640 00007ffde35cf9bc
0x000000b2bfdffa50:   0000000088f7c640 00007ffde35d0b1e
0x000000b2bfdffa60:   00000000011ef8c8 000000000007270e
0x000000b2bfdffa70:   000002a3d5e91c01 000002a3d5e91890
0x000000b2bfdffa80:   000002a3b55f3e00 00007ffde35ce92e
0x000000b2bfdffa90:   aaaaaaaaaaaaaaab 0000000000000000
0x000000b2bfdffaa0:   0000000088f00000 0000000088d00000
0x000000b2bfdffab0:   000002a3b55dcc20 000002a3b55f3e00 

Instructions: (pc=0x00007ffde34dc925)
0x00007ffde34dc905:   8b 15 c5 77 7f 00 84 d2 74 0f 45 8b 48 08 41 8b
0x00007ffde34dc915:   c1 48 d3 e0 49 03 c2 eb 07 49 8b 40 08 44 8b c8
0x00007ffde34dc925:   81 78 08 00 00 00 c0 7d 2e 84 d2 74 0b 41 8b d1
0x00007ffde34dc935:   48 d3 e2 49 03 d2 eb 04 49 8b 50 08 49 8b c8 e8 


Stack slot to memory mapping:
stack at sp + 0 slots: 0x000000000007270e is an unknown value
stack at sp + 1 slots: 0x00000000034014b2 is an unknown value
stack at sp + 2 slots: 0x0000576daa48ebe7 is an unknown value
stack at sp + 3 slots: 0x000002a3b55f3e00 points into unknown readable memory: f0 0a b4 e3 fd 7f 00 00
stack at sp + 4 slots: 0x000002a3b55f3e00 points into unknown readable memory: f0 0a b4 e3 fd 7f 00 00
stack at sp + 5 slots: 0x00007ffde35d18e6 jvm.dll
stack at sp + 6 slots: 0x000002a3b55f3e00 points into unknown readable memory: f0 0a b4 e3 fd 7f 00 00
stack at sp + 7 slots: 0x0000000088f00000 is an oop: com.android.tools.r8.graph.S0 
{0x0000000088f00000} - klass: 'com/android/tools/r8/graph/S0'


---------------  P R O C E S S  ---------------

Threads class SMR info:
_java_thread_list=0x000002a3dd3c5a60, length=140, elements={
0x000002a3b559d800, 0x000002a3d4c3e800, 0x000002a3d4c48000, 0x000002a3d4c9e000,
0x000002a3d4c9f800, 0x000002a3d4ca0800, 0x000002a3d4ca4000, 0x000002a3d4ca6000,
0x000002a3d4e13000, 0x000002a3d4e35800, 0x000002a3d744b800, 0x000002a3d7c62800,
0x000002a3d5c3e000, 0x000002a3d7384800, 0x000002a3d7386000, 0x000002a3d7381800,
0x000002a3d7385800, 0x000002a3d7382000, 0x000002a3d8c84000, 0x000002a3d8c82800,
0x000002a3d8c81000, 0x000002a3d8c80000, 0x000002a3d8c85000, 0x000002a3da0a1000,
0x000002a3da0a6000, 0x000002a3da0a3000, 0x000002a3da0a0800, 0x000002a3da0a7800,
0x000002a3da0a7000, 0x000002a3dd55c800, 0x000002a3dd55b800, 0x000002a3dd559800,
0x000002a3dd557800, 0x000002a3dd55a000, 0x000002a3df973800, 0x000002a3da55e000,
0x000002a3dbbdf800, 0x000002a3dbbe0800, 0x000002a3dbbe6000, 0x000002a3dbbe1000,
0x000002a3dbbe7000, 0x000002a3dbbe8000, 0x000002a3dbbe2000, 0x000002a3dbbe8800,
0x000002a3dbbe3800, 0x000002a3dbbe3000, 0x000002a3dbbe9800, 0x000002a3dbbea000,
0x000002a3dbbe4800, 0x000002a3dbbed800, 0x000002a3dbbeb000, 0x000002a3dbbec000,
0x000002a3dbbec800, 0x000002a3dbbee800, 0x000002a3da562000, 0x000002a3da564000,
0x000002a3da55f800, 0x000002a3da560800, 0x000002a3da563000, 0x000002a3da564800,
0x000002a3da561800, 0x000002a3da55f000, 0x000002a3da565800, 0x000002a3da56b000,
0x000002a3da566000, 0x000002a3da568800, 0x000002a3da56c000, 0x000002a3da56d000,
0x000002a3da567000, 0x000002a3da568000, 0x000002a3da569800, 0x000002a3da56a800,
0x000002a3df971000, 0x000002a3df972000, 0x000002a3df96f000, 0x000002a3df974800,
0x000002a3df975800, 0x000002a3df96f800, 0x000002a3df977000, 0x000002a3df978800,
0x000002a3df973000, 0x000002a3df978000, 0x000002a3df97c000, 0x000002a3df976000,
0x000002a3df97b000, 0x000002a3df979800, 0x000002a3df97a000, 0x000002a3df97c800,
0x000002a3df97d800, 0x000002a3d8c7e800, 0x000002a3d8c7f000, 0x000002a3d8c87800,
0x000002a3d8c8b800, 0x000002a3d8c85800, 0x000002a3d8c88000, 0x000002a3d8c89000,
0x000002a3d8c8a000, 0x000002a3d8c8c800, 0x000002a3d8c86800, 0x000002a3d8c8a800,
0x000002a3d8c8d000, 0x000002a3da09f800, 0x000002a3da0a3800, 0x000002a3da0a2000,
0x000002a3da0a4800, 0x000002a3da0a9800, 0x000002a3da0aa000, 0x000002a3da0ab000,
0x000002a3da0a5800, 0x000002a3da0ae800, 0x000002a3da0ac000, 0x000002a3da0ad800,
0x000002a3da0ac800, 0x000002a3dc021800, 0x000002a3dc01c000, 0x000002a3dc01d000,
0x000002a3dc01d800, 0x000002a3dc01e800, 0x000002a3dc01f800, 0x000002a3dc020000,
0x000002a3dc021000, 0x000002a3dd558800, 0x000002a3dd55b000, 0x000002a3dd55d800,
0x000002a3dd55e000, 0x000002a3d7380800, 0x000002a3d7384000, 0x000002a3d7387000,
0x000002a3d7383000, 0x000002a3d7137000, 0x000002a3d7131800, 0x000002a3d7138000,
0x000002a3d7133800, 0x000002a3d7132000, 0x000002a3d7134800, 0x000002a3d7138800,
0x000002a3d7133000, 0x000002a3d7139800, 0x000002a3d713b000, 0x000002a3d7135800
}

Java Threads: ( => current thread )
  0x000002a3b559d800 JavaThread "main" [_thread_blocked, id=16044, stack(0x000000b2bd800000,0x000000b2bd900000)]
  0x000002a3d4c3e800 JavaThread "Reference Handler" daemon [_thread_blocked, id=26928, stack(0x000000b2bdf00000,0x000000b2be000000)]
  0x000002a3d4c48000 JavaThread "Finalizer" daemon [_thread_blocked, id=19528, stack(0x000000b2be000000,0x000000b2be100000)]
  0x000002a3d4c9e000 JavaThread "Signal Dispatcher" daemon [_thread_blocked, id=18124, stack(0x000000b2be100000,0x000000b2be200000)]
  0x000002a3d4c9f800 JavaThread "Attach Listener" daemon [_thread_blocked, id=17092, stack(0x000000b2be200000,0x000000b2be300000)]
  0x000002a3d4ca0800 JavaThread "C2 CompilerThread0" daemon [_thread_blocked, id=8352, stack(0x000000b2be300000,0x000000b2be400000)]
  0x000002a3d4ca4000 JavaThread "C1 CompilerThread0" daemon [_thread_blocked, id=3920, stack(0x000000b2be400000,0x000000b2be500000)]
  0x000002a3d4ca6000 JavaThread "Sweeper thread" daemon [_thread_blocked, id=5412, stack(0x000000b2be500000,0x000000b2be600000)]
  0x000002a3d4e13000 JavaThread "Common-Cleaner" daemon [_thread_blocked, id=20568, stack(0x000000b2be600000,0x000000b2be700000)]
  0x000002a3d4e35800 JavaThread "Service Thread" daemon [_thread_blocked, id=26792, stack(0x000000b2be700000,0x000000b2be800000)]
  0x000002a3d744b800 JavaThread "Daemon health stats" [_thread_blocked, id=14280, stack(0x000000b2bf000000,0x000000b2bf100000)]
  0x000002a3d7c62800 JavaThread "Incoming local TCP Connector on port 20791" [_thread_in_native, id=13860, stack(0x000000b2be900000,0x000000b2bea00000)]
  0x000002a3d5c3e000 JavaThread "Daemon periodic checks" [_thread_blocked, id=4572, stack(0x000000b2bef00000,0x000000b2bf000000)]
  0x000002a3d7384800 JavaThread "Cache worker for journal cache (C:\Gradle\bin\.gradle\caches\journal-1)" [_thread_blocked, id=11876, stack(0x000000b2bf800000,0x000000b2bf900000)]
  0x000002a3d7386000 JavaThread "File lock request listener" [_thread_in_native, id=27368, stack(0x000000b2bf900000,0x000000b2bfa00000)]
  0x000002a3d7381800 JavaThread "Cache worker for file hash cache (C:\Gradle\bin\.gradle\caches\7.2\fileHashes)" [_thread_blocked, id=22296, stack(0x000000b2bfa00000,0x000000b2bfb00000)]
  0x000002a3d7385800 JavaThread "File watcher server" daemon [_thread_in_native, id=2340, stack(0x000000b2c0000000,0x000000b2c0100000)]
  0x000002a3d7382000 JavaThread "File watcher consumer" daemon [_thread_blocked, id=17596, stack(0x000000b2c0100000,0x000000b2c0200000)]
  0x000002a3d8c84000 JavaThread "Cache worker for execution history cache (C:\Gradle\bin\.gradle\caches\7.2\executionHistory)" [_thread_blocked, id=26820, stack(0x000000b2c0600000,0x000000b2c0700000)]
  0x000002a3d8c82800 JavaThread "jar transforms" [_thread_blocked, id=16052, stack(0x000000b2c0700000,0x000000b2c0800000)]
  0x000002a3d8c81000 JavaThread "jar transforms Thread 2" [_thread_blocked, id=12604, stack(0x000000b2c0800000,0x000000b2c0900000)]
  0x000002a3d8c80000 JavaThread "Cache worker for file content cache (C:\Gradle\bin\.gradle\caches\7.2\fileContent)" [_thread_blocked, id=20648, stack(0x000000b2c0900000,0x000000b2c0a00000)]
  0x000002a3d8c85000 JavaThread "jar transforms Thread 3" [_thread_blocked, id=26884, stack(0x000000b2c0b00000,0x000000b2c0c00000)]
  0x000002a3da0a1000 JavaThread "jar transforms Thread 4" [_thread_blocked, id=25048, stack(0x000000b2c5d00000,0x000000b2c5e00000)]
  0x000002a3da0a6000 JavaThread "jar transforms Thread 5" [_thread_blocked, id=19412, stack(0x000000b2c5e00000,0x000000b2c5f00000)]
  0x000002a3da0a3000 JavaThread "jar transforms Thread 6" [_thread_blocked, id=808, stack(0x000000b2c5f00000,0x000000b2c6000000)]
  0x000002a3da0a0800 JavaThread "jar transforms Thread 7" [_thread_blocked, id=8124, stack(0x000000b2c6000000,0x000000b2c6100000)]
  0x000002a3da0a7800 JavaThread "jar transforms Thread 8" [_thread_blocked, id=28500, stack(0x000000b2c6100000,0x000000b2c6200000)]
  0x000002a3da0a7000 JavaThread "Memory manager" [_thread_blocked, id=27988, stack(0x000000b2c6200000,0x000000b2c6300000)]
  0x000002a3dd55c800 JavaThread "RMI Scheduler(0)" daemon [_thread_blocked, id=14412, stack(0x000000b2bfe00000,0x000000b2bff00000)]
  0x000002a3dd55b800 JavaThread "RMI GC Daemon" daemon [_thread_blocked, id=22760, stack(0x000000b2c6c00000,0x000000b2c6d00000)]
  0x000002a3dd559800 JavaThread "RMI TCP Accept-0" daemon [_thread_in_native, id=27892, stack(0x000000b2c6d00000,0x000000b2c6e00000)]
  0x000002a3dd557800 JavaThread "RMI Reaper" [_thread_blocked, id=11196, stack(0x000000b2c6e00000,0x000000b2c6f00000)]
  0x000002a3dd55a000 JavaThread "Cache worker for Java compile cache (C:\Gradle\bin\.gradle\caches\7.2\javaCompile)" [_thread_blocked, id=25764, stack(0x000000b2c7100000,0x000000b2c7200000)]
  0x000002a3df973800 JavaThread "Java2D Disposer" daemon [_thread_blocked, id=27320, stack(0x000000b2c7700000,0x000000b2c7800000)]
  0x000002a3da55e000 JavaThread "ForkJoinPool.commonPool-worker-1" daemon [_thread_blocked, id=16012, stack(0x000000b2c9000000,0x000000b2c9100000)]
  0x000002a3dbbdf800 JavaThread "Daemon Thread 7" [_thread_blocked, id=13088, stack(0x000000b2bd500000,0x000000b2bd600000)]
  0x000002a3dbbe0800 JavaThread "Handler for socket connection from /127.0.0.1:20791 to /127.0.0.1:20041" [_thread_in_native, id=28220, stack(0x000000b2bd600000,0x000000b2bd700000)]
  0x000002a3dbbe6000 JavaThread "Cancel handler" [_thread_blocked, id=17548, stack(0x000000b2bd700000,0x000000b2bd800000)]
  0x000002a3dbbe1000 JavaThread "Daemon worker Thread 7" [_thread_blocked, id=15968, stack(0x000000b2bf100000,0x000000b2bf200000)]
  0x000002a3dbbe7000 JavaThread "Asynchronous log dispatcher for DefaultDaemonConnection: socket connection from /127.0.0.1:20791 to /127.0.0.1:20041" [_thread_blocked, id=3108, stack(0x000000b2bf200000,0x000000b2bf300000)]
  0x000002a3dbbe8000 JavaThread "Stdin handler" [_thread_blocked, id=23428, stack(0x000000b2bf300000,0x000000b2bf400000)]
  0x000002a3dbbe2000 JavaThread "Daemon client event forwarder" [_thread_blocked, id=6588, stack(0x000000b2bf400000,0x000000b2bf500000)]
  0x000002a3dbbe8800 JavaThread "Cache worker for file hash cache (C:\Trabajo\ProjectLogin\.gradle\7.2\fileHashes)" [_thread_blocked, id=17748, stack(0x000000b2bf500000,0x000000b2bf600000)]
  0x000002a3dbbe3800 JavaThread "Cache worker for checksums cache (C:\Trabajo\ProjectLogin\.gradle\checksums)" [_thread_blocked, id=26096, stack(0x000000b2bf600000,0x000000b2bf700000)]
  0x000002a3dbbe3000 JavaThread "Cache worker for cache directory md-supplier (C:\Gradle\bin\.gradle\caches\7.2\md-supplier)" [_thread_blocked, id=11276, stack(0x000000b2bf700000,0x000000b2bf800000)]
  0x000002a3dbbe9800 JavaThread "Cache worker for cache directory md-rule (C:\Gradle\bin\.gradle\caches\7.2\md-rule)" [_thread_blocked, id=2956, stack(0x000000b2bff00000,0x000000b2c0000000)]
  0x000002a3dbbea000 JavaThread "Cache worker for dependencies-accessors (C:\Trabajo\ProjectLogin\.gradle\7.2\dependencies-accessors)" [_thread_blocked, id=7648, stack(0x000000b2c0200000,0x000000b2c0300000)]
  0x000002a3dbbe4800 JavaThread "Cache worker for Build Output Cleanup Cache (C:\Trabajo\ProjectLogin\.gradle\buildOutputCleanup)" [_thread_blocked, id=6124, stack(0x000000b2c0300000,0x000000b2c0400000)]
  0x000002a3dbbed800 JavaThread "C2 CompilerThread1" daemon [_thread_in_native, id=25852, stack(0x000000b2c0400000,0x000000b2c0500000)]
  0x000002a3dbbeb000 JavaThread "C2 CompilerThread2" daemon [_thread_blocked, id=10284, stack(0x000000b2c0500000,0x000000b2c0600000)]
  0x000002a3dbbec000 JavaThread "Unconstrained build operations" [_thread_blocked, id=5560, stack(0x000000b2c0a00000,0x000000b2c0b00000)]
  0x000002a3dbbec800 JavaThread "Unconstrained build operations Thread 2" [_thread_blocked, id=28744, stack(0x000000b2c0c00000,0x000000b2c0d00000)]
  0x000002a3dbbee800 JavaThread "Unconstrained build operations Thread 3" [_thread_blocked, id=25948, stack(0x000000b2c0d00000,0x000000b2c0e00000)]
  0x000002a3da562000 JavaThread "Unconstrained build operations Thread 4" [_thread_blocked, id=6440, stack(0x000000b2c0e00000,0x000000b2c0f00000)]
  0x000002a3da564000 JavaThread "Unconstrained build operations Thread 5" [_thread_blocked, id=28988, stack(0x000000b2c0f00000,0x000000b2c1000000)]
  0x000002a3da55f800 JavaThread "Unconstrained build operations Thread 6" [_thread_blocked, id=16420, stack(0x000000b2c1000000,0x000000b2c1100000)]
  0x000002a3da560800 JavaThread "Unconstrained build operations Thread 7" [_thread_blocked, id=15588, stack(0x000000b2c1100000,0x000000b2c1200000)]
  0x000002a3da563000 JavaThread "Unconstrained build operations Thread 8" [_thread_blocked, id=6108, stack(0x000000b2c1200000,0x000000b2c1300000)]
  0x000002a3da564800 JavaThread "Unconstrained build operations Thread 9" [_thread_blocked, id=19592, stack(0x000000b2c1300000,0x000000b2c1400000)]
  0x000002a3da561800 JavaThread "Unconstrained build operations Thread 10" [_thread_blocked, id=15380, stack(0x000000b2c1400000,0x000000b2c1500000)]
  0x000002a3da55f000 JavaThread "Unconstrained build operations Thread 11" [_thread_blocked, id=23600, stack(0x000000b2c1500000,0x000000b2c1600000)]
  0x000002a3da565800 JavaThread "Unconstrained build operations Thread 12" [_thread_blocked, id=26256, stack(0x000000b2c1600000,0x000000b2c1700000)]
  0x000002a3da56b000 JavaThread "Unconstrained build operations Thread 13" [_thread_blocked, id=23188, stack(0x000000b2c1700000,0x000000b2c1800000)]
  0x000002a3da566000 JavaThread "Unconstrained build operations Thread 14" [_thread_blocked, id=15672, stack(0x000000b2c1800000,0x000000b2c1900000)]
  0x000002a3da568800 JavaThread "Unconstrained build operations Thread 15" [_thread_blocked, id=22208, stack(0x000000b2c1900000,0x000000b2c1a00000)]
  0x000002a3da56c000 JavaThread "Unconstrained build operations Thread 16" [_thread_blocked, id=16228, stack(0x000000b2c1a00000,0x000000b2c1b00000)]
  0x000002a3da56d000 JavaThread "Unconstrained build operations Thread 17" [_thread_blocked, id=29220, stack(0x000000b2c1b00000,0x000000b2c1c00000)]
  0x000002a3da567000 JavaThread "Unconstrained build operations Thread 18" [_thread_blocked, id=27328, stack(0x000000b2c1c00000,0x000000b2c1d00000)]
  0x000002a3da568000 JavaThread "Unconstrained build operations Thread 19" [_thread_blocked, id=27956, stack(0x000000b2c1d00000,0x000000b2c1e00000)]
  0x000002a3da569800 JavaThread "Unconstrained build operations Thread 20" [_thread_blocked, id=19408, stack(0x000000b2c1e00000,0x000000b2c1f00000)]
  0x000002a3da56a800 JavaThread "Unconstrained build operations Thread 21" [_thread_blocked, id=19672, stack(0x000000b2c1f00000,0x000000b2c2000000)]
  0x000002a3df971000 JavaThread "Unconstrained build operations Thread 22" [_thread_blocked, id=1536, stack(0x000000b2c2000000,0x000000b2c2100000)]
  0x000002a3df972000 JavaThread "Unconstrained build operations Thread 23" [_thread_blocked, id=24784, stack(0x000000b2c2100000,0x000000b2c2200000)]
  0x000002a3df96f000 JavaThread "Unconstrained build operations Thread 24" [_thread_blocked, id=19612, stack(0x000000b2c2200000,0x000000b2c2300000)]
  0x000002a3df974800 JavaThread "Unconstrained build operations Thread 25" [_thread_blocked, id=1352, stack(0x000000b2c2300000,0x000000b2c2400000)]
  0x000002a3df975800 JavaThread "Unconstrained build operations Thread 26" [_thread_blocked, id=16936, stack(0x000000b2c2400000,0x000000b2c2500000)]
  0x000002a3df96f800 JavaThread "Unconstrained build operations Thread 27" [_thread_blocked, id=12432, stack(0x000000b2c2500000,0x000000b2c2600000)]
  0x000002a3df977000 JavaThread "Unconstrained build operations Thread 28" [_thread_blocked, id=23152, stack(0x000000b2c2600000,0x000000b2c2700000)]
  0x000002a3df978800 JavaThread "Unconstrained build operations Thread 29" [_thread_blocked, id=25536, stack(0x000000b2c2700000,0x000000b2c2800000)]
  0x000002a3df973000 JavaThread "Unconstrained build operations Thread 30" [_thread_blocked, id=24644, stack(0x000000b2c2800000,0x000000b2c2900000)]
  0x000002a3df978000 JavaThread "Unconstrained build operations Thread 31" [_thread_blocked, id=4344, stack(0x000000b2c2900000,0x000000b2c2a00000)]
  0x000002a3df97c000 JavaThread "Unconstrained build operations Thread 32" [_thread_blocked, id=24592, stack(0x000000b2c2a00000,0x000000b2c2b00000)]
  0x000002a3df976000 JavaThread "Unconstrained build operations Thread 33" [_thread_blocked, id=10508, stack(0x000000b2c2b00000,0x000000b2c2c00000)]
  0x000002a3df97b000 JavaThread "Unconstrained build operations Thread 34" [_thread_blocked, id=29356, stack(0x000000b2c2c00000,0x000000b2c2d00000)]
  0x000002a3df979800 JavaThread "Unconstrained build operations Thread 35" [_thread_blocked, id=20004, stack(0x000000b2c2d00000,0x000000b2c2e00000)]
  0x000002a3df97a000 JavaThread "Unconstrained build operations Thread 36" [_thread_blocked, id=24332, stack(0x000000b2c2e00000,0x000000b2c2f00000)]
  0x000002a3df97c800 JavaThread "Unconstrained build operations Thread 37" [_thread_blocked, id=26088, stack(0x000000b2c2f00000,0x000000b2c3000000)]
  0x000002a3df97d800 JavaThread "Unconstrained build operations Thread 38" [_thread_blocked, id=14720, stack(0x000000b2c3000000,0x000000b2c3100000)]
  0x000002a3d8c7e800 JavaThread "Unconstrained build operations Thread 39" [_thread_blocked, id=15104, stack(0x000000b2c3100000,0x000000b2c3200000)]
  0x000002a3d8c7f000 JavaThread "Unconstrained build operations Thread 40" [_thread_blocked, id=16864, stack(0x000000b2c3200000,0x000000b2c3300000)]
  0x000002a3d8c87800 JavaThread "Unconstrained build operations Thread 41" [_thread_blocked, id=24860, stack(0x000000b2c3300000,0x000000b2c3400000)]
  0x000002a3d8c8b800 JavaThread "Unconstrained build operations Thread 42" [_thread_blocked, id=15492, stack(0x000000b2c3400000,0x000000b2c3500000)]
  0x000002a3d8c85800 JavaThread "Unconstrained build operations Thread 43" [_thread_blocked, id=4100, stack(0x000000b2c3500000,0x000000b2c3600000)]
  0x000002a3d8c88000 JavaThread "Unconstrained build operations Thread 44" [_thread_blocked, id=7704, stack(0x000000b2c3600000,0x000000b2c3700000)]
  0x000002a3d8c89000 JavaThread "Unconstrained build operations Thread 45" [_thread_blocked, id=24228, stack(0x000000b2c3700000,0x000000b2c3800000)]
  0x000002a3d8c8a000 JavaThread "Unconstrained build operations Thread 46" [_thread_blocked, id=8420, stack(0x000000b2c3800000,0x000000b2c3900000)]
  0x000002a3d8c8c800 JavaThread "Unconstrained build operations Thread 47" [_thread_blocked, id=11012, stack(0x000000b2c3900000,0x000000b2c3a00000)]
  0x000002a3d8c86800 JavaThread "Unconstrained build operations Thread 48" [_thread_blocked, id=27316, stack(0x000000b2c3a00000,0x000000b2c3b00000)]
  0x000002a3d8c8a800 JavaThread "Unconstrained build operations Thread 49" [_thread_blocked, id=12076, stack(0x000000b2c3b00000,0x000000b2c3c00000)]
  0x000002a3d8c8d000 JavaThread "Unconstrained build operations Thread 50" [_thread_blocked, id=24524, stack(0x000000b2c3c00000,0x000000b2c3d00000)]
  0x000002a3da09f800 JavaThread "Unconstrained build operations Thread 51" [_thread_blocked, id=20536, stack(0x000000b2c3d00000,0x000000b2c3e00000)]
  0x000002a3da0a3800 JavaThread "Unconstrained build operations Thread 52" [_thread_blocked, id=8732, stack(0x000000b2c3e00000,0x000000b2c3f00000)]
  0x000002a3da0a2000 JavaThread "Unconstrained build operations Thread 53" [_thread_blocked, id=16056, stack(0x000000b2c3f00000,0x000000b2c4000000)]
  0x000002a3da0a4800 JavaThread "Unconstrained build operations Thread 54" [_thread_blocked, id=15760, stack(0x000000b2c4000000,0x000000b2c4100000)]
  0x000002a3da0a9800 JavaThread "Unconstrained build operations Thread 55" [_thread_blocked, id=2656, stack(0x000000b2c4100000,0x000000b2c4200000)]
  0x000002a3da0aa000 JavaThread "Unconstrained build operations Thread 56" [_thread_blocked, id=12632, stack(0x000000b2c4200000,0x000000b2c4300000)]
  0x000002a3da0ab000 JavaThread "Unconstrained build operations Thread 57" [_thread_blocked, id=24792, stack(0x000000b2c4300000,0x000000b2c4400000)]
  0x000002a3da0a5800 JavaThread "Unconstrained build operations Thread 58" [_thread_blocked, id=2848, stack(0x000000b2c4400000,0x000000b2c4500000)]
  0x000002a3da0ae800 JavaThread "Unconstrained build operations Thread 59" [_thread_blocked, id=26892, stack(0x000000b2c4500000,0x000000b2c4600000)]
  0x000002a3da0ac000 JavaThread "Unconstrained build operations Thread 60" [_thread_blocked, id=18140, stack(0x000000b2c4600000,0x000000b2c4700000)]
  0x000002a3da0ad800 JavaThread "Unconstrained build operations Thread 61" [_thread_blocked, id=26108, stack(0x000000b2c4700000,0x000000b2c4800000)]
  0x000002a3da0ac800 JavaThread "Unconstrained build operations Thread 62" [_thread_blocked, id=25296, stack(0x000000b2c4800000,0x000000b2c4900000)]
  0x000002a3dc021800 JavaThread "Unconstrained build operations Thread 63" [_thread_blocked, id=19264, stack(0x000000b2c4900000,0x000000b2c4a00000)]
  0x000002a3dc01c000 JavaThread "Unconstrained build operations Thread 64" [_thread_blocked, id=14568, stack(0x000000b2c4a00000,0x000000b2c4b00000)]
  0x000002a3dc01d000 JavaThread "Unconstrained build operations Thread 65" [_thread_blocked, id=13744, stack(0x000000b2c4b00000,0x000000b2c4c00000)]
  0x000002a3dc01d800 JavaThread "Unconstrained build operations Thread 66" [_thread_blocked, id=16924, stack(0x000000b2c4c00000,0x000000b2c4d00000)]
  0x000002a3dc01e800 JavaThread "Unconstrained build operations Thread 67" [_thread_blocked, id=27200, stack(0x000000b2c4d00000,0x000000b2c4e00000)]
  0x000002a3dc01f800 JavaThread "Unconstrained build operations Thread 68" [_thread_blocked, id=11044, stack(0x000000b2c4e00000,0x000000b2c4f00000)]
  0x000002a3dc020000 JavaThread "Unconstrained build operations Thread 69" [_thread_blocked, id=13932, stack(0x000000b2c4f00000,0x000000b2c5000000)]
  0x000002a3dc021000 JavaThread "Unconstrained build operations Thread 70" [_thread_blocked, id=26652, stack(0x000000b2c5000000,0x000000b2c5100000)]
  0x000002a3dd558800 JavaThread "Unconstrained build operations Thread 71" [_thread_blocked, id=17536, stack(0x000000b2c5100000,0x000000b2c5200000)]
  0x000002a3dd55b000 JavaThread "Unconstrained build operations Thread 72" [_thread_blocked, id=5840, stack(0x000000b2c5200000,0x000000b2c5300000)]
  0x000002a3dd55d800 JavaThread "Unconstrained build operations Thread 73" [_thread_blocked, id=1376, stack(0x000000b2c5300000,0x000000b2c5400000)]
  0x000002a3dd55e000 JavaThread "Unconstrained build operations Thread 74" [_thread_blocked, id=29348, stack(0x000000b2c5400000,0x000000b2c5500000)]
  0x000002a3d7380800 JavaThread "Unconstrained build operations Thread 75" [_thread_blocked, id=18880, stack(0x000000b2c5500000,0x000000b2c5600000)]
  0x000002a3d7384000 JavaThread "Unconstrained build operations Thread 76" [_thread_blocked, id=24944, stack(0x000000b2c5600000,0x000000b2c5700000)]
  0x000002a3d7387000 JavaThread "Unconstrained build operations Thread 77" [_thread_blocked, id=23416, stack(0x000000b2c5700000,0x000000b2c5800000)]
  0x000002a3d7383000 JavaThread "Unconstrained build operations Thread 78" [_thread_blocked, id=27968, stack(0x000000b2c5800000,0x000000b2c5900000)]
  0x000002a3d7137000 JavaThread "Unconstrained build operations Thread 79" [_thread_blocked, id=3828, stack(0x000000b2c5900000,0x000000b2c5a00000)]
  0x000002a3d7131800 JavaThread "Unconstrained build operations Thread 80" [_thread_blocked, id=16532, stack(0x000000b2c5a00000,0x000000b2c5b00000)]
  0x000002a3d7138000 JavaThread "build event listener" [_thread_blocked, id=19108, stack(0x000000b2c5b00000,0x000000b2c5c00000)]
  0x000002a3d7133800 JavaThread "Execution worker for ':'" [_thread_blocked, id=14140, stack(0x000000b2c5c00000,0x000000b2c5d00000)]
  0x000002a3d7132000 JavaThread "Execution worker for ':' Thread 2" [_thread_blocked, id=8196, stack(0x000000b2c6300000,0x000000b2c6400000)]
  0x000002a3d7134800 JavaThread "Execution worker for ':' Thread 3" [_thread_blocked, id=26152, stack(0x000000b2c6400000,0x000000b2c6500000)]
  0x000002a3d7138800 JavaThread "Execution worker for ':' Thread 4" [_thread_blocked, id=10012, stack(0x000000b2c6500000,0x000000b2c6600000)]
  0x000002a3d7133000 JavaThread "Execution worker for ':' Thread 5" [_thread_blocked, id=4208, stack(0x000000b2c6600000,0x000000b2c6700000)]
  0x000002a3d7139800 JavaThread "Execution worker for ':' Thread 6" [_thread_blocked, id=10344, stack(0x000000b2c6700000,0x000000b2c6800000)]
  0x000002a3d713b000 JavaThread "Execution worker for ':' Thread 7" [_thread_blocked, id=12124, stack(0x000000b2c6800000,0x000000b2c6900000)]
  0x000002a3d7135800 JavaThread "Cache worker for execution history cache (C:\Trabajo\ProjectLogin\.gradle\7.2\executionHistory)" [_thread_blocked, id=9764, stack(0x000000b2c6900000,0x000000b2c6a00000)]

Other Threads:
  0x000002a3d4c3c800 VMThread "VM Thread" [stack: 0x000000b2bde00000,0x000000b2bdf00000] [id=26840]
  0x000002a3d4e54000 WatcherThread [stack: 0x000000b2be800000,0x000000b2be900000] [id=25780]
  0x000002a3b55b3800 GCTaskThread "GC Thread#0" [stack: 0x000000b2bd900000,0x000000b2bda00000] [id=23500]
  0x000002a3d5cbd800 GCTaskThread "GC Thread#1" [stack: 0x000000b2bea00000,0x000000b2beb00000] [id=1816]
  0x000002a3d5cd0000 GCTaskThread "GC Thread#2" [stack: 0x000000b2beb00000,0x000000b2bec00000] [id=23532]
  0x000002a3d5b50000 GCTaskThread "GC Thread#3" [stack: 0x000000b2bec00000,0x000000b2bed00000] [id=22836]
  0x000002a3d598d800 GCTaskThread "GC Thread#4" [stack: 0x000000b2bed00000,0x000000b2bee00000] [id=12136]
  0x000002a3d5c90800 GCTaskThread "GC Thread#5" [stack: 0x000000b2bee00000,0x000000b2bef00000] [id=18276]
  0x000002a3d65f7800 GCTaskThread "GC Thread#6" [stack: 0x000000b2bfb00000,0x000000b2bfc00000] [id=23640]
  0x000002a3d79dd800 GCTaskThread "GC Thread#7" [stack: 0x000000b2bfc00000,0x000000b2bfd00000] [id=20640]
  0x000002a3b55e5800 ConcurrentGCThread "G1 Main Marker" [stack: 0x000000b2bda00000,0x000000b2bdb00000] [id=2612]
  0x000002a3b55e7000 ConcurrentGCThread "G1 Conc#0" [stack: 0x000000b2bdb00000,0x000000b2bdc00000] [id=11232]
=>0x000002a3d869f000 ConcurrentGCThread "G1 Conc#1" [stack: 0x000000b2bfd00000,0x000000b2bfe00000] [id=20860]
  0x000002a3d4288800 ConcurrentGCThread "G1 Refine#0" [stack: 0x000000b2bdc00000,0x000000b2bdd00000] [id=15016]
  0x000002a3db9d0000 ConcurrentGCThread "G1 Refine#1" [stack: 0x000000b2c8a00000,0x000000b2c8b00000] [id=24412]
  0x000002a3db9d7800 ConcurrentGCThread "G1 Refine#2" [stack: 0x000000b2c8b00000,0x000000b2c8c00000] [id=21076]
  0x000002a3db9d2000 ConcurrentGCThread "G1 Refine#3" [stack: 0x000000b2c8c00000,0x000000b2c8d00000] [id=16252]
  0x000002a3db9d3000 ConcurrentGCThread "G1 Refine#4" [stack: 0x000000b2c8d00000,0x000000b2c8e00000] [id=15312]
  0x000002a3db9d1800 ConcurrentGCThread "G1 Refine#5" [stack: 0x000000b2c8e00000,0x000000b2c8f00000] [id=15236]
  0x000002a3dd66b000 ConcurrentGCThread "G1 Refine#6" [stack: 0x000000b2c8f00000,0x000000b2c9000000] [id=12260]
  0x000002a3d4289800 ConcurrentGCThread "G1 Young RemSet Sampling" [stack: 0x000000b2bdd00000,0x000000b2bde00000] [id=2988]

Threads with active compile tasks:
C2 CompilerThread03873364 26603 % !   4       com.android.ide.common.resources.DataMerger::mergeData @ 247 (611 bytes)
C2 CompilerThread13873365 26592       4       com.android.ide.common.blame.MergingLogPersistUtil::extractSourcePosition (248 bytes)
C2 CompilerThread23873365 26600       4       com.google.common.collect.ArrayListMultimap::put (7 bytes)

VM state:not at safepoint (normal execution)

VM Mutex/Monitor currently owned by a thread:  ([mutex/lock_event])
[0x000002a3b55995d0] Compile_lock - owner thread: 0x000002a3dbbe1000
[0x000002a3b559a6b0] MethodCompileQueue_lock - owner thread: 0x000002a3dbbeb000

Heap address: 0x0000000080000000, size: 2048 MB, Compressed Oops mode: 32-bit
Narrow klass base: 0x0000000000000000, Narrow klass shift: 3
Compressed class space size: 1073741824 Address: 0x0000000100000000

Heap:
 garbage-first heap   total 316416K, used 172217K [0x0000000080000000, 0x0000000100000000)
  region size 1024K, 20 young (20480K), 2 survivors (2048K)
 Metaspace       used 135068K, capacity 139218K, committed 139248K, reserved 1171456K
  class space    used 16881K, capacity 18369K, committed 18380K, reserved 1048576K
Heap Regions: E=young(eden), S=young(survivor), O=old, HS=humongous(starts), HC=humongous(continues), CS=collection set, F=free, A=archive, TAMS=top-at-mark-start (previous, next)
|   0|0x0000000080000000, 0x0000000080100000, 0x0000000080100000|100%| O|  |TAMS 0x0000000080100000, 0x0000000080100000| Untracked 
|   1|0x0000000080100000, 0x0000000080200000, 0x0000000080200000|100%| O|  |TAMS 0x0000000080200000, 0x0000000080200000| Untracked 
|   2|0x0000000080200000, 0x0000000080300000, 0x0000000080300000|100%| O|  |TAMS 0x0000000080300000, 0x0000000080300000| Untracked 
|   3|0x0000000080300000, 0x0000000080400000, 0x0000000080400000|100%|HS|  |TAMS 0x0000000080400000, 0x0000000080400000| Complete 
|   4|0x0000000080400000, 0x0000000080500000, 0x0000000080500000|100%|HC|  |TAMS 0x0000000080500000, 0x0000000080500000| Complete 
|   5|0x0000000080500000, 0x0000000080600000, 0x0000000080600000|100%|HC|  |TAMS 0x0000000080600000, 0x0000000080600000| Complete 
|   6|0x0000000080600000, 0x0000000080700000, 0x0000000080700000|100%| O|  |TAMS 0x0000000080700000, 0x0000000080700000| Untracked 
|   7|0x0000000080700000, 0x0000000080800000, 0x0000000080800000|100%| O|  |TAMS 0x0000000080800000, 0x0000000080800000| Untracked 
|   8|0x0000000080800000, 0x0000000080900000, 0x0000000080900000|100%| O|  |TAMS 0x0000000080900000, 0x0000000080900000| Untracked 
|   9|0x0000000080900000, 0x0000000080a00000, 0x0000000080a00000|100%| O|  |TAMS 0x0000000080a00000, 0x0000000080a00000| Untracked 
|  10|0x0000000080a00000, 0x0000000080b00000, 0x0000000080b00000|100%| O|  |TAMS 0x0000000080b00000, 0x0000000080b00000| Untracked 
|  11|0x0000000080b00000, 0x0000000080c00000, 0x0000000080c00000|100%| O|  |TAMS 0x0000000080c00000, 0x0000000080c00000| Untracked 
|  12|0x0000000080c00000, 0x0000000080d00000, 0x0000000080d00000|100%| O|  |TAMS 0x0000000080c00000, 0x0000000080d00000| Untracked 
|  13|0x0000000080d00000, 0x0000000080e00000, 0x0000000080e00000|100%| O|  |TAMS 0x0000000080e00000, 0x0000000080e00000| Untracked 
|  14|0x0000000080e00000, 0x0000000080f00000, 0x0000000080f00000|100%| O|  |TAMS 0x0000000080f00000, 0x0000000080f00000| Untracked 
|  15|0x0000000080f00000, 0x0000000081000000, 0x0000000081000000|100%| O|  |TAMS 0x0000000081000000, 0x0000000081000000| Untracked 
|  16|0x0000000081000000, 0x0000000081100000, 0x0000000081100000|100%| O|  |TAMS 0x0000000081100000, 0x0000000081100000| Untracked 
|  17|0x0000000081100000, 0x0000000081200000, 0x0000000081200000|100%|HS|  |TAMS 0x0000000081200000, 0x0000000081200000| Complete 
|  18|0x0000000081200000, 0x0000000081300000, 0x0000000081300000|100%|HS|  |TAMS 0x0000000081300000, 0x0000000081300000| Complete 
|  19|0x0000000081300000, 0x0000000081400000, 0x0000000081400000|100%|HS|  |TAMS 0x0000000081400000, 0x0000000081400000| Complete 
|  20|0x0000000081400000, 0x0000000081500000, 0x0000000081500000|100%|HS|  |TAMS 0x0000000081500000, 0x0000000081500000| Complete 
|  21|0x0000000081500000, 0x0000000081600000, 0x0000000081600000|100%|HS|  |TAMS 0x0000000081600000, 0x0000000081600000| Complete 
|  22|0x0000000081600000, 0x0000000081700000, 0x0000000081700000|100%|HC|  |TAMS 0x0000000081700000, 0x0000000081700000| Complete 
|  23|0x0000000081700000, 0x0000000081800000, 0x0000000081800000|100%|HC|  |TAMS 0x0000000081800000, 0x0000000081800000| Complete 
|  24|0x0000000081800000, 0x0000000081900000, 0x0000000081900000|100%|HS|  |TAMS 0x0000000081900000, 0x0000000081900000| Complete 
|  25|0x0000000081900000, 0x0000000081a00000, 0x0000000081a00000|100%|HC|  |TAMS 0x0000000081a00000, 0x0000000081a00000| Complete 
|  26|0x0000000081a00000, 0x0000000081b00000, 0x0000000081b00000|100%| O|  |TAMS 0x0000000081b00000, 0x0000000081b00000| Untracked 
|  27|0x0000000081b00000, 0x0000000081c00000, 0x0000000081c00000|100%| O|  |TAMS 0x0000000081c00000, 0x0000000081c00000| Untracked 
|  28|0x0000000081c00000, 0x0000000081d00000, 0x0000000081d00000|100%| O|  |TAMS 0x0000000081d00000, 0x0000000081d00000| Untracked 
|  29|0x0000000081d00000, 0x0000000081e00000, 0x0000000081e00000|100%| O|  |TAMS 0x0000000081e00000, 0x0000000081e00000| Untracked 
|  30|0x0000000081e00000, 0x0000000081f00000, 0x0000000081f00000|100%| O|  |TAMS 0x0000000081f00000, 0x0000000081f00000| Untracked 
|  31|0x0000000081f00000, 0x0000000082000000, 0x0000000082000000|100%| O|  |TAMS 0x0000000082000000, 0x0000000082000000| Untracked 
|  32|0x0000000082000000, 0x0000000082100000, 0x0000000082100000|100%| O|  |TAMS 0x0000000082100000, 0x0000000082100000| Untracked 
|  33|0x0000000082100000, 0x0000000082200000, 0x0000000082200000|100%| O|  |TAMS 0x0000000082200000, 0x0000000082200000| Untracked 
|  34|0x0000000082200000, 0x0000000082300000, 0x0000000082300000|100%| O|  |TAMS 0x0000000082300000, 0x0000000082300000| Untracked 
|  35|0x0000000082300000, 0x0000000082400000, 0x0000000082400000|100%| O|  |TAMS 0x0000000082400000, 0x0000000082400000| Untracked 
|  36|0x0000000082400000, 0x0000000082500000, 0x0000000082500000|100%| O|  |TAMS 0x0000000082500000, 0x0000000082500000| Untracked 
|  37|0x0000000082500000, 0x0000000082600000, 0x0000000082600000|100%| O|  |TAMS 0x0000000082600000, 0x0000000082600000| Untracked 
|  38|0x0000000082600000, 0x0000000082700000, 0x0000000082700000|100%| O|  |TAMS 0x0000000082700000, 0x0000000082700000| Untracked 
|  39|0x0000000082700000, 0x0000000082800000, 0x0000000082800000|100%| O|  |TAMS 0x0000000082800000, 0x0000000082800000| Untracked 
|  40|0x0000000082800000, 0x0000000082900000, 0x0000000082900000|100%| O|  |TAMS 0x0000000082900000, 0x0000000082900000| Untracked 
|  41|0x0000000082900000, 0x0000000082a00000, 0x0000000082a00000|100%| O|  |TAMS 0x0000000082a00000, 0x0000000082a00000| Untracked 
|  42|0x0000000082a00000, 0x0000000082b00000, 0x0000000082b00000|100%| O|  |TAMS 0x0000000082b00000, 0x0000000082b00000| Untracked 
|  43|0x0000000082b00000, 0x0000000082c00000, 0x0000000082c00000|100%| O|  |TAMS 0x0000000082c00000, 0x0000000082c00000| Untracked 
|  44|0x0000000082c00000, 0x0000000082d00000, 0x0000000082d00000|100%| O|  |TAMS 0x0000000082d00000, 0x0000000082d00000| Untracked 
|  45|0x0000000082d00000, 0x0000000082e00000, 0x0000000082e00000|100%| O|  |TAMS 0x0000000082da1a00, 0x0000000082e00000| Untracked 
|  46|0x0000000082e00000, 0x0000000082f00000, 0x0000000082f00000|100%| O|  |TAMS 0x0000000082f00000, 0x0000000082f00000| Untracked 
|  47|0x0000000082f00000, 0x0000000083000000, 0x0000000083000000|100%| O|  |TAMS 0x0000000083000000, 0x0000000083000000| Untracked 
|  48|0x0000000083000000, 0x0000000083100000, 0x0000000083100000|100%| O|  |TAMS 0x0000000083100000, 0x0000000083100000| Untracked 
|  49|0x0000000083100000, 0x0000000083200000, 0x0000000083200000|100%| O|  |TAMS 0x0000000083200000, 0x0000000083200000| Untracked 
|  50|0x0000000083200000, 0x0000000083300000, 0x0000000083300000|100%| O|  |TAMS 0x0000000083300000, 0x0000000083300000| Untracked 
|  51|0x0000000083300000, 0x0000000083400000, 0x0000000083400000|100%| O|  |TAMS 0x0000000083400000, 0x0000000083400000| Untracked 
|  52|0x0000000083400000, 0x0000000083500000, 0x0000000083500000|100%| O|  |TAMS 0x0000000083500000, 0x0000000083500000| Untracked 
|  53|0x0000000083500000, 0x0000000083600000, 0x0000000083600000|100%| O|  |TAMS 0x0000000083600000, 0x0000000083600000| Untracked 
|  54|0x0000000083600000, 0x0000000083700000, 0x0000000083700000|100%| O|  |TAMS 0x0000000083700000, 0x0000000083700000| Untracked 
|  55|0x0000000083700000, 0x0000000083800000, 0x0000000083800000|100%| O|  |TAMS 0x0000000083800000, 0x0000000083800000| Untracked 
|  56|0x0000000083800000, 0x0000000083900000, 0x0000000083900000|100%| O|  |TAMS 0x0000000083900000, 0x0000000083900000| Untracked 
|  57|0x0000000083900000, 0x0000000083a00000, 0x0000000083a00000|100%| O|  |TAMS 0x0000000083a00000, 0x0000000083a00000| Untracked 
|  58|0x0000000083a00000, 0x0000000083b00000, 0x0000000083b00000|100%|HS|  |TAMS 0x0000000083a00000, 0x0000000083a00000| Complete 
|  59|0x0000000083b00000, 0x0000000083c00000, 0x0000000083c00000|100%| O|  |TAMS 0x0000000083c00000, 0x0000000083c00000| Untracked 
|  60|0x0000000083c00000, 0x0000000083d00000, 0x0000000083d00000|100%| O|  |TAMS 0x0000000083d00000, 0x0000000083d00000| Untracked 
|  61|0x0000000083d00000, 0x0000000083e00000, 0x0000000083e00000|100%| O|  |TAMS 0x0000000083e00000, 0x0000000083e00000| Untracked 
|  62|0x0000000083e00000, 0x0000000083f00000, 0x0000000083f00000|100%| O|  |TAMS 0x0000000083f00000, 0x0000000083f00000| Untracked 
|  63|0x0000000083f00000, 0x0000000083f00000, 0x0000000084000000|  0%| F|  |TAMS 0x0000000083f00000, 0x0000000083f00000| Untracked 
|  64|0x0000000084000000, 0x0000000084100000, 0x0000000084100000|100%| O|  |TAMS 0x0000000084100000, 0x0000000084100000| Untracked 
|  65|0x0000000084100000, 0x0000000084200000, 0x0000000084200000|100%| O|  |TAMS 0x0000000084100000, 0x0000000084200000| Untracked 
|  66|0x0000000084200000, 0x0000000084300000, 0x0000000084300000|100%| O|  |TAMS 0x0000000084300000, 0x0000000084300000| Untracked 
|  67|0x0000000084300000, 0x0000000084400000, 0x0000000084400000|100%| O|  |TAMS 0x0000000084400000, 0x0000000084400000| Untracked 
|  68|0x0000000084400000, 0x0000000084500000, 0x0000000084500000|100%| O|  |TAMS 0x0000000084500000, 0x0000000084500000| Untracked 
|  69|0x0000000084500000, 0x0000000084600000, 0x0000000084600000|100%| O|  |TAMS 0x0000000084600000, 0x0000000084600000| Untracked 
|  70|0x0000000084600000, 0x0000000084700000, 0x0000000084700000|100%| O|  |TAMS 0x0000000084700000, 0x0000000084700000| Untracked 
|  71|0x0000000084700000, 0x0000000084800000, 0x0000000084800000|100%| O|  |TAMS 0x0000000084700000, 0x0000000084800000| Untracked 
|  72|0x0000000084800000, 0x0000000084900000, 0x0000000084900000|100%| O|  |TAMS 0x0000000084800000, 0x0000000084900000| Untracked 
|  73|0x0000000084900000, 0x0000000084a00000, 0x0000000084a00000|100%| O|  |TAMS 0x0000000084a00000, 0x0000000084a00000| Untracked 
|  74|0x0000000084a00000, 0x0000000084b00000, 0x0000000084b00000|100%| O|  |TAMS 0x0000000084b00000, 0x0000000084b00000| Untracked 
|  75|0x0000000084b00000, 0x0000000084c00000, 0x0000000084c00000|100%| O|  |TAMS 0x0000000084c00000, 0x0000000084c00000| Untracked 
|  76|0x0000000084c00000, 0x0000000084d00000, 0x0000000084d00000|100%| O|  |TAMS 0x0000000084d00000, 0x0000000084d00000| Untracked 
|  77|0x0000000084d00000, 0x0000000084e00000, 0x0000000084e00000|100%| O|  |TAMS 0x0000000084d00000, 0x0000000084e00000| Untracked 
|  78|0x0000000084e00000, 0x0000000084f00000, 0x0000000084f00000|100%| O|  |TAMS 0x0000000084f00000, 0x0000000084f00000| Untracked 
|  79|0x0000000084f00000, 0x0000000085000000, 0x0000000085000000|100%| O|  |TAMS 0x0000000084f00000, 0x0000000085000000| Untracked 
|  80|0x0000000085000000, 0x0000000085000000, 0x0000000085100000|  0%| F|  |TAMS 0x0000000085000000, 0x0000000085000000| Untracked 
|  81|0x0000000085100000, 0x0000000085200000, 0x0000000085200000|100%| O|  |TAMS 0x0000000085200000, 0x0000000085200000| Untracked 
|  82|0x0000000085200000, 0x0000000085300000, 0x0000000085300000|100%| O|  |TAMS 0x0000000085200000, 0x0000000085300000| Untracked 
|  83|0x0000000085300000, 0x0000000085300000, 0x0000000085400000|  0%| F|  |TAMS 0x0000000085300000, 0x0000000085300000| Untracked 
|  84|0x0000000085400000, 0x0000000085500000, 0x0000000085500000|100%| O|  |TAMS 0x0000000085500000, 0x0000000085500000| Untracked 
|  85|0x0000000085500000, 0x0000000085600000, 0x0000000085600000|100%| O|  |TAMS 0x0000000085600000, 0x0000000085600000| Untracked 
|  86|0x0000000085600000, 0x0000000085700000, 0x0000000085700000|100%| O|  |TAMS 0x0000000085700000, 0x0000000085700000| Untracked 
|  87|0x0000000085700000, 0x0000000085800000, 0x0000000085800000|100%| O|  |TAMS 0x0000000085800000, 0x0000000085800000| Untracked 
|  88|0x0000000085800000, 0x0000000085900000, 0x0000000085900000|100%| O|  |TAMS 0x0000000085900000, 0x0000000085900000| Untracked 
|  89|0x0000000085900000, 0x0000000085a00000, 0x0000000085a00000|100%| O|  |TAMS 0x0000000085900000, 0x0000000085a00000| Untracked 
|  90|0x0000000085a00000, 0x0000000085b00000, 0x0000000085b00000|100%| O|  |TAMS 0x0000000085b00000, 0x0000000085b00000| Untracked 
|  91|0x0000000085b00000, 0x0000000085c00000, 0x0000000085c00000|100%| O|  |TAMS 0x0000000085b00000, 0x0000000085c00000| Untracked 
|  92|0x0000000085c00000, 0x0000000085d00000, 0x0000000085d00000|100%| O|  |TAMS 0x0000000085d00000, 0x0000000085d00000| Untracked 
|  93|0x0000000085d00000, 0x0000000085e00000, 0x0000000085e00000|100%| O|  |TAMS 0x0000000085e00000, 0x0000000085e00000| Untracked 
|  94|0x0000000085e00000, 0x0000000085f00000, 0x0000000085f00000|100%| O|  |TAMS 0x0000000085f00000, 0x0000000085f00000| Untracked 
|  95|0x0000000085f00000, 0x0000000086000000, 0x0000000086000000|100%| O|  |TAMS 0x0000000085f00000, 0x0000000086000000| Untracked 
|  96|0x0000000086000000, 0x0000000086000000, 0x0000000086100000|  0%| F|  |TAMS 0x0000000086000000, 0x0000000086000000| Untracked 
|  97|0x0000000086100000, 0x0000000086200000, 0x0000000086200000|100%| O|  |TAMS 0x0000000086200000, 0x0000000086200000| Untracked 
|  98|0x0000000086200000, 0x0000000086300000, 0x0000000086300000|100%| O|  |TAMS 0x0000000086300000, 0x0000000086300000| Untracked 
|  99|0x0000000086300000, 0x0000000086300000, 0x0000000086400000|  0%| F|  |TAMS 0x0000000086300000, 0x0000000086300000| Untracked 
| 100|0x0000000086400000, 0x0000000086500000, 0x0000000086500000|100%| O|  |TAMS 0x0000000086400000, 0x0000000086500000| Untracked 
| 101|0x0000000086500000, 0x0000000086500000, 0x0000000086600000|  0%| F|  |TAMS 0x0000000086500000, 0x0000000086500000| Untracked 
| 102|0x0000000086600000, 0x0000000086700000, 0x0000000086700000|100%| O|  |TAMS 0x0000000086600000, 0x0000000086700000| Untracked 
| 103|0x0000000086700000, 0x0000000086800000, 0x0000000086800000|100%| O|  |TAMS 0x0000000086800000, 0x0000000086800000| Untracked 
| 104|0x0000000086800000, 0x0000000086900000, 0x0000000086900000|100%| O|  |TAMS 0x0000000086900000, 0x0000000086900000| Untracked 
| 105|0x0000000086900000, 0x0000000086900000, 0x0000000086a00000|  0%| F|  |TAMS 0x0000000086900000, 0x0000000086900000| Untracked 
| 106|0x0000000086a00000, 0x0000000086b00000, 0x0000000086b00000|100%| O|  |TAMS 0x0000000086a00000, 0x0000000086b00000| Untracked 
| 107|0x0000000086b00000, 0x0000000086c00000, 0x0000000086c00000|100%| O|  |TAMS 0x0000000086c00000, 0x0000000086c00000| Untracked 
| 108|0x0000000086c00000, 0x0000000086d00000, 0x0000000086d00000|100%| O|  |TAMS 0x0000000086c00000, 0x0000000086d00000| Untracked 
| 109|0x0000000086d00000, 0x0000000086d00000, 0x0000000086e00000|  0%| F|  |TAMS 0x0000000086d00000, 0x0000000086d00000| Untracked 
| 110|0x0000000086e00000, 0x0000000086f00000, 0x0000000086f00000|100%| O|  |TAMS 0x0000000086e00000, 0x0000000086f00000| Untracked 
| 111|0x0000000086f00000, 0x0000000086f00000, 0x0000000087000000|  0%| F|  |TAMS 0x0000000086f00000, 0x0000000086f00000| Untracked 
| 112|0x0000000087000000, 0x0000000087100000, 0x0000000087100000|100%| O|  |TAMS 0x0000000087000000, 0x0000000087100000| Untracked 
| 113|0x0000000087100000, 0x0000000087200000, 0x0000000087200000|100%| O|  |TAMS 0x0000000087100000, 0x0000000087200000| Untracked 
| 114|0x0000000087200000, 0x0000000087300000, 0x0000000087300000|100%| O|  |TAMS 0x0000000087200000, 0x0000000087300000| Untracked 
| 115|0x0000000087300000, 0x000000008736c200, 0x0000000087400000| 42%| O|  |TAMS 0x0000000087300000, 0x000000008736c200| Untracked 
| 116|0x0000000087400000, 0x0000000087400000, 0x0000000087500000|  0%| F|  |TAMS 0x0000000087400000, 0x0000000087400000| Untracked 
| 117|0x0000000087500000, 0x0000000087500000, 0x0000000087600000|  0%| F|  |TAMS 0x0000000087500000, 0x0000000087500000| Untracked 
| 118|0x0000000087600000, 0x0000000087700000, 0x0000000087700000|100%| O|  |TAMS 0x0000000087700000, 0x0000000087700000| Untracked 
| 119|0x0000000087700000, 0x0000000087800000, 0x0000000087800000|100%| O|  |TAMS 0x0000000087800000, 0x0000000087800000| Untracked 
| 120|0x0000000087800000, 0x0000000087900000, 0x0000000087900000|100%| O|  |TAMS 0x0000000087900000, 0x0000000087900000| Untracked 
| 121|0x0000000087900000, 0x0000000087a00000, 0x0000000087a00000|100%| O|  |TAMS 0x0000000087a00000, 0x0000000087a00000| Untracked 
| 122|0x0000000087a00000, 0x0000000087b00000, 0x0000000087b00000|100%| O|  |TAMS 0x0000000087b00000, 0x0000000087b00000| Untracked 
| 123|0x0000000087b00000, 0x0000000087c00000, 0x0000000087c00000|100%| O|  |TAMS 0x0000000087c00000, 0x0000000087c00000| Untracked 
| 124|0x0000000087c00000, 0x0000000087c00000, 0x0000000087d00000|  0%| F|  |TAMS 0x0000000087c00000, 0x0000000087c00000| Untracked 
| 125|0x0000000087d00000, 0x0000000087d00000, 0x0000000087e00000|  0%| F|  |TAMS 0x0000000087d00000, 0x0000000087d00000| Untracked 
| 126|0x0000000087e00000, 0x0000000087e00000, 0x0000000087f00000|  0%| F|  |TAMS 0x0000000087e00000, 0x0000000087e00000| Untracked 
| 127|0x0000000087f00000, 0x0000000088000000, 0x0000000088000000|100%| O|  |TAMS 0x0000000088000000, 0x0000000088000000| Untracked 
| 128|0x0000000088000000, 0x0000000088100000, 0x0000000088100000|100%| O|  |TAMS 0x0000000088100000, 0x0000000088100000| Untracked 
| 129|0x0000000088100000, 0x0000000088200000, 0x0000000088200000|100%| O|  |TAMS 0x0000000088200000, 0x0000000088200000| Untracked 
| 130|0x0000000088200000, 0x0000000088200000, 0x0000000088300000|  0%| F|  |TAMS 0x0000000088200000, 0x0000000088200000| Untracked 
| 131|0x0000000088300000, 0x0000000088300000, 0x0000000088400000|  0%| F|  |TAMS 0x0000000088300000, 0x0000000088300000| Untracked 
| 132|0x0000000088400000, 0x0000000088400000, 0x0000000088500000|  0%| F|  |TAMS 0x0000000088400000, 0x0000000088400000| Untracked 
| 133|0x0000000088500000, 0x0000000088600000, 0x0000000088600000|100%| O|  |TAMS 0x0000000088600000, 0x0000000088600000| Untracked 
| 134|0x0000000088600000, 0x0000000088700000, 0x0000000088700000|100%| O|  |TAMS 0x0000000088700000, 0x0000000088700000| Untracked 
| 135|0x0000000088700000, 0x0000000088800000, 0x0000000088800000|100%| O|  |TAMS 0x0000000088800000, 0x0000000088800000| Untracked 
| 136|0x0000000088800000, 0x0000000088900000, 0x0000000088900000|100%| O|  |TAMS 0x0000000088900000, 0x0000000088900000| Untracked 
| 137|0x0000000088900000, 0x0000000088a00000, 0x0000000088a00000|100%| O|  |TAMS 0x0000000088a00000, 0x0000000088a00000| Untracked 
| 138|0x0000000088a00000, 0x0000000088b00000, 0x0000000088b00000|100%| O|  |TAMS 0x0000000088b00000, 0x0000000088b00000| Untracked 
| 139|0x0000000088b00000, 0x0000000088c00000, 0x0000000088c00000|100%| O|  |TAMS 0x0000000088c00000, 0x0000000088c00000| Untracked 
| 140|0x0000000088c00000, 0x0000000088d00000, 0x0000000088d00000|100%| O|  |TAMS 0x0000000088d00000, 0x0000000088d00000| Untracked 
| 141|0x0000000088d00000, 0x0000000088e00000, 0x0000000088e00000|100%| O|  |TAMS 0x0000000088e00000, 0x0000000088e00000| Untracked 
| 142|0x0000000088e00000, 0x0000000088f00000, 0x0000000088f00000|100%| O|  |TAMS 0x0000000088f00000, 0x0000000088f00000| Untracked 
| 143|0x0000000088f00000, 0x0000000089000000, 0x0000000089000000|100%| O|  |TAMS 0x0000000089000000, 0x0000000089000000| Untracked 
| 144|0x0000000089000000, 0x0000000089100000, 0x0000000089100000|100%| O|  |TAMS 0x0000000089100000, 0x0000000089100000| Untracked 
| 145|0x0000000089100000, 0x0000000089200000, 0x0000000089200000|100%| O|  |TAMS 0x0000000089200000, 0x0000000089200000| Untracked 
| 146|0x0000000089200000, 0x0000000089200000, 0x0000000089300000|  0%| F|  |TAMS 0x0000000089200000, 0x0000000089200000| Untracked 
| 147|0x0000000089300000, 0x0000000089300000, 0x0000000089400000|  0%| F|  |TAMS 0x0000000089300000, 0x0000000089300000| Untracked 
| 148|0x0000000089400000, 0x0000000089500000, 0x0000000089500000|100%| O|  |TAMS 0x0000000089500000, 0x0000000089500000| Untracked 
| 149|0x0000000089500000, 0x0000000089600000, 0x0000000089600000|100%| O|  |TAMS 0x0000000089600000, 0x0000000089600000| Untracked 
| 150|0x0000000089600000, 0x0000000089600000, 0x0000000089700000|  0%| F|  |TAMS 0x0000000089600000, 0x0000000089600000| Untracked 
| 151|0x0000000089700000, 0x0000000089700000, 0x0000000089800000|  0%| F|  |TAMS 0x0000000089700000, 0x0000000089700000| Untracked 
| 152|0x0000000089800000, 0x0000000089800000, 0x0000000089900000|  0%| F|  |TAMS 0x0000000089800000, 0x0000000089800000| Untracked 
| 153|0x0000000089900000, 0x0000000089900000, 0x0000000089a00000|  0%| F|  |TAMS 0x0000000089900000, 0x0000000089900000| Untracked 
| 154|0x0000000089a00000, 0x0000000089a00000, 0x0000000089b00000|  0%| F|  |TAMS 0x0000000089a00000, 0x0000000089a00000| Untracked 
| 155|0x0000000089b00000, 0x0000000089b00000, 0x0000000089c00000|  0%| F|  |TAMS 0x0000000089b00000, 0x0000000089b00000| Untracked 
| 156|0x0000000089c00000, 0x0000000089c00000, 0x0000000089d00000|  0%| F|  |TAMS 0x0000000089c00000, 0x0000000089c00000| Untracked 
| 157|0x0000000089d00000, 0x0000000089d00000, 0x0000000089e00000|  0%| F|  |TAMS 0x0000000089d00000, 0x0000000089d00000| Untracked 
| 158|0x0000000089e00000, 0x0000000089f00000, 0x0000000089f00000|100%| O|  |TAMS 0x0000000089f00000, 0x0000000089f00000| Untracked 
| 159|0x0000000089f00000, 0x000000008a000000, 0x000000008a000000|100%| O|  |TAMS 0x000000008a000000, 0x000000008a000000| Untracked 
| 160|0x000000008a000000, 0x000000008a000000, 0x000000008a100000|  0%| F|  |TAMS 0x000000008a000000, 0x000000008a000000| Untracked 
| 161|0x000000008a100000, 0x000000008a100000, 0x000000008a200000|  0%| F|  |TAMS 0x000000008a100000, 0x000000008a100000| Untracked 
| 162|0x000000008a200000, 0x000000008a200000, 0x000000008a300000|  0%| F|  |TAMS 0x000000008a200000, 0x000000008a200000| Untracked 
| 163|0x000000008a300000, 0x000000008a400000, 0x000000008a400000|100%|HS|  |TAMS 0x000000008a400000, 0x000000008a400000| Complete 
| 164|0x000000008a400000, 0x000000008a500000, 0x000000008a500000|100%| O|  |TAMS 0x000000008a500000, 0x000000008a500000| Untracked 
| 165|0x000000008a500000, 0x000000008a600000, 0x000000008a600000|100%| O|  |TAMS 0x000000008a600000, 0x000000008a600000| Untracked 
| 166|0x000000008a600000, 0x000000008a600000, 0x000000008a700000|  0%| F|  |TAMS 0x000000008a600000, 0x000000008a600000| Untracked 
| 167|0x000000008a700000, 0x000000008a800000, 0x000000008a800000|100%| O|  |TAMS 0x000000008a800000, 0x000000008a800000| Untracked 
| 168|0x000000008a800000, 0x000000008a900000, 0x000000008a900000|100%| O|  |TAMS 0x000000008a900000, 0x000000008a900000| Untracked 
| 169|0x000000008a900000, 0x000000008a900000, 0x000000008aa00000|  0%| F|  |TAMS 0x000000008a900000, 0x000000008a900000| Untracked 
| 170|0x000000008aa00000, 0x000000008aa00000, 0x000000008ab00000|  0%| F|  |TAMS 0x000000008aa00000, 0x000000008aa00000| Untracked 
| 171|0x000000008ab00000, 0x000000008ab00000, 0x000000008ac00000|  0%| F|  |TAMS 0x000000008ab00000, 0x000000008ab00000| Untracked 
| 172|0x000000008ac00000, 0x000000008ac00000, 0x000000008ad00000|  0%| F|  |TAMS 0x000000008ac00000, 0x000000008ac00000| Untracked 
| 173|0x000000008ad00000, 0x000000008ae00000, 0x000000008ae00000|100%| O|  |TAMS 0x000000008ae00000, 0x000000008ae00000| Untracked 
| 174|0x000000008ae00000, 0x000000008af00000, 0x000000008af00000|100%| O|  |TAMS 0x000000008af00000, 0x000000008af00000| Untracked 
| 175|0x000000008af00000, 0x000000008b000000, 0x000000008b000000|100%| O|  |TAMS 0x000000008b000000, 0x000000008b000000| Untracked 
| 176|0x000000008b000000, 0x000000008b100000, 0x000000008b100000|100%| O|  |TAMS 0x000000008b100000, 0x000000008b100000| Untracked 
| 177|0x000000008b100000, 0x000000008b200000, 0x000000008b200000|100%| O|  |TAMS 0x000000008b200000, 0x000000008b200000| Untracked 
| 178|0x000000008b200000, 0x000000008b300000, 0x000000008b300000|100%| O|  |TAMS 0x000000008b300000, 0x000000008b300000| Untracked 
| 179|0x000000008b300000, 0x000000008b400000, 0x000000008b400000|100%| O|  |TAMS 0x000000008b400000, 0x000000008b400000| Untracked 
| 180|0x000000008b400000, 0x000000008b500000, 0x000000008b500000|100%| O|  |TAMS 0x000000008b500000, 0x000000008b500000| Untracked 
| 181|0x000000008b500000, 0x000000008b500000, 0x000000008b600000|  0%| F|  |TAMS 0x000000008b500000, 0x000000008b500000| Untracked 
| 182|0x000000008b600000, 0x000000008b600000, 0x000000008b700000|  0%| F|  |TAMS 0x000000008b600000, 0x000000008b600000| Untracked 
| 183|0x000000008b700000, 0x000000008b700000, 0x000000008b800000|  0%| F|  |TAMS 0x000000008b700000, 0x000000008b700000| Untracked 
| 184|0x000000008b800000, 0x000000008b800000, 0x000000008b900000|  0%| F|  |TAMS 0x000000008b800000, 0x000000008b800000| Untracked 
| 185|0x000000008b900000, 0x000000008b900000, 0x000000008ba00000|  0%| F|  |TAMS 0x000000008b900000, 0x000000008b900000| Untracked 
| 186|0x000000008ba00000, 0x000000008ba00000, 0x000000008bb00000|  0%| F|  |TAMS 0x000000008ba00000, 0x000000008ba00000| Untracked 
| 187|0x000000008bb00000, 0x000000008bb00000, 0x000000008bc00000|  0%| F|  |TAMS 0x000000008bb00000, 0x000000008bb00000| Untracked 
| 188|0x000000008bc00000, 0x000000008bc00000, 0x000000008bd00000|  0%| F|  |TAMS 0x000000008bc00000, 0x000000008bc00000| Untracked 
| 189|0x000000008bd00000, 0x000000008be00000, 0x000000008be00000|100%| O|  |TAMS 0x000000008be00000, 0x000000008be00000| Untracked 
| 190|0x000000008be00000, 0x000000008be00000, 0x000000008bf00000|  0%| F|  |TAMS 0x000000008be00000, 0x000000008be00000| Untracked 
| 191|0x000000008bf00000, 0x000000008bf00000, 0x000000008c000000|  0%| F|  |TAMS 0x000000008bf00000, 0x000000008bf00000| Untracked 
| 192|0x000000008c000000, 0x000000008c100000, 0x000000008c100000|100%| O|  |TAMS 0x000000008c100000, 0x000000008c100000| Untracked 
| 193|0x000000008c100000, 0x000000008c200000, 0x000000008c200000|100%| O|  |TAMS 0x000000008c200000, 0x000000008c200000| Untracked 
| 194|0x000000008c200000, 0x000000008c300000, 0x000000008c300000|100%| O|  |TAMS 0x000000008c300000, 0x000000008c300000| Untracked 
| 195|0x000000008c300000, 0x000000008c300000, 0x000000008c400000|  0%| F|  |TAMS 0x000000008c300000, 0x000000008c300000| Untracked 
| 196|0x000000008c400000, 0x000000008c400000, 0x000000008c500000|  0%| F|  |TAMS 0x000000008c400000, 0x000000008c400000| Untracked 
| 197|0x000000008c500000, 0x000000008c500000, 0x000000008c600000|  0%| F|  |TAMS 0x000000008c500000, 0x000000008c500000| Untracked 
| 198|0x000000008c600000, 0x000000008c600000, 0x000000008c700000|  0%| F|  |TAMS 0x000000008c600000, 0x000000008c600000| Untracked 
| 199|0x000000008c700000, 0x000000008c700000, 0x000000008c800000|  0%| F|  |TAMS 0x000000008c700000, 0x000000008c700000| Untracked 
| 200|0x000000008c800000, 0x000000008c800000, 0x000000008c900000|  0%| F|  |TAMS 0x000000008c800000, 0x000000008c800000| Untracked 
| 201|0x000000008c900000, 0x000000008c900000, 0x000000008ca00000|  0%| F|  |TAMS 0x000000008c900000, 0x000000008c900000| Untracked 
| 202|0x000000008ca00000, 0x000000008ca00000, 0x000000008cb00000|  0%| F|  |TAMS 0x000000008ca00000, 0x000000008ca00000| Untracked 
| 203|0x000000008cb00000, 0x000000008cb00000, 0x000000008cc00000|  0%| F|  |TAMS 0x000000008cb00000, 0x000000008cb00000| Untracked 
| 204|0x000000008cc00000, 0x000000008cc00000, 0x000000008cd00000|  0%| F|  |TAMS 0x000000008cc00000, 0x000000008cc00000| Untracked 
| 205|0x000000008cd00000, 0x000000008cd00000, 0x000000008ce00000|  0%| F|  |TAMS 0x000000008cd00000, 0x000000008cd00000| Untracked 
| 206|0x000000008ce00000, 0x000000008ce00000, 0x000000008cf00000|  0%| F|  |TAMS 0x000000008ce00000, 0x000000008ce00000| Untracked 
| 207|0x000000008cf00000, 0x000000008cf00000, 0x000000008d000000|  0%| F|  |TAMS 0x000000008cf00000, 0x000000008cf00000| Untracked 
| 208|0x000000008d000000, 0x000000008d000000, 0x000000008d100000|  0%| F|  |TAMS 0x000000008d000000, 0x000000008d000000| Untracked 
| 209|0x000000008d100000, 0x000000008d100000, 0x000000008d200000|  0%| F|  |TAMS 0x000000008d100000, 0x000000008d100000| Untracked 
| 210|0x000000008d200000, 0x000000008d200000, 0x000000008d300000|  0%| F|  |TAMS 0x000000008d200000, 0x000000008d200000| Untracked 
| 211|0x000000008d300000, 0x000000008d300000, 0x000000008d400000|  0%| F|  |TAMS 0x000000008d300000, 0x000000008d300000| Untracked 
| 212|0x000000008d400000, 0x000000008d400000, 0x000000008d500000|  0%| F|  |TAMS 0x000000008d400000, 0x000000008d400000| Untracked 
| 213|0x000000008d500000, 0x000000008d500000, 0x000000008d600000|  0%| F|  |TAMS 0x000000008d500000, 0x000000008d500000| Untracked 
| 214|0x000000008d600000, 0x000000008d600000, 0x000000008d700000|  0%| F|  |TAMS 0x000000008d600000, 0x000000008d600000| Untracked 
| 215|0x000000008d700000, 0x000000008d700000, 0x000000008d800000|  0%| F|  |TAMS 0x000000008d700000, 0x000000008d700000| Untracked 
| 216|0x000000008d800000, 0x000000008d800000, 0x000000008d900000|  0%| F|  |TAMS 0x000000008d800000, 0x000000008d800000| Untracked 
| 217|0x000000008d900000, 0x000000008d900000, 0x000000008da00000|  0%| F|  |TAMS 0x000000008d900000, 0x000000008d900000| Untracked 
| 218|0x000000008da00000, 0x000000008da00000, 0x000000008db00000|  0%| F|  |TAMS 0x000000008da00000, 0x000000008da00000| Untracked 
| 219|0x000000008db00000, 0x000000008db00000, 0x000000008dc00000|  0%| F|  |TAMS 0x000000008db00000, 0x000000008db00000| Untracked 
| 220|0x000000008dc00000, 0x000000008dc00000, 0x000000008dd00000|  0%| F|  |TAMS 0x000000008dc00000, 0x000000008dc00000| Untracked 
| 221|0x000000008dd00000, 0x000000008dd00000, 0x000000008de00000|  0%| F|  |TAMS 0x000000008dd00000, 0x000000008dd00000| Untracked 
| 222|0x000000008de00000, 0x000000008de00000, 0x000000008df00000|  0%| F|  |TAMS 0x000000008de00000, 0x000000008de00000| Untracked 
| 223|0x000000008df00000, 0x000000008df00000, 0x000000008e000000|  0%| F|  |TAMS 0x000000008df00000, 0x000000008df00000| Untracked 
| 224|0x000000008e000000, 0x000000008e000000, 0x000000008e100000|  0%| F|  |TAMS 0x000000008e000000, 0x000000008e000000| Untracked 
| 225|0x000000008e100000, 0x000000008e100000, 0x000000008e200000|  0%| F|  |TAMS 0x000000008e100000, 0x000000008e100000| Untracked 
| 226|0x000000008e200000, 0x000000008e200000, 0x000000008e300000|  0%| F|  |TAMS 0x000000008e200000, 0x000000008e200000| Untracked 
| 227|0x000000008e300000, 0x000000008e300000, 0x000000008e400000|  0%| F|  |TAMS 0x000000008e300000, 0x000000008e300000| Untracked 
| 228|0x000000008e400000, 0x000000008e400000, 0x000000008e500000|  0%| F|  |TAMS 0x000000008e400000, 0x000000008e400000| Untracked 
| 229|0x000000008e500000, 0x000000008e500000, 0x000000008e600000|  0%| F|  |TAMS 0x000000008e500000, 0x000000008e500000| Untracked 
| 230|0x000000008e600000, 0x000000008e600000, 0x000000008e700000|  0%| F|  |TAMS 0x000000008e600000, 0x000000008e600000| Untracked 
| 231|0x000000008e700000, 0x000000008e700000, 0x000000008e800000|  0%| F|  |TAMS 0x000000008e700000, 0x000000008e700000| Untracked 
| 232|0x000000008e800000, 0x000000008e800000, 0x000000008e900000|  0%| F|  |TAMS 0x000000008e800000, 0x000000008e800000| Untracked 
| 233|0x000000008e900000, 0x000000008e900000, 0x000000008ea00000|  0%| F|  |TAMS 0x000000008e900000, 0x000000008e900000| Untracked 
| 234|0x000000008ea00000, 0x000000008ea00000, 0x000000008eb00000|  0%| F|  |TAMS 0x000000008ea00000, 0x000000008ea00000| Untracked 
| 235|0x000000008eb00000, 0x000000008eb00000, 0x000000008ec00000|  0%| F|  |TAMS 0x000000008eb00000, 0x000000008eb00000| Untracked 
| 236|0x000000008ec00000, 0x000000008ec00000, 0x000000008ed00000|  0%| F|  |TAMS 0x000000008ec00000, 0x000000008ec00000| Untracked 
| 237|0x000000008ed00000, 0x000000008ed00000, 0x000000008ee00000|  0%| F|  |TAMS 0x000000008ed00000, 0x000000008ed00000| Untracked 
| 238|0x000000008ee00000, 0x000000008ee00000, 0x000000008ef00000|  0%| F|  |TAMS 0x000000008ee00000, 0x000000008ee00000| Untracked 
| 239|0x000000008ef00000, 0x000000008ef00000, 0x000000008f000000|  0%| F|  |TAMS 0x000000008ef00000, 0x000000008ef00000| Untracked 
| 240|0x000000008f000000, 0x000000008f000000, 0x000000008f100000|  0%| F|  |TAMS 0x000000008f000000, 0x000000008f000000| Untracked 
| 241|0x000000008f100000, 0x000000008f100000, 0x000000008f200000|  0%| F|  |TAMS 0x000000008f100000, 0x000000008f100000| Untracked 
| 242|0x000000008f200000, 0x000000008f200000, 0x000000008f300000|  0%| F|  |TAMS 0x000000008f200000, 0x000000008f200000| Untracked 
| 243|0x000000008f300000, 0x000000008f300000, 0x000000008f400000|  0%| F|  |TAMS 0x000000008f300000, 0x000000008f300000| Untracked 
| 244|0x000000008f400000, 0x000000008f400000, 0x000000008f500000|  0%| F|  |TAMS 0x000000008f400000, 0x000000008f400000| Untracked 
| 245|0x000000008f500000, 0x000000008f500000, 0x000000008f600000|  0%| F|  |TAMS 0x000000008f500000, 0x000000008f500000| Untracked 
| 246|0x000000008f600000, 0x000000008f600000, 0x000000008f700000|  0%| F|  |TAMS 0x000000008f600000, 0x000000008f600000| Untracked 
| 247|0x000000008f700000, 0x000000008f700000, 0x000000008f800000|  0%| F|  |TAMS 0x000000008f700000, 0x000000008f700000| Untracked 
| 248|0x000000008f800000, 0x000000008f800000, 0x000000008f900000|  0%| F|  |TAMS 0x000000008f800000, 0x000000008f800000| Untracked 
| 249|0x000000008f900000, 0x000000008f900000, 0x000000008fa00000|  0%| F|  |TAMS 0x000000008f900000, 0x000000008f900000| Untracked 
| 250|0x000000008fa00000, 0x000000008fa00000, 0x000000008fb00000|  0%| F|  |TAMS 0x000000008fa00000, 0x000000008fa00000| Untracked 
| 251|0x000000008fb00000, 0x000000008fb00000, 0x000000008fc00000|  0%| F|  |TAMS 0x000000008fb00000, 0x000000008fb00000| Untracked 
| 252|0x000000008fc00000, 0x000000008fc00000, 0x000000008fd00000|  0%| F|  |TAMS 0x000000008fc00000, 0x000000008fc00000| Untracked 
| 253|0x000000008fd00000, 0x000000008fd00000, 0x000000008fe00000|  0%| F|  |TAMS 0x000000008fd00000, 0x000000008fd00000| Untracked 
| 254|0x000000008fe00000, 0x000000008fe00000, 0x000000008ff00000|  0%| F|  |TAMS 0x000000008fe00000, 0x000000008fe00000| Untracked 
| 255|0x000000008ff00000, 0x000000008ff00000, 0x0000000090000000|  0%| F|  |TAMS 0x000000008ff00000, 0x000000008ff00000| Untracked 
| 256|0x0000000090000000, 0x0000000090000000, 0x0000000090100000|  0%| F|  |TAMS 0x0000000090000000, 0x0000000090000000| Untracked 
| 257|0x0000000090100000, 0x0000000090100000, 0x0000000090200000|  0%| F|  |TAMS 0x0000000090100000, 0x0000000090100000| Untracked 
| 258|0x0000000090200000, 0x0000000090200000, 0x0000000090300000|  0%| F|  |TAMS 0x0000000090200000, 0x0000000090200000| Untracked 
| 259|0x0000000090300000, 0x0000000090300000, 0x0000000090400000|  0%| F|  |TAMS 0x0000000090300000, 0x0000000090300000| Untracked 
| 260|0x0000000090400000, 0x0000000090400000, 0x0000000090500000|  0%| F|  |TAMS 0x0000000090400000, 0x0000000090400000| Untracked 
| 261|0x0000000090500000, 0x0000000090500000, 0x0000000090600000|  0%| F|  |TAMS 0x0000000090500000, 0x0000000090500000| Untracked 
| 262|0x0000000090600000, 0x0000000090600000, 0x0000000090700000|  0%| F|  |TAMS 0x0000000090600000, 0x0000000090600000| Untracked 
| 263|0x0000000090700000, 0x0000000090700000, 0x0000000090800000|  0%| F|  |TAMS 0x0000000090700000, 0x0000000090700000| Untracked 
| 264|0x0000000090800000, 0x0000000090800000, 0x0000000090900000|  0%| F|  |TAMS 0x0000000090800000, 0x0000000090800000| Untracked 
| 265|0x0000000090900000, 0x0000000090900000, 0x0000000090a00000|  0%| F|  |TAMS 0x0000000090900000, 0x0000000090900000| Untracked 
| 266|0x0000000090a00000, 0x0000000090a00000, 0x0000000090b00000|  0%| F|  |TAMS 0x0000000090a00000, 0x0000000090a00000| Untracked 
| 267|0x0000000090b00000, 0x0000000090b00000, 0x0000000090c00000|  0%| F|  |TAMS 0x0000000090b00000, 0x0000000090b00000| Untracked 
| 268|0x0000000090c00000, 0x0000000090c00000, 0x0000000090d00000|  0%| F|  |TAMS 0x0000000090c00000, 0x0000000090c00000| Untracked 
| 269|0x0000000090d00000, 0x0000000090d00000, 0x0000000090e00000|  0%| F|  |TAMS 0x0000000090d00000, 0x0000000090d00000| Untracked 
| 270|0x0000000090e00000, 0x0000000090e00000, 0x0000000090f00000|  0%| F|  |TAMS 0x0000000090e00000, 0x0000000090e00000| Untracked 
| 271|0x0000000090f00000, 0x0000000090f00000, 0x0000000091000000|  0%| F|  |TAMS 0x0000000090f00000, 0x0000000090f00000| Untracked 
| 272|0x0000000091000000, 0x0000000091000000, 0x0000000091100000|  0%| F|  |TAMS 0x0000000091000000, 0x0000000091000000| Untracked 
| 273|0x0000000091100000, 0x0000000091100000, 0x0000000091200000|  0%| F|  |TAMS 0x0000000091100000, 0x0000000091100000| Untracked 
| 274|0x0000000091200000, 0x0000000091200000, 0x0000000091300000|  0%| F|  |TAMS 0x0000000091200000, 0x0000000091200000| Untracked 
| 275|0x0000000091300000, 0x0000000091300000, 0x0000000091400000|  0%| F|  |TAMS 0x0000000091300000, 0x0000000091300000| Untracked 
| 276|0x0000000091400000, 0x0000000091400000, 0x0000000091500000|  0%| F|  |TAMS 0x0000000091400000, 0x0000000091400000| Untracked 
| 277|0x0000000091500000, 0x0000000091500000, 0x0000000091600000|  0%| F|  |TAMS 0x0000000091500000, 0x0000000091500000| Untracked 
| 278|0x0000000091600000, 0x0000000091600000, 0x0000000091700000|  0%| F|  |TAMS 0x0000000091600000, 0x0000000091600000| Untracked 
| 279|0x0000000091700000, 0x0000000091700000, 0x0000000091800000|  0%| F|  |TAMS 0x0000000091700000, 0x0000000091700000| Untracked 
| 280|0x0000000091800000, 0x0000000091800000, 0x0000000091900000|  0%| F|  |TAMS 0x0000000091800000, 0x0000000091800000| Untracked 
| 281|0x0000000091900000, 0x0000000091900000, 0x0000000091a00000|  0%| F|  |TAMS 0x0000000091900000, 0x0000000091900000| Untracked 
| 282|0x0000000091a00000, 0x0000000091a00000, 0x0000000091b00000|  0%| F|  |TAMS 0x0000000091a00000, 0x0000000091a00000| Untracked 
| 283|0x0000000091b00000, 0x0000000091b00000, 0x0000000091c00000|  0%| F|  |TAMS 0x0000000091b00000, 0x0000000091b00000| Untracked 
| 284|0x0000000091c00000, 0x0000000091c00000, 0x0000000091d00000|  0%| F|  |TAMS 0x0000000091c00000, 0x0000000091c00000| Untracked 
| 285|0x0000000091d00000, 0x0000000091d00000, 0x0000000091e00000|  0%| F|  |TAMS 0x0000000091d00000, 0x0000000091d00000| Untracked 
| 286|0x0000000091e00000, 0x0000000091e00000, 0x0000000091f00000|  0%| F|  |TAMS 0x0000000091e00000, 0x0000000091e00000| Untracked 
| 287|0x0000000091f00000, 0x0000000091f00000, 0x0000000092000000|  0%| F|  |TAMS 0x0000000091f00000, 0x0000000091f00000| Untracked 
| 288|0x0000000092000000, 0x0000000092000000, 0x0000000092100000|  0%| F|  |TAMS 0x0000000092000000, 0x0000000092000000| Untracked 
| 289|0x0000000092100000, 0x0000000092182080, 0x0000000092200000| 50%| E|  |TAMS 0x0000000092100000, 0x0000000092100000| Complete 
| 290|0x0000000092200000, 0x0000000092300000, 0x0000000092300000|100%| E|CS|TAMS 0x0000000092200000, 0x0000000092200000| Complete 
| 291|0x0000000092300000, 0x0000000092400000, 0x0000000092400000|100%| E|CS|TAMS 0x0000000092300000, 0x0000000092300000| Complete 
| 292|0x0000000092400000, 0x0000000092500000, 0x0000000092500000|100%| E|CS|TAMS 0x0000000092400000, 0x0000000092400000| Complete 
| 293|0x0000000092500000, 0x0000000092600000, 0x0000000092600000|100%| E|CS|TAMS 0x0000000092500000, 0x0000000092500000| Complete 
| 294|0x0000000092600000, 0x0000000092700000, 0x0000000092700000|100%| E|CS|TAMS 0x0000000092600000, 0x0000000092600000| Complete 
| 295|0x0000000092700000, 0x0000000092800000, 0x0000000092800000|100%| E|CS|TAMS 0x0000000092700000, 0x0000000092700000| Complete 
| 296|0x0000000092800000, 0x0000000092900000, 0x0000000092900000|100%| E|CS|TAMS 0x0000000092800000, 0x0000000092800000| Complete 
| 297|0x0000000092900000, 0x0000000092a00000, 0x0000000092a00000|100%| E|CS|TAMS 0x0000000092900000, 0x0000000092900000| Complete 
| 298|0x0000000092a00000, 0x0000000092b00000, 0x0000000092b00000|100%| E|CS|TAMS 0x0000000092a00000, 0x0000000092a00000| Complete 
| 299|0x0000000092b00000, 0x0000000092c00000, 0x0000000092c00000|100%| E|CS|TAMS 0x0000000092b00000, 0x0000000092b00000| Complete 
| 300|0x0000000092c00000, 0x0000000092d00000, 0x0000000092d00000|100%| E|CS|TAMS 0x0000000092c00000, 0x0000000092c00000| Complete 
| 301|0x0000000092d00000, 0x0000000092dc2260, 0x0000000092e00000| 75%| S|CS|TAMS 0x0000000092d00000, 0x0000000092d00000| Complete 
| 302|0x0000000092e00000, 0x0000000092f00000, 0x0000000092f00000|100%| S|CS|TAMS 0x0000000092e00000, 0x0000000092e00000| Complete 
| 303|0x0000000092f00000, 0x0000000093000000, 0x0000000093000000|100%| E|CS|TAMS 0x0000000092f00000, 0x0000000092f00000| Complete 
| 304|0x0000000093000000, 0x0000000093100000, 0x0000000093100000|100%| E|CS|TAMS 0x0000000093000000, 0x0000000093000000| Complete 
| 305|0x0000000093100000, 0x0000000093200000, 0x0000000093200000|100%| E|CS|TAMS 0x0000000093100000, 0x0000000093100000| Complete 
| 306|0x0000000093200000, 0x0000000093300000, 0x0000000093300000|100%| E|CS|TAMS 0x0000000093200000, 0x0000000093200000| Complete 
| 307|0x0000000093300000, 0x0000000093400000, 0x0000000093400000|100%| E|CS|TAMS 0x0000000093300000, 0x0000000093300000| Complete 
| 308|0x0000000093400000, 0x0000000093500000, 0x0000000093500000|100%| E|CS|TAMS 0x0000000093400000, 0x0000000093400000| Complete 

Card table byte_map: [0x000002a3cd180000,0x000002a3cd580000] _byte_map_base: 0x000002a3ccd80000

Marking Bits (Prev, Next): (CMBitMap*) 0x000002a3b55dcc70, (CMBitMap*) 0x000002a3b55dcc38
 Prev Bits: [0x000002a3cf980000, 0x000002a3d1980000)
 Next Bits: [0x000002a3cd980000, 0x000002a3cf980000)

Polling page: 0x000002a3b35b0000

Metaspace:

Usage:
  Non-class:    118.02 MB capacity,   115.42 MB ( 98%) used,     2.12 MB (  2%) free+waste,   492.94 KB ( <1%) overhead. 
      Class:     17.94 MB capacity,    16.49 MB ( 92%) used,     1.24 MB (  7%) free+waste,   215.94 KB (  1%) overhead. 
       Both:    135.96 MB capacity,   131.90 MB ( 97%) used,     3.36 MB (  2%) free+waste,   708.88 KB ( <1%) overhead. 

Virtual space:
  Non-class space:      120.00 MB reserved,     118.04 MB ( 98%) committed 
      Class space:        1.00 GB reserved,      17.95 MB (  2%) committed 
             Both:        1.12 GB reserved,     135.98 MB ( 12%) committed 

Chunk freelists:
   Non-Class:  2.38 KB
       Class:  0 bytes
        Both:  2.38 KB

CodeHeap 'non-profiled nmethods': size=120000Kb used=18205Kb max_used=18205Kb free=101794Kb
 bounds [0x000002a3c5520000, 0x000002a3c66f0000, 0x000002a3cca50000]
CodeHeap 'profiled nmethods': size=120000Kb used=47514Kb max_used=47514Kb free=72485Kb
 bounds [0x000002a3bdff0000, 0x000002a3c0e80000, 0x000002a3c5520000]
CodeHeap 'non-nmethods': size=5760Kb used=2480Kb max_used=2539Kb free=3279Kb
 bounds [0x000002a3bda50000, 0x000002a3bdce0000, 0x000002a3bdff0000]
 total_blobs=23878 nmethods=22745 adapters=1040
 compilation: enabled
              stopped_count=0, restarted_count=0
 full_count=0

Compilation events (10 events):
Event: 3873.161 Thread 0x000002a3d4ca4000 nmethod 26571 0x000002a3c0e60b10 code [0x000002a3c0e60d40, 0x000002a3c0e61688]
Event: 3873.161 Thread 0x000002a3d4ca4000 26572       3       com.google.common.collect.AbstractMapBasedMultimap::wrapList (33 bytes)
Event: 3873.161 Thread 0x000002a3d4ca4000 nmethod 26572 0x000002a3c0e61910 code [0x000002a3c0e61b00, 0x000002a3c0e620d8]
Event: 3873.161 Thread 0x000002a3d4ca4000 26567       3       com.google.common.collect.AbstractMapBasedMultimap$KeySet$1::next (26 bytes)
Event: 3873.161 Thread 0x000002a3d4ca4000 nmethod 26567 0x000002a3c0e62290 code [0x000002a3c0e62460, 0x000002a3c0e62838]
Event: 3873.161 Thread 0x000002a3d4ca4000 26573       3       org.gradle.internal.component.local.model.ComponentFileArtifactIdentifier::equals (63 bytes)
Event: 3873.162 Thread 0x000002a3d4ca4000 nmethod 26573 0x000002a3c0e62990 code [0x000002a3c0e62b80, 0x000002a3c0e630b8]
Event: 3873.164 Thread 0x000002a3d4ca0800 nmethod 26568 0x000002a3c66d6390 code [0x000002a3c66d6560, 0x000002a3c66d6a08]
Event: 3873.173 Thread 0x000002a3d4ca4000 26574       3       org.apache.xerces.dom.NodeImpl::setUserData (12 bytes)
Event: 3873.173 Thread 0x000002a3d4ca4000 nmethod 26574 0x000002a3c0e63210 code [0x000002a3c0e633c0, 0x000002a3c0e63658]

GC Heap History (10 events):
Event: 2897.349 GC heap before
{Heap before GC invocations=97 (full 0):
 garbage-first heap   total 263168K, used 190186K [0x0000000080000000, 0x0000000100000000)
  region size 1024K, 21 young (21504K), 2 survivors (2048K)
 Metaspace       used 134458K, capacity 138438K, committed 138736K, reserved 1169408K
  class space    used 16817K, capacity 18254K, committed 18380K, reserved 1048576K
}
Event: 2897.362 GC heap after
{Heap after GC invocations=98 (full 0):
 garbage-first heap   total 316416K, used 175477K [0x0000000080000000, 0x0000000100000000)
  region size 1024K, 5 young (5120K), 5 survivors (5120K)
 Metaspace       used 134458K, capacity 138438K, committed 138736K, reserved 1169408K
  class space    used 16817K, capacity 18254K, committed 18380K, reserved 1048576K
}
Event: 2898.092 GC heap before
{Heap before GC invocations=99 (full 0):
 garbage-first heap   total 316416K, used 246133K [0x0000000080000000, 0x0000000100000000)
  region size 1024K, 69 young (70656K), 5 survivors (5120K)
 Metaspace       used 134488K, capacity 138450K, committed 138736K, reserved 1169408K
  class space    used 16818K, capacity 18256K, committed 18380K, reserved 1048576K
}
Event: 2898.100 GC heap after
{Heap after GC invocations=100 (full 0):
 garbage-first heap   total 316416K, used 177237K [0x0000000080000000, 0x0000000100000000)
  region size 1024K, 6 young (6144K), 6 survivors (6144K)
 Metaspace       used 134488K, capacity 138450K, committed 138736K, reserved 1169408K
  class space    used 16818K, capacity 18256K, committed 18380K, reserved 1048576K
}
Event: 3872.913 GC heap before
{Heap before GC invocations=101 (full 0):
 garbage-first heap   total 316416K, used 248917K [0x0000000080000000, 0x0000000100000000)
  region size 1024K, 72 young (73728K), 6 survivors (6144K)
 Metaspace       used 134772K, capacity 138734K, committed 138992K, reserved 1169408K
  class space    used 16840K, capacity 18296K, committed 18380K, reserved 1048576K
}
Event: 3872.919 GC heap after
{Heap after GC invocations=102 (full 0):
 garbage-first heap   total 316416K, used 163770K [0x0000000080000000, 0x0000000100000000)
  region size 1024K, 5 young (5120K), 5 survivors (5120K)
 Metaspace       used 134772K, capacity 138734K, committed 138992K, reserved 1169408K
  class space    used 16840K, capacity 18296K, committed 18380K, reserved 1048576K
}
Event: 3873.033 GC heap before
{Heap before GC invocations=102 (full 0):
 garbage-first heap   total 316416K, used 172986K [0x0000000080000000, 0x0000000100000000)
  region size 1024K, 15 young (15360K), 5 survivors (5120K)
 Metaspace       used 134949K, capacity 139014K, committed 139248K, reserved 1171456K
  class space    used 16866K, capacity 18344K, committed 18380K, reserved 1048576K
}
Event: 3873.052 GC heap after
{Heap after GC invocations=103 (full 0):
 garbage-first heap   total 316416K, used 153846K [0x0000000080000000, 0x0000000100000000)
  region size 1024K, 2 young (2048K), 2 survivors (2048K)
 Metaspace       used 134949K, capacity 139014K, committed 139248K, reserved 1171456K
  class space    used 16866K, capacity 18344K, committed 18380K, reserved 1048576K
}
Event: 3873.078 GC heap before
{Heap before GC invocations=103 (full 0):
 garbage-first heap   total 316416K, used 158966K [0x0000000080000000, 0x0000000100000000)
  region size 1024K, 8 young (8192K), 2 survivors (2048K)
 Metaspace       used 135015K, capacity 139154K, committed 139248K, reserved 1171456K
  class space    used 16879K, capacity 18369K, committed 18380K, reserved 1048576K
}
Event: 3873.089 GC heap after
{Heap after GC invocations=104 (full 0):
 garbage-first heap   total 316416K, used 153785K [0x0000000080000000, 0x0000000100000000)
  region size 1024K, 2 young (2048K), 2 survivors (2048K)
 Metaspace       used 135015K, capacity 139154K, committed 139248K, reserved 1171456K
  class space    used 16879K, capacity 18369K, committed 18380K, reserved 1048576K
}

Deoptimization events (10 events):
Event: 2896.013 Thread 0x000002a3d8897000 Uncommon trap: reason=unstable_if action=reinterpret pc=0x000002a3c6294bb0 method=com.android.tools.r8.internal.PS0.getOrDefault(Ljava/lang/Object;Ljava/lang/Object;)Ljava/lang/Object; @ 7 c2
Event: 2896.043 Thread 0x000002a3e4c18000 Uncommon trap: reason=unstable_if action=reinterpret pc=0x000002a3c567d9b8 method=java.util.TimSort.mergeCollapse()V @ 92 c2
Event: 2896.309 Thread 0x000002a3d889c800 Uncommon trap: reason=speculate_class_check action=maybe_recompile pc=0x000002a3c62ecfb8 method=java.util.concurrent.ForkJoinTask.tryExternalHelp()I @ 14 c2
Event: 2896.318 Thread 0x000002a3d889c800 Uncommon trap: reason=speculate_class_check action=maybe_recompile pc=0x000002a3c62ecfb8 method=java.util.concurrent.ForkJoinTask.tryExternalHelp()I @ 14 c2
Event: 2896.664 Thread 0x000002a3d889c800 Uncommon trap: reason=profile_predicate action=maybe_recompile pc=0x000002a3c62fe744 method=com.android.tools.r8.graph.D2.d(Ljava/util/function/Predicate;)I @ 17 c2
Event: 2898.322 Thread 0x000002a3d8898800 Uncommon trap: reason=profile_predicate action=maybe_recompile pc=0x000002a3c5c90994 method=java.math.MutableBigInteger.add(Ljava/math/MutableBigInteger;)V @ 68 c2
Event: 2898.322 Thread 0x000002a3d8898800 Uncommon trap: reason=profile_predicate action=maybe_recompile pc=0x000002a3c5c90994 method=java.math.MutableBigInteger.add(Ljava/math/MutableBigInteger;)V @ 68 c2
Event: 2898.322 Thread 0x000002a3d8898800 Uncommon trap: reason=profile_predicate action=maybe_recompile pc=0x000002a3c5c90994 method=java.math.MutableBigInteger.add(Ljava/math/MutableBigInteger;)V @ 68 c2
Event: 2898.322 Thread 0x000002a3d8898800 Uncommon trap: reason=profile_predicate action=maybe_recompile pc=0x000002a3c5c90994 method=java.math.MutableBigInteger.add(Ljava/math/MutableBigInteger;)V @ 68 c2
Event: 3873.174 Thread 0x000002a3dbbe1000 Uncommon trap: reason=unstable_if action=reinterpret pc=0x000002a3c64b3244 method=org.apache.xerces.dom.NamedNodeMapImpl.findNamePoint(Ljava/lang/String;Ljava/lang/String;)I @ 81 c2

Classes redefined (0 events):
No events

Internal exceptions (10 events):
Event: 2898.374 Thread 0x000002a3df975800 Exception <a 'sun/nio/fs/WindowsException'{0x00000000932eddc8}> (0x00000000932eddc8) thrown at [./open/src/hotspot/share/prims/jni.cpp, line 611]
Event: 2898.374 Thread 0x000002a3df975800 Exception <a 'sun/nio/fs/WindowsException'{0x00000000932ee118}> (0x00000000932ee118) thrown at [./open/src/hotspot/share/prims/jni.cpp, line 611]
Event: 2898.374 Thread 0x000002a3df975800 Exception <a 'sun/nio/fs/WindowsException'{0x00000000932f06f0}> (0x00000000932f06f0) thrown at [./open/src/hotspot/share/prims/jni.cpp, line 611]
Event: 3872.810 Thread 0x000002a3dbbe1000 Exception <a 'sun/nio/fs/WindowsException'{0x000000008fe57f60}> (0x000000008fe57f60) thrown at [./open/src/hotspot/share/prims/jni.cpp, line 611]
Event: 3872.933 Thread 0x000002a3dbbe1000 Exception <a 'sun/nio/fs/WindowsException'{0x0000000093305610}> (0x0000000093305610) thrown at [./open/src/hotspot/share/prims/jni.cpp, line 611]
Event: 3872.941 Thread 0x000002a3dbbe1000 Exception <a 'sun/nio/fs/WindowsException'{0x00000000933a88f8}> (0x00000000933a88f8) thrown at [./open/src/hotspot/share/prims/jni.cpp, line 611]
Event: 3872.942 Thread 0x000002a3dbbe1000 Exception <a 'sun/nio/fs/WindowsException'{0x00000000933a9c80}> (0x00000000933a9c80) thrown at [./open/src/hotspot/share/prims/jni.cpp, line 611]
Event: 3872.942 Thread 0x000002a3dbbe1000 Exception <a 'sun/nio/fs/WindowsException'{0x00000000933ab058}> (0x00000000933ab058) thrown at [./open/src/hotspot/share/prims/jni.cpp, line 611]
Event: 3872.942 Thread 0x000002a3dbbe1000 Exception <a 'sun/nio/fs/WindowsException'{0x00000000933ac430}> (0x00000000933ac430) thrown at [./open/src/hotspot/share/prims/jni.cpp, line 611]
Event: 3873.174 Thread 0x000002a3dbbe1000 Implicit null exception at 0x000002a3c64b2a23 to 0x000002a3c64b3218

Events (10 events):
Event: 3872.977 Executing VM operation: RevokeBias done
Event: 3873.018 Thread 0x000002a3dbbe1000 DEOPT PACKING pc=0x000002a3c00718b0 sp=0x000000b2bf1f79b0
Event: 3873.018 Thread 0x000002a3dbbe1000 DEOPT UNPACKING pc=0x000002a3bda76dde sp=0x000000b2bf1f6ee8 mode 0
Event: 3873.032 Executing VM operation: G1CollectForAllocation
Event: 3873.052 Executing VM operation: G1CollectForAllocation done
Event: 3873.078 Executing VM operation: G1CollectForAllocation
Event: 3873.089 Executing VM operation: G1CollectForAllocation done
Event: 3873.174 Thread 0x000002a3dbbe1000 Uncommon trap: trap_request=0xffffff4d fr.pc=0x000002a3c64b3244 relative=0x0000000000000964
Event: 3873.174 Thread 0x000002a3dbbe1000 DEOPT PACKING pc=0x000002a3c64b3244 sp=0x000000b2bf1f7670
Event: 3873.174 Thread 0x000002a3dbbe1000 DEOPT UNPACKING pc=0x000002a3bda7662f sp=0x000000b2bf1f7600 mode 2


Dynamic libraries:
0x00007ff7b7a00000 - 0x00007ff7b7a0f000 	C:\Program Files\Java\jdk-11.0.11\bin\java.exe
0x00007ffe53f50000 - 0x00007ffe54145000 	C:\windows\SYSTEM32\ntdll.dll
0x00007ffe53e50000 - 0x00007ffe53f0e000 	C:\windows\System32\KERNEL32.DLL
0x00007ffe51900000 - 0x00007ffe51bc9000 	C:\windows\System32\KERNELBASE.dll
0x00007ffe51c60000 - 0x00007ffe51d60000 	C:\windows\System32\ucrtbase.dll
0x00007ffe3e4a0000 - 0x00007ffe3e4b8000 	C:\Program Files\Java\jdk-11.0.11\bin\jli.dll
0x00007ffe33f30000 - 0x00007ffe33f45000 	C:\Program Files\Java\jdk-11.0.11\bin\VCRUNTIME140.dll
0x00007ffe52400000 - 0x00007ffe524ac000 	C:\windows\System32\ADVAPI32.dll
0x00007ffe51fa0000 - 0x00007ffe5203e000 	C:\windows\System32\msvcrt.dll
0x00007ffe53580000 - 0x00007ffe5361b000 	C:\windows\System32\sechost.dll
0x00007ffe530e0000 - 0x00007ffe5320a000 	C:\windows\System32\RPCRT4.dll
0x00007ffe524b0000 - 0x00007ffe52651000 	C:\windows\System32\USER32.dll
0x00007ffe51c30000 - 0x00007ffe51c52000 	C:\windows\System32\win32u.dll
0x00007ffe41a70000 - 0x00007ffe41d0a000 	C:\windows\WinSxS\amd64_microsoft.windows.common-controls_6595b64144ccf1df_6.0.19041.1110_none_60b5254171f9507e\COMCTL32.dll
0x00007ffe533a0000 - 0x00007ffe533cb000 	C:\windows\System32\GDI32.dll
0x00007ffe51d60000 - 0x00007ffe51e6b000 	C:\windows\System32\gdi32full.dll
0x00007ffe51e70000 - 0x00007ffe51f0d000 	C:\windows\System32\msvcp_win.dll
0x00007ffe4c860000 - 0x00007ffe4c86a000 	C:\windows\SYSTEM32\VERSION.dll
0x00007ffe52f50000 - 0x00007ffe52f80000 	C:\windows\System32\IMM32.DLL
0x00007ffe0c280000 - 0x00007ffe0c31b000 	C:\Program Files\Java\jdk-11.0.11\bin\msvcp140.dll
0x00007ffde32f0000 - 0x00007ffde3dee000 	C:\Program Files\Java\jdk-11.0.11\bin\server\jvm.dll
0x00007ffe53690000 - 0x00007ffe53698000 	C:\windows\System32\PSAPI.DLL
0x00007ffe47950000 - 0x00007ffe47977000 	C:\windows\SYSTEM32\WINMM.dll
0x00007ffe2ec00000 - 0x00007ffe2ec09000 	C:\windows\SYSTEM32\WSOCK32.dll
0x00007ffe53620000 - 0x00007ffe5368b000 	C:\windows\System32\WS2_32.dll
0x00007ffe4f550000 - 0x00007ffe4f562000 	C:\windows\SYSTEM32\kernel.appcore.dll
0x00007ffe4d100000 - 0x00007ffe4d110000 	C:\Program Files\Java\jdk-11.0.11\bin\verify.dll
0x00007ffe4ac20000 - 0x00007ffe4ae04000 	C:\windows\SYSTEM32\DBGHELP.DLL
0x00007ffe498b0000 - 0x00007ffe498dc000 	C:\windows\SYSTEM32\dbgcore.DLL
0x00007ffe51f10000 - 0x00007ffe51f93000 	C:\windows\System32\bcryptPrimitives.dll
0x00007ffe31ea0000 - 0x00007ffe31ec8000 	C:\Program Files\Java\jdk-11.0.11\bin\java.dll
0x00007ffe3e680000 - 0x00007ffe3e68a000 	C:\Program Files\Java\jdk-11.0.11\bin\jimage.dll
0x00007ffe33f10000 - 0x00007ffe33f26000 	C:\Program Files\Java\jdk-11.0.11\bin\zip.dll
0x00007ffe52660000 - 0x00007ffe52d9f000 	C:\windows\System32\SHELL32.dll
0x00007ffe4f750000 - 0x00007ffe4fee0000 	C:\windows\SYSTEM32\windows.storage.dll
0x00007ffe520a0000 - 0x00007ffe523f5000 	C:\windows\System32\combase.dll
0x00007ffe510c0000 - 0x00007ffe510ec000 	C:\windows\SYSTEM32\Wldp.dll
0x00007ffe53030000 - 0x00007ffe530de000 	C:\windows\System32\SHCORE.dll
0x00007ffe52040000 - 0x00007ffe52095000 	C:\windows\System32\shlwapi.dll
0x00007ffe515b0000 - 0x00007ffe515cf000 	C:\windows\SYSTEM32\profapi.dll
0x00007ffe33cb0000 - 0x00007ffe33cc9000 	C:\Program Files\Java\jdk-11.0.11\bin\net.dll
0x00007ffe4c720000 - 0x00007ffe4c828000 	C:\windows\SYSTEM32\WINHTTP.dll
0x00007ffe50e20000 - 0x00007ffe50e8a000 	C:\windows\system32\mswsock.dll
0x00007ffe319c0000 - 0x00007ffe319d2000 	C:\Program Files\Java\jdk-11.0.11\bin\nio.dll
0x00007ffe12d10000 - 0x00007ffe12d37000 	C:\Gradle\bin\.gradle\native\e1d6ef7f7dcc3fd88c89a11ec53ec762bb8ba0a96d01ffa2cd45eb1d1d8dd5c5\windows-amd64\native-platform.dll
0x00007ffdf0b50000 - 0x00007ffdf0c94000 	C:\Gradle\bin\.gradle\native\5664cfc778a61ccfe75a443a1ab52a65af34e5dc3c78e0209fed803814484fcb\windows-amd64\native-platform-file-events.dll
0x00007ffe3e610000 - 0x00007ffe3e619000 	C:\Program Files\Java\jdk-11.0.11\bin\management.dll
0x00007ffe3e580000 - 0x00007ffe3e58b000 	C:\Program Files\Java\jdk-11.0.11\bin\management_ext.dll
0x00007ffe51020000 - 0x00007ffe51038000 	C:\windows\SYSTEM32\CRYPTSP.dll
0x00007ffe50730000 - 0x00007ffe50764000 	C:\windows\system32\rsaenh.dll
0x00007ffe51820000 - 0x00007ffe51847000 	C:\windows\System32\bcrypt.dll
0x00007ffe51570000 - 0x00007ffe5159e000 	C:\windows\SYSTEM32\USERENV.dll
0x00007ffe51010000 - 0x00007ffe5101c000 	C:\windows\SYSTEM32\CRYPTBASE.dll
0x00007ffe50ac0000 - 0x00007ffe50afb000 	C:\windows\SYSTEM32\IPHLPAPI.DLL
0x00007ffe53c00000 - 0x00007ffe53c08000 	C:\windows\System32\NSI.dll
0x00007ffe4abb0000 - 0x00007ffe4abc7000 	C:\windows\SYSTEM32\dhcpcsvc6.DLL
0x00007ffe4b280000 - 0x00007ffe4b29d000 	C:\windows\SYSTEM32\dhcpcsvc.DLL
0x00007ffe50b00000 - 0x00007ffe50bcc000 	C:\windows\SYSTEM32\DNSAPI.dll
0x00007ffe3e770000 - 0x00007ffe3e78e000 	C:\Users\Manuel\AppData\Local\Temp\native-platform15510981955811094834dir\native-platform.dll
0x00007ffe3e6c0000 - 0x00007ffe3e6c7000 	C:\Program Files\Java\jdk-11.0.11\bin\rmi.dll
0x00007ffe31720000 - 0x00007ffe31745000 	C:\Program Files\Java\jdk-11.0.11\bin\sunec.dll
0x00007ffdeb1a0000 - 0x00007ffdeb33a000 	C:\Program Files\Java\jdk-11.0.11\bin\awt.dll
0x00007ffe53d20000 - 0x00007ffe53ded000 	C:\windows\System32\OLEAUT32.dll
0x00007ffe4eeb0000 - 0x00007ffe4ef40000 	C:\windows\SYSTEM32\apphelp.dll
0x00007ffe4f340000 - 0x00007ffe4f36f000 	C:\windows\system32\DWMAPI.DLL
0x00007ffe4efa0000 - 0x00007ffe4f03e000 	C:\windows\system32\uxtheme.dll

dbghelp: loaded successfully - version: 4.0.5 - missing functions: none
symbol engine: initialized successfully - sym options: 0x614 - pdb path: .;C:\Program Files\Java\jdk-11.0.11\bin;C:\windows\SYSTEM32;C:\windows\WinSxS\amd64_microsoft.windows.common-controls_6595b64144ccf1df_6.0.19041.1110_none_60b5254171f9507e;C:\Program Files\Java\jdk-11.0.11\bin\server;C:\Gradle\bin\.gradle\native\e1d6ef7f7dcc3fd88c89a11ec53ec762bb8ba0a96d01ffa2cd45eb1d1d8dd5c5\windows-amd64;C:\Gradle\bin\.gradle\native\5664cfc778a61ccfe75a443a1ab52a65af34e5dc3c78e0209fed803814484fcb\windows-amd64;C:\Users\Manuel\AppData\Local\Temp\native-platform15510981955811094834dir

VM Arguments:
jvm_args: --add-opens=java.base/java.util=ALL-UNNAMED --add-opens=java.base/java.lang=ALL-UNNAMED --add-opens=java.base/java.lang.invoke=ALL-UNNAMED --add-opens=java.base/java.util=ALL-UNNAMED --add-opens=java.prefs/java.util.prefs=ALL-UNNAMED --add-opens=java.prefs/java.util.prefs=ALL-UNNAMED --add-opens=java.base/java.nio.charset=ALL-UNNAMED --add-opens=java.base/java.net=ALL-UNNAMED --add-opens=java.base/java.util.concurrent.atomic=ALL-UNNAMED -Xmx2048m -Dfile.encoding=UTF-8 -Duser.country=ES -Duser.language=es -Duser.variant 
java_command: org.gradle.launcher.daemon.bootstrap.GradleDaemon 7.2
java_class_path (initial): C:\Gradle\bin\.gradle\wrapper\dists\gradle-7.2-all\260hg96vuh6ex27h9vo47iv4d\gradle-7.2\lib\gradle-launcher-7.2.jar
Launcher Type: SUN_STANDARD

[Global flags]
     intx CICompilerCount                          = 4                                         {product} {ergonomic}
     uint ConcGCThreads                            = 2                                         {product} {ergonomic}
     uint G1ConcRefinementThreads                  = 8                                         {product} {ergonomic}
   size_t G1HeapRegionSize                         = 1048576                                   {product} {ergonomic}
    uintx GCDrainStackTargetSize                   = 64                                        {product} {ergonomic}
   size_t InitialHeapSize                          = 268435456                                 {product} {ergonomic}
   size_t MarkStackSize                            = 4194304                                   {product} {ergonomic}
   size_t MaxHeapSize                              = 2147483648                                {product} {command line}
   size_t MaxNewSize                               = 1287651328                                {product} {ergonomic}
   size_t MinHeapDeltaBytes                        = 1048576                                   {product} {ergonomic}
    uintx NonNMethodCodeHeapSize                   = 5836300                                {pd product} {ergonomic}
    uintx NonProfiledCodeHeapSize                  = 122910970                              {pd product} {ergonomic}
    uintx ProfiledCodeHeapSize                     = 122910970                              {pd product} {ergonomic}
    uintx ReservedCodeCacheSize                    = 251658240                              {pd product} {ergonomic}
     bool SegmentedCodeCache                       = true                                      {product} {ergonomic}
     bool UseCompressedClassPointers               = true                                 {lp64_product} {ergonomic}
     bool UseCompressedOops                        = true                                 {lp64_product} {ergonomic}
     bool UseG1GC                                  = true                                      {product} {ergonomic}
     bool UseLargePagesIndividualAllocation        = false                                  {pd product} {ergonomic}

Logging:
Log output configuration:
 #0: stdout all=warning uptime,level,tags
 #1: stderr all=off uptime,level,tags

Environment Variables:
JAVA_HOME=C:\Program Files\Java\jdk-11.0.11
PATH=C:\Program Files\Common Files\Oracle\Java\javapath;C:\Python38\Scripts\;C:\Python38\;C:\Program Files\Java\jdk-11.0.11\bin;C:\Program Files\Microsoft MPI\Bin\;C:\WINDOWS\system32;C:\WINDOWS;C:\WINDOWS\System32\Wbem;C:\WINDOWS\System32\WindowsPowerShell\v1.0\;C:\WINDOWS\System32\OpenSSH\;C:\Program Files (x86)\NVIDIA Corporation\PhysX\Common;C:\Program Files\Intel\WiFi\bin\;C:\Program Files\Common Files\Intel\WirelessCommon\;C:\Program Files\dotnet\;C:\Program Files\Microsoft SQL Server\Client SDK\ODBC\110\Tools\Binn\;C:\Program Files (x86)\Microsoft SQL Server\120\Tools\Binn\;C:\Program Files\Microsoft SQL Server\120\Tools\Binn\;C:\Program Files\Microsoft SQL Server\120\DTS\Binn\;C:\Program Files (x86)\Microsoft SQL Server\120\Tools\Binn\ManagementStudio\;C:\Program Files (x86)\Microsoft SQL Server\120\DTS\Binn\;C:\Program Files (x86)\Microsoft SQL Server\Client SDK\ODBC\130\Tools\Binn\;C:\Program Files (x86)\Microsoft SQL Server\140\Tools\Binn\;C:\Program Files (x86)\Microsoft SQL Server\140\DTS\Binn\;C:\Program Files (x86)\Microsoft SQL Server\140\Tools\Binn\ManagementStudio\;c:\Program Files (x86)\Microsoft SQL Server\90\Tools\binn\;C:\Program Files\PuTTY\;C:\windows\system32\config\systemprofile\.dnx\bin;C:\Program Files\Microsoft DNX\Dnvm\;C:\Program Files (x86)\Microsoft SQL Server\130\DTS\Binn\;C:\Program Files\Microsoft SQL Server\Client SDK\ODBC\130\Tools\Binn\;C:\Program Files (x86)\Microsoft SQL Server\110\DTS\Binn\;C:\Program Files (x86)\Microsoft SQL Server\150\DTS\Binn\;C:\Program Files (x86)\Microsoft SQL Server\130\Tools\Binn\;C:\Program Files\Microsoft SQL Server\130\Tools\Binn\;C:\Program Files\Microsoft SQL Server\130\DTS\Binn\;C:\Program Files\Microsoft SQL Server\Client SDK\ODBC\170\Tools\Binn\;C:\windows\system32;C:\windows;C:\windows\System32\Wbem;C:\windows\System32\WindowsPowerShell\v1.0\;C:\windows\System32\OpenSSH\;C:\Program Files\Git\cmd;C:\Program Files\nodejs\;C:\ProgramData\chocolatey\bin;C:\Program Files\nodejs\bin;C:\Program Files
USERNAME=Manuel
OS=Windows_NT
PROCESSOR_IDENTIFIER=Intel64 Family 6 Model 94 Stepping 3, GenuineIntel



---------------  S Y S T E M  ---------------

OS: Windows 10 , 64 bit Build 19041 (10.0.19041.1202)

CPU:total 8 (initial active 8) (4 cores per cpu, 2 threads per core) family 6 model 94 stepping 3 microcode 0xcc, cmov, cx8, fxsr, mmx, sse, sse2, sse3, ssse3, sse4.1, sse4.2, popcnt, avx, avx2, aes, clmul, erms, rtm, 3dnowpref, lzcnt, ht, tsc, tscinvbit, bmi1, bmi2, adx, fma

Memory: 4k page, system-wide physical 16292M (3640M free)
TotalPageFile size 32676M (AvailPageFile size 16723M)
current process WorkingSet (physical memory assigned to process): 663M, peak: 711M
current process commit charge ("private bytes"): 744M, peak: 757M

vm_info: Java HotSpot(TM) 64-Bit Server VM (11.0.11+9-LTS-194) for windows-amd64 JRE (11.0.11+9-LTS-194), built on Mar 18 2021 18:46:53 by "mach5one" with MS VC++ 15.9 (VS2017)

END.
